Log file open, 10/11/17 11:53:32
LogWindows: LoadLibraryWithSearchPaths failed for file aqProf.dll. GetLastError=0
LogWindows: LoadLibraryWithSearchPaths failed for file VtuneApi.dll. GetLastError=0
LogWindows: LoadLibraryWithSearchPaths failed for file VtuneApi32e.dll. GetLastError=0
LogInit: Display: Running engine for game: HatShot
LogPlatformFile: Not using cached read wrapper
LogInit: Display: RandInit(855609060) SRandInit(855609060).
LogTaskGraph: Started task graph with 5 named threads and 14 total threads with 3 sets of task threads.
LogStats: Stats thread started at 0.150051
LogD3D11RHI: Aftermath initialized
LogPluginManager: Mounting plugin Paper2D
LogPluginManager: Mounting plugin LightPropagationVolume
LogPluginManager: Mounting plugin CodeLiteSourceCodeAccess
LogPluginManager: Mounting plugin GitSourceControl
LogPluginManager: Mounting plugin KDevelopSourceCodeAccess
LogPluginManager: Mounting plugin NullSourceCodeAccess
LogPluginManager: Mounting plugin PerforceSourceControl
LogPluginManager: Mounting plugin SubversionSourceControl
LogPluginManager: Mounting plugin UObjectPlugin
LogPluginManager: Mounting plugin VisualStudioSourceCodeAccess
LogPluginManager: Mounting plugin XCodeSourceCodeAccess
LogPluginManager: Mounting plugin AssetManagerEditor
LogPluginManager: Mounting plugin AudioCapture
LogPluginManager: Mounting plugin FacialAnimation
LogPluginManager: Mounting plugin GameplayTagsEditor
LogPluginManager: Mounting plugin MobileLauncherProfileWizard
LogPluginManager: Mounting plugin PluginBrowser
LogPluginManager: Mounting plugin SpeedTreeImporter
LogPluginManager: Mounting plugin AlembicImporter
LogPluginManager: Mounting plugin CharacterAI
LogPluginManager: Mounting plugin HTML5Networking
LogPluginManager: Mounting plugin AndroidMedia
LogPluginManager: Mounting plugin AvfMedia
LogPluginManager: Mounting plugin MediaPlayerEditor
LogPluginManager: Mounting plugin WmfMedia
LogPluginManager: Mounting plugin TcpMessaging
LogPluginManager: Mounting plugin UdpMessaging
LogPluginManager: Mounting plugin LevelSequenceEditor
LogPluginManager: Mounting plugin MatineeToLevelSequence
LogPluginManager: Mounting plugin OnlineSubsystemGooglePlay
LogPluginManager: Mounting plugin OnlineSubsystemIOS
LogPluginManager: Mounting plugin OnlineSubsystem
LogPluginManager: Mounting plugin OnlineSubsystemNull
LogPluginManager: Mounting plugin OnlineSubsystemUtils
LogPluginManager: Mounting plugin AndroidDeviceProfileSelector
LogPluginManager: Mounting plugin AndroidMoviePlayer
LogPluginManager: Mounting plugin AndroidPermission
LogPluginManager: Mounting plugin AppleMoviePlayer
LogPluginManager: Mounting plugin ArchVisCharacter
LogPluginManager: Mounting plugin CableComponent
LogPluginManager: Mounting plugin CustomMeshComponent
LogPluginManager: Mounting plugin ExampleDeviceProfileSelector
LogPluginManager: Mounting plugin GoogleCloudMessaging
LogPluginManager: Mounting plugin ImmediatePhysics
LogPluginManager: Mounting plugin IOSDeviceProfileSelector
LogPluginManager: Mounting plugin LinuxDeviceProfileSelector
LogPluginManager: Mounting plugin LocationServicesBPLibrary
LogPluginManager: Mounting plugin MobilePatchingUtils
LogPluginManager: Mounting plugin OculusVR
LogPluginManager: Mounting plugin PhysXVehicles
LogPluginManager: Mounting plugin ProceduralMeshComponent
LogPluginManager: Mounting plugin RuntimePhysXCooking
LogPluginManager: Mounting plugin SteamVR
LogPluginManager: Mounting plugin WindowsMoviePlayer
LogInit: Using libcurl 7.47.1
LogInit:  - built for x86_64-pc-win32
LogInit:  - supports SSL with OpenSSL/1.0.2g
LogInit:  - supports HTTP deflate (compression) using libz 1.2.8
LogInit:  - other features:
LogInit:      CURL_VERSION_SSL
LogInit:      CURL_VERSION_LIBZ
LogInit:      CURL_VERSION_IPV6
LogInit:      CURL_VERSION_ASYNCHDNS
LogInit:      CURL_VERSION_LARGEFILE
LogInit:      CURL_VERSION_IDN
LogInit:  CurlRequestOptions (configurable via config and command line):
LogInit:  - bVerifyPeer = false  - Libcurl will NOT verify peer certificate
LogInit:  - bUseHttpProxy = false  - Libcurl will NOT use HTTP proxy
LogInit:  - bDontReuseConnections = false  - Libcurl will reuse connections
LogInit:  - CertBundlePath = nullptr  - Libcurl will use whatever was configured at build time.
LogInit: Build: ++UE4+Release-4.17-CL-3586342
LogInit: Engine Version: 4.17.1-3586342+++UE4+Release-4.17
LogInit: Compatible Engine Version: 4.17.0-3573198+++UE4+Release-4.17
LogInit: Net CL: 3573198
LogDevObjectVersion: Number of dev versions registered: 16
LogDevObjectVersion:   Dev-Blueprints (B0D832E4-1F89-4F0D-ACCF-7EB736FD4AA2): 10
LogDevObjectVersion:   Dev-Build (E1C64328-A22C-4D53-A36C-8E866417BD8C): 0
LogDevObjectVersion:   Dev-Core (375EC13C-06E4-48FB-B500-84F0262A717E): 2
LogDevObjectVersion:   Dev-Editor (E4B068ED-F494-42E9-A231-DA0B2E46BB41): 20
LogDevObjectVersion:   Dev-Framework (CFFC743F-43B0-4480-9391-14DF171D2073): 28
LogDevObjectVersion:   Dev-Mobile (B02B49B5-BB20-44E9-A304-32B752E40360): 0
LogDevObjectVersion:   Dev-Networking (A4E4105C-59A1-49B5-A7C5-40C4547EDFEE): 0
LogDevObjectVersion:   Dev-Online (39C831C9-5AE6-47DC-9A44-9C173E1C8E7C): 0
LogDevObjectVersion:   Dev-Physics (78F01B33-EBEA-4F98-B9B4-84EACCB95AA2): 0
LogDevObjectVersion:   Dev-Platform (6631380F-2D4D-43E0-8009-CF276956A95A): 0
LogDevObjectVersion:   Dev-Rendering (12F88B9F-8875-4AFC-A67C-D90C383ABD29): 19
LogDevObjectVersion:   Dev-Sequencer (7B5AE74C-D270-4C10-A958-57980B212A5A): 4
LogDevObjectVersion:   Dev-VR (D7296918-1DD6-4BDD-9DE2-64A83CC13884): 0
LogDevObjectVersion:   Dev-LoadTimes (C2A15278-BFE7-4AFE-6C17-90FF531DF755): 1
LogDevObjectVersion:   Private-Geometry (6EACA3D4-40EC-4CC1-B786-8BED09428FC5): 1
LogDevObjectVersion:   Dev-AnimPhys (29E575DD-E0A3-4627-9D10-D276232CDCEA): 7
LogInit: Compiled (64-bit): Aug 15 2017 02:05:26
LogInit: Compiled with Visual C++: 19.00.24215.01
LogInit: Build Configuration: Development
LogInit: Branch Name: ++UE4+Release-4.17
LogInit: Command line:  
LogInit: Base directory: C:/Program Files/Epic Games/UE_4.17/Engine/Binaries/Win64/
LogInit: Installed Engine Build: 1
LogInit: Presizing for max 8388607 objects, including 0 objects not considered by GC, pre-allocating 0 bytes for permanent pool.
LogInit: Object subsystem initialized
[2017.10.11-08.53.32:744][  0]LogInit: Selected Device Profile: [Windows]
[2017.10.11-08.53.32:744][  0]LogInit: Applying CVar settings loaded from the selected device profile: [Windows]
[2017.10.11-08.53.32:750][  0]LogInit: Computer: AOTA1-1L141-17D
[2017.10.11-08.53.32:750][  0]LogInit: User: JorisVer
[2017.10.11-08.53.32:750][  0]LogInit: CPU Page size=4096, Cores=4
[2017.10.11-08.53.32:750][  0]LogInit: High frequency timer resolution =3.328525 MHz
[2017.10.11-08.53.32:751][  0]LogMemory: Memory total: Physical=15.9GB (16GB approx)
[2017.10.11-08.53.32:751][  0]LogMemory: Platform Memory Stats for Windows
[2017.10.11-08.53.32:751][  0]LogMemory: Process Physical Memory: 281.95 MB used, 281.95 MB peak
[2017.10.11-08.53.32:751][  0]LogMemory: Process Virtual Memory: 281.13 MB used, 281.13 MB peak
[2017.10.11-08.53.32:751][  0]LogMemory: Physical Memory: 6225.03 MB used,  10039.27 MB free, 16264.30 MB total
[2017.10.11-08.53.32:751][  0]LogMemory: Virtual Memory: 660.85 MB used,  10039.27 MB free, 8388608.00 MB total
[2017.10.11-08.53.32:887][  0]LogInit: Using OS detected language (fi-FI).
[2017.10.11-08.53.32:887][  0]LogInit: Using OS detected locale (fi-FI).
[2017.10.11-08.53.32:889][  0]LogTextLocalizationManager: No localization for 'fi-FI' exists, so 'en' will be used for the language.
[2017.10.11-08.53.32:889][  0]LogTextLocalizationManager: No localization for 'fi-FI' exists, so 'en' will be used for the locale.
[2017.10.11-08.53.33:431][  0]LogD3D11RHI: D3D11 adapters:
[2017.10.11-08.53.33:447][  0]LogD3D11RHI:    0. 'NVIDIA GeForce GT 730' (Feature Level 11_0)
[2017.10.11-08.53.33:447][  0]LogD3D11RHI:       1994/0/7876 MB DedicatedVideo/DedicatedSystem/SharedSystem, Outputs:2, VendorId:0x10de
[2017.10.11-08.53.33:454][  0]LogD3D11RHI:    1. 'Intel(R) HD Graphics 530' (Feature Level 11_0)
[2017.10.11-08.53.33:454][  0]LogD3D11RHI:       192/0/1632 MB DedicatedVideo/DedicatedSystem/SharedSystem, Outputs:0, VendorId:0x8086
[2017.10.11-08.53.33:454][  0]LogD3D11RHI: Chosen D3D11 Adapter: 0
[2017.10.11-08.53.33:459][  0]LogD3D11RHI: Creating new Direct3DDevice
[2017.10.11-08.53.33:459][  0]LogD3D11RHI:     GPU DeviceId: 0x1287 (for the marketing name, search the web for "GPU Device Id")
[2017.10.11-08.53.33:459][  0]LogWindows: EnumDisplayDevices:
[2017.10.11-08.53.33:459][  0]LogWindows:    0. 'NVIDIA GeForce GT 730' (P:0 D:1)
[2017.10.11-08.53.33:459][  0]LogWindows:    1. 'NVIDIA GeForce GT 730' (P:1 D:1)
[2017.10.11-08.53.33:459][  0]LogWindows:    2. 'NVIDIA GeForce GT 730' (P:0 D:0)
[2017.10.11-08.53.33:459][  0]LogWindows:    3. 'NVIDIA GeForce GT 730' (P:0 D:0)
[2017.10.11-08.53.33:459][  0]LogWindows:    4. 'Intel(R) HD Graphics 530' (P:0 D:0)
[2017.10.11-08.53.33:459][  0]LogWindows:    5. 'Intel(R) HD Graphics 530' (P:0 D:0)
[2017.10.11-08.53.33:459][  0]LogWindows:    6. 'Intel(R) HD Graphics 530' (P:0 D:0)
[2017.10.11-08.53.33:460][  0]LogWindows:    7. 'RDPDD Chained DD' (P:0 D:0)
[2017.10.11-08.53.33:460][  0]LogWindows:    8. 'RDP Encoder Mirror Driver' (P:0 D:0)
[2017.10.11-08.53.33:460][  0]LogWindows:    9. 'RDP Reflector Display Driver' (P:0 D:0)
[2017.10.11-08.53.33:460][  0]LogWindows: DebugString: PrimaryIsNotTheChoosenAdapter PrimaryIsNotTheChoosenAdapter PrimaryIsNotTheChoosenAdapter GetVideoDriverDetailsInvalid PrimaryIsNotTheChoosenAdapter GetVideoDriverDetailsInvalid PrimaryIsNotTheChoosenAdapter GetVideoDriverDetailsInvalid PrimaryIsNotTheChoosenAdapter FoundDriverCount:4 
[2017.10.11-08.53.33:460][  0]LogD3D11RHI:     Adapter Name: NVIDIA GeForce GT 730
[2017.10.11-08.53.33:460][  0]LogD3D11RHI:   Driver Version: 372.90 (internal:21.21.13.7290, unified:372.90)
[2017.10.11-08.53.33:460][  0]LogD3D11RHI:      Driver Date: 9-16-2016
[2017.10.11-08.53.33:460][  0]LogRHI: Texture pool is 1361 MB (70% of 1945 MB)
[2017.10.11-08.53.33:467][  0]LogD3D11RHI: Async texture creation enabled
[2017.10.11-08.53.33:481][  0]LogD3D11RHI: GPU Timing Frequency: 1000.000000 (Debug: 2 2)
[2017.10.11-08.53.33:570][  0]LogShaderCompilers: Guid format shader working directory is -14 characters bigger than the processId version (../../../../../../Users/JorisVer/Desktop/SpaghettiArms/HatShot/Intermediate/Shaders/WorkingDirectory/11892/).
[2017.10.11-08.53.33:571][  0]LogShaderCompilers: Cleaned the shader compiler working directory 'C:/Users/JorisVer/AppData/Local/Temp/UnrealShaderWorkingDir/E8C8232048ADB830B6A148AB8AAC0DF5/'.
[2017.10.11-08.53.33:571][  0]LogShaderCompilers: Display: Using Local Shader Compiler.
[2017.10.11-08.53.34:314][  0]LogTemp: Display: Loaded TP AllDesktopTargetPlatform
[2017.10.11-08.53.34:354][  0]LogTemp: Display: Loaded TP MacClientTargetPlatform
[2017.10.11-08.53.34:394][  0]LogTemp: Display: Loaded TP MacNoEditorTargetPlatform
[2017.10.11-08.53.34:435][  0]LogTemp: Display: Loaded TP MacServerTargetPlatform
[2017.10.11-08.53.34:475][  0]LogTemp: Display: Loaded TP MacTargetPlatform
[2017.10.11-08.53.34:515][  0]LogTemp: Display: Loaded TP WindowsClientTargetPlatform
[2017.10.11-08.53.34:556][  0]LogTemp: Display: Loaded TP WindowsNoEditorTargetPlatform
[2017.10.11-08.53.34:595][  0]LogTemp: Display: Loaded TP WindowsServerTargetPlatform
[2017.10.11-08.53.34:630][  0]LogTemp: Display: Loaded TP WindowsTargetPlatform
[2017.10.11-08.53.34:668][  0]LogTemp: Display: Loaded TP AndroidTargetPlatform
[2017.10.11-08.53.34:707][  0]LogTemp: Display: Loaded TP Android_ASTCTargetPlatform
[2017.10.11-08.53.34:746][  0]LogTemp: Display: Loaded TP Android_ATCTargetPlatform
[2017.10.11-08.53.34:785][  0]LogTemp: Display: Loaded TP Android_DXTTargetPlatform
[2017.10.11-08.53.34:824][  0]LogTemp: Display: Loaded TP Android_ETC1TargetPlatform
[2017.10.11-08.53.34:863][  0]LogTemp: Display: Loaded TP Android_ETC2TargetPlatform
[2017.10.11-08.53.34:941][  0]LogTemp: Display: Loaded TP Android_MultiTargetPlatform
[2017.10.11-08.53.34:941][  0]LogTemp: Display: Loaded TP Android_PVRTCTargetPlatform
[2017.10.11-08.53.34:970][  0]LogTemp: Display: Loaded TP HTML5TargetPlatform
[2017.10.11-08.53.35:045][  0]LogTemp: Display: Loaded TP IOSTargetPlatform
[2017.10.11-08.53.35:067][  0]LogTemp: Display: Loaded TP TVOSTargetPlatform
[2017.10.11-08.53.35:107][  0]LogTemp: Display: Loaded TP LinuxClientTargetPlatform
[2017.10.11-08.53.35:145][  0]LogTemp: Display: Loaded TP LinuxNoEditorTargetPlatform
[2017.10.11-08.53.35:184][  0]LogTemp: Display: Loaded TP LinuxServerTargetPlatform
[2017.10.11-08.53.35:224][  0]LogTemp: Display: Loaded TP LinuxTargetPlatform
[2017.10.11-08.53.35:224][  0]LogTargetPlatformManager: Display: Building Assets For Windows
[2017.10.11-08.53.35:582][  0]LogDerivedDataCache: Display: Max Cache Size: 512 MB
[2017.10.11-08.53.35:658][  0]LogDerivedDataCache: Loaded boot cache 0.08s 93MB C:/Users/JorisVer/AppData/Local/UnrealEngine/4.17/DerivedDataCache/Boot.ddc.
[2017.10.11-08.53.35:658][  0]LogDerivedDataCache: Display: Loaded Boot cache: C:/Users/JorisVer/AppData/Local/UnrealEngine/4.17/DerivedDataCache/Boot.ddc
[2017.10.11-08.53.35:658][  0]LogDerivedDataCache: FDerivedDataBackendGraph:  Pak pak cache file ../../../../../../Users/JorisVer/Desktop/SpaghettiArms/HatShot/DerivedDataCache/DDC.ddp not found, will not use a pak cache.
[2017.10.11-08.53.35:658][  0]LogDerivedDataCache: Unable to find inner node Pak for hierarchical cache Hierarchy.
[2017.10.11-08.53.35:658][  0]LogDerivedDataCache: FDerivedDataBackendGraph:  CompressedPak pak cache file ../../../../../../Users/JorisVer/Desktop/SpaghettiArms/HatShot/DerivedDataCache/Compressed.ddp not found, will not use a pak cache.
[2017.10.11-08.53.35:658][  0]LogDerivedDataCache: Unable to find inner node CompressedPak for hierarchical cache Hierarchy.
[2017.10.11-08.53.35:673][  0]LogDerivedDataCache: Display: Pak cache opened for reading ../../../Engine/DerivedDataCache/Compressed.ddp.
[2017.10.11-08.53.35:684][  0]LogDerivedDataCache: Using Local data cache path C:/Users/JorisVer/AppData/Local/UnrealEngine/Common/DerivedDataCache: Writable
[2017.10.11-08.53.35:692][  0]LogMaterial: Verifying Global Shaders for PCD3D_SM5
[2017.10.11-08.53.35:693][  0]LogSlate: Using Freetype 2.6.0
[2017.10.11-08.53.35:693][  0]LogSlate: SlateFontCache - WITH_FREETYPE: 1, WITH_HARFBUZZ: 1
[2017.10.11-08.53.35:693][  0]LogSlate: SlateFontCache - WITH_FREETYPE: 1, WITH_HARFBUZZ: 1
[2017.10.11-08.53.35:902][  0]LogAssetRegistry: FAssetRegistry took 0.0243 seconds to start up
[2017.10.11-08.53.36:048][  0]LogInit: Selected Device Profile: [Windows]
[2017.10.11-08.53.36:053][  0]LogContentStreaming: Texture pool size is 0.00 MB
[2017.10.11-08.53.36:366][  0]LogSimplygon: Simplygon DLL not present - disabling.
[2017.10.11-08.53.36:400][  0]LogMeshReduction: Using SimplygonSwarm for distributed automatic mesh merging
[2017.10.11-08.53.36:400][  0]LogMeshReduction: Using QuadricMeshReduction for automatic static mesh reduction
[2017.10.11-08.53.36:400][  0]LogMeshReduction: No automatic skeletal mesh reduction module available
[2017.10.11-08.53.36:400][  0]LogMeshReduction: No automatic mesh merging module available
[2017.10.11-08.53.36:400][  0]LogMeshMerging: No automatic mesh merging module available
[2017.10.11-08.53.36:703][  0]LogNetVersion: HatShot , NetCL: 3573198, EngineNetVer: 2, GameNetVer: 0 (Checksum: 4232607195)
[2017.10.11-08.53.36:856][  0]LogPackageLocalizationCache: Processed 5 localized package path(s) for 1 prioritized culture(s) in 0.016919 seconds
[2017.10.11-08.53.36:861][  0]LogUObjectArray: 35825 objects as part of root set at end of initial load.
[2017.10.11-08.53.36:861][  0]LogUObjectAllocator: 7529104 out of 0 bytes used by permanent object pool.
[2017.10.11-08.53.36:861][  0]LogUObjectArray: CloseDisregardForGC: 0/0 objects in disregard for GC pool
[2017.10.11-08.53.36:906][  0]LogInit: WinSock: version 1.1 (2.2), MaxSocks=32767, MaxUdp=65467
[2017.10.11-08.53.38:907][  0]LogTcpMessaging: Initializing TcpMessaging bridge
[2017.10.11-08.53.38:937][  0]LogUdpMessaging: Initializing bridge on interface 0.0.0.0:0 to multicast group 230.0.0.1:6666.
[2017.10.11-08.53.39:456][  0]LogMaterial: Uniform references updated for custom material expression Custom.
[2017.10.11-08.53.39:779][  0]SourceControl: Source control is disabled
[2017.10.11-08.53.39:779][  0]SourceControl: Source control is disabled
[2017.10.11-08.53.39:815][  0]SourceControl: Source control is disabled
[2017.10.11-08.53.39:849][  0]SourceControl: Source control is disabled
[2017.10.11-08.53.40:268][  0]LogAndroidPermission: UAndroidPermissionCallbackProxy::GetInstance
[2017.10.11-08.53.40:444][  0]LogOcInput: OculusInput pre-init called
[2017.10.11-08.53.40:638][  0]LogEngine: Initializing Engine...
[2017.10.11-08.53.40:639][  0]LogHMD: Failed to initialize OpenVR with code 110
[2017.10.11-08.53.40:845][  0]LogStats: UGameplayTagsManager::ConstructGameplayTagTree: Construct from data asset -  0.000 s
[2017.10.11-08.53.40:845][  0]LogStats: UGameplayTagsManager::ConstructGameplayTagTree: GameplayTagTreeChangedEvent.Broadcast -  0.000 s
[2017.10.11-08.53.40:949][  0]LogAIModule: Creating AISystem for world Untitled
[2017.10.11-08.53.40:961][  0]LogInit: XAudio2 using 'Kaiuttimet (Realtek High Definition Audio)' : 2 channels at 48 kHz using 32 bits per sample (channel mask 0x3)
[2017.10.11-08.53.40:991][  0]LogInit: FAudioDevice initialized.
[2017.10.11-08.53.41:274][  0]LogDerivedDataCache: Saved boot cache 0.28s 93MB C:/Users/JorisVer/AppData/Local/UnrealEngine/4.17/DerivedDataCache/Boot.ddc.
[2017.10.11-08.53.41:298][  0]LogInit: Texture streaming: Enabled
[2017.10.11-08.53.41:387][  0]LogEngineSessionManager: EngineSessionManager initialized
[2017.10.11-08.53.41:552][  0]LogInit: Transaction tracking system initialized
[2017.10.11-08.53.41:787][  0]BlueprintLog: New page: Editor Load
[2017.10.11-08.53.42:450][  0]LocalizationService: Localization service is disabled
[2017.10.11-08.53.43:267][  0]LogConsoleResponse: Display: 
[2017.10.11-08.53.43:426][  0]LogCook: Display: Max memory allowance for cook 16384mb min free memory 0mb
[2017.10.11-08.53.43:426][  0]LogCook: Display: Mobile HDR setting 1
[2017.10.11-08.53.43:426][  0]LogGameplayTags: Display: UGameplayTagsManager::DoneAddingNativeTags. DelegateIsBound: 0
[2017.10.11-08.53.43:923][  0]LogFileCache: Scanning file cache for directory 'C:/Users/JorisVer/Desktop/SpaghettiArms/HatShot/Content/' took 0.01s
[2017.10.11-08.53.44:201][  0]SourceControl: Source control is disabled
[2017.10.11-08.53.44:314][  0]LogSlate: Took 0.000200 seconds to synchronously load lazily loaded font '../../../Engine/Content/Slate/Fonts/Roboto-Regular.ttf' (155K)
[2017.10.11-08.53.49:893][  0]LogWindowsTextInputMethodSystem: Display: IME system now deactivated.
[2017.10.11-08.53.49:900][  0]Cmd: MAP LOAD FILE="../../../../../../Users/JorisVer/Desktop/SpaghettiArms/HatShot/Content/Maps/NewMap.umap" TEMPLATE=0 SHOWPROGRESS=1 FEATURELEVEL=3
[2017.10.11-08.53.49:901][  0]LightingResults: New page: Lighting Build
[2017.10.11-08.53.49:960][  0]MapCheck: New page: Map Check
[2017.10.11-08.53.49:960][  0]LightingResults: New page: Lighting Build
[2017.10.11-08.53.50:163][  0]LogLinker: Warning: Can't find file '/Game/HUD/HUD_BaseWeapon'
[2017.10.11-08.53.50:163][  0]LogLinker: Warning: Can't find file for asset '/Game/HUD/HUD_BaseWeapon' while loading ../../../../../../Users/JorisVer/Desktop/SpaghettiArms/HatShot/Content/Blueprints/BP_BaseWeapon.uasset.
[2017.10.11-08.53.50:163][  0]LoadErrors: Error: /Game/Blueprints/BP_BaseWeapon : Can't find file for asset. /Game/HUD/HUD_BaseWeapon
[2017.10.11-08.53.50:166][  0]LogLinker: Warning: Can't find file '/Game/HUD/HUD_BaseWeapon'
[2017.10.11-08.53.50:166][  0]LogLinker: Warning: Can't find file for asset '/Game/HUD/HUD_BaseWeapon' while loading ../../../../../../Users/JorisVer/Desktop/SpaghettiArms/HatShot/Content/Blueprints/BP_BaseWeapon.uasset.
[2017.10.11-08.53.50:166][  0]LoadErrors: Error: /Game/Blueprints/BP_BaseWeapon : Can't find file for asset. /Game/HUD/HUD_BaseWeapon
[2017.10.11-08.53.50:176][  0]LogLinker: Warning: Can't find file '/Game/HUD/HUD_BaseWeapon'
[2017.10.11-08.53.50:176][  0]LogLinker: Warning: Can't find file for asset '/Game/HUD/HUD_BaseWeapon' while loading ../../../../../../Users/JorisVer/Desktop/SpaghettiArms/HatShot/Content/Blueprints/Player/BP_Controller.uasset.
[2017.10.11-08.53.50:176][  0]LoadErrors: Error: /Game/Blueprints/Player/BP_Controller : Can't find file for asset. /Game/HUD/HUD_BaseWeapon
[2017.10.11-08.53.50:176][  0]LogLinker: Warning: Can't find file '/Game/HUD/HUD_BaseWeapon'
[2017.10.11-08.53.50:176][  0]LogLinker: Warning: Can't find file for asset '/Game/HUD/HUD_BaseWeapon' while loading ../../../../../../Users/JorisVer/Desktop/SpaghettiArms/HatShot/Content/Blueprints/Player/BP_Controller.uasset.
[2017.10.11-08.53.50:176][  0]LoadErrors: Error: /Game/Blueprints/Player/BP_Controller : Can't find file for asset. /Game/HUD/HUD_BaseWeapon
[2017.10.11-08.53.50:176][  0]LogLinker: Warning: Can't find file '/Game/HUD/HUD_BaseWeapon'
[2017.10.11-08.53.50:176][  0]LogLinker: Warning: Can't find file for asset '/Game/HUD/HUD_BaseWeapon' while loading ../../../../../../Users/JorisVer/Desktop/SpaghettiArms/HatShot/Content/Blueprints/Player/BP_Controller.uasset.
[2017.10.11-08.53.50:176][  0]LoadErrors: Error: /Game/Blueprints/Player/BP_Controller : Can't find file for asset. /Game/HUD/HUD_BaseWeapon
[2017.10.11-08.53.50:177][  0]LogLinker: Warning: Can't find file '/Game/HUD/HUD_BaseWeapon'
[2017.10.11-08.53.50:177][  0]LoadErrors: Failed to load /Game/HUD/HUD_BaseWeapon.HUD_BaseWeapon_C Referenced by BP_BaseWeapon
[2017.10.11-08.53.50:177][  0]LogLinker: Warning: Can't find file for asset '/Game/HUD/HUD_BaseWeapon' while loading ../../../../../../Users/JorisVer/Desktop/SpaghettiArms/HatShot/Content/Blueprints/Player/BP_Controller.uasset.
[2017.10.11-08.53.50:177][  0]LoadErrors: Failed to load /Game/HUD/HUD_BaseWeapon.HUD_BaseWeapon_C Referenced by BP_BaseWeapon
[2017.10.11-08.53.50:177][  0]LoadErrors: Error: /Game/Blueprints/Player/BP_Controller : Can't find file for asset. /Game/HUD/HUD_BaseWeapon
[2017.10.11-08.53.50:182][  0]LogLinker: Warning: Can't find file '/Game/HUD/HUD_BaseWeapon'
[2017.10.11-08.53.50:182][  0]LoadErrors: Failed to load /Game/HUD/HUD_BaseWeapon.HUD_BaseWeapon_C Referenced by K2Node_CreateWidget_0
[2017.10.11-08.53.50:183][  0]LogLinker: Warning: Can't find file for asset '/Game/HUD/HUD_BaseWeapon' while loading ../../../../../../Users/JorisVer/Desktop/SpaghettiArms/HatShot/Content/Blueprints/Player/BP_Controller.uasset.
[2017.10.11-08.53.50:183][  0]LoadErrors: Failed to load /Game/HUD/HUD_BaseWeapon.HUD_BaseWeapon_C Referenced by K2Node_CreateWidget_0
[2017.10.11-08.53.50:183][  0]LoadErrors: Error: /Game/Blueprints/Player/BP_Controller : Can't find file for asset. /Game/HUD/HUD_BaseWeapon
[2017.10.11-08.53.50:183][  0]LogLinker: Warning: Can't find file '/Game/HUD/HUD_BaseWeapon'
[2017.10.11-08.53.50:183][  0]LoadErrors: Failed to load /Game/HUD/HUD_BaseWeapon.HUD_BaseWeapon_C Referenced by K2Node_CreateWidget_0
[2017.10.11-08.53.50:183][  0]LogLinker: Warning: Can't find file for asset '/Game/HUD/HUD_BaseWeapon' while loading ../../../../../../Users/JorisVer/Desktop/SpaghettiArms/HatShot/Content/Blueprints/Player/BP_Controller.uasset.
[2017.10.11-08.53.50:183][  0]LoadErrors: Failed to load /Game/HUD/HUD_BaseWeapon.HUD_BaseWeapon_C Referenced by K2Node_CreateWidget_0
[2017.10.11-08.53.50:183][  0]LoadErrors: Error: /Game/Blueprints/Player/BP_Controller : Can't find file for asset. /Game/HUD/HUD_BaseWeapon
[2017.10.11-08.53.50:183][  0]LogLinker: Warning: Can't find file '/Game/HUD/HUD_BaseWeapon'
[2017.10.11-08.53.50:183][  0]LoadErrors: Failed to load /Game/HUD/HUD_BaseWeapon.HUD_BaseWeapon_C Referenced by K2Node_VariableSet_1100
[2017.10.11-08.53.50:183][  0]LogLinker: Warning: Can't find file for asset '/Game/HUD/HUD_BaseWeapon' while loading ../../../../../../Users/JorisVer/Desktop/SpaghettiArms/HatShot/Content/Blueprints/Player/BP_Controller.uasset.
[2017.10.11-08.53.50:183][  0]LoadErrors: Failed to load /Game/HUD/HUD_BaseWeapon.HUD_BaseWeapon_C Referenced by K2Node_VariableSet_1100
[2017.10.11-08.53.50:183][  0]LoadErrors: Error: /Game/Blueprints/Player/BP_Controller : Can't find file for asset. /Game/HUD/HUD_BaseWeapon
[2017.10.11-08.53.50:183][  0]LogLinker: Warning: Can't find file '/Game/HUD/HUD_BaseWeapon'
[2017.10.11-08.53.50:183][  0]LoadErrors: Failed to load /Game/HUD/HUD_BaseWeapon.HUD_BaseWeapon_C Referenced by K2Node_VariableSet_1100
[2017.10.11-08.53.50:183][  0]LogLinker: Warning: Can't find file for asset '/Game/HUD/HUD_BaseWeapon' while loading ../../../../../../Users/JorisVer/Desktop/SpaghettiArms/HatShot/Content/Blueprints/Player/BP_Controller.uasset.
[2017.10.11-08.53.50:183][  0]LoadErrors: Failed to load /Game/HUD/HUD_BaseWeapon.HUD_BaseWeapon_C Referenced by K2Node_VariableSet_1100
[2017.10.11-08.53.50:183][  0]LoadErrors: Error: /Game/Blueprints/Player/BP_Controller : Can't find file for asset. /Game/HUD/HUD_BaseWeapon
[2017.10.11-08.53.50:184][  0]LogLinker: Warning: Can't find file '/Game/HUD/HUD_BaseWeapon'
[2017.10.11-08.53.50:184][  0]LoadErrors: Failed to load /Game/HUD/HUD_BaseWeapon.HUD_BaseWeapon_C Referenced by K2Node_CallFunction_222
[2017.10.11-08.53.50:184][  0]LogLinker: Warning: Can't find file for asset '/Game/HUD/HUD_BaseWeapon' while loading ../../../../../../Users/JorisVer/Desktop/SpaghettiArms/HatShot/Content/Blueprints/Player/BP_Controller.uasset.
[2017.10.11-08.53.50:184][  0]LoadErrors: Failed to load /Game/HUD/HUD_BaseWeapon.HUD_BaseWeapon_C Referenced by K2Node_CallFunction_222
[2017.10.11-08.53.50:184][  0]LoadErrors: Error: /Game/Blueprints/Player/BP_Controller : Can't find file for asset. /Game/HUD/HUD_BaseWeapon
[2017.10.11-08.53.50:184][  0]LogLinker: Warning: Can't find file '/Game/HUD/HUD_BaseWeapon'
[2017.10.11-08.53.50:184][  0]LoadErrors: Failed to load /Game/HUD/HUD_BaseWeapon.HUD_BaseWeapon_C Referenced by K2Node_CallFunction_222
[2017.10.11-08.53.50:184][  0]LogLinker: Warning: Can't find file for asset '/Game/HUD/HUD_BaseWeapon' while loading ../../../../../../Users/JorisVer/Desktop/SpaghettiArms/HatShot/Content/Blueprints/Player/BP_Controller.uasset.
[2017.10.11-08.53.50:184][  0]LoadErrors: Failed to load /Game/HUD/HUD_BaseWeapon.HUD_BaseWeapon_C Referenced by K2Node_CallFunction_222
[2017.10.11-08.53.50:184][  0]LoadErrors: Error: /Game/Blueprints/Player/BP_Controller : Can't find file for asset. /Game/HUD/HUD_BaseWeapon
[2017.10.11-08.53.50:185][  0]LogLinker: Warning: Can't find file '/Game/HUD/HUD_BaseWeapon'
[2017.10.11-08.53.50:185][  0]LoadErrors: Failed to load /Game/HUD/HUD_BaseWeapon.HUD_BaseWeapon_C Referenced by K2Node_Knot_2
[2017.10.11-08.53.50:185][  0]LogLinker: Warning: Can't find file for asset '/Game/HUD/HUD_BaseWeapon' while loading ../../../../../../Users/JorisVer/Desktop/SpaghettiArms/HatShot/Content/Blueprints/Player/BP_Controller.uasset.
[2017.10.11-08.53.50:185][  0]LoadErrors: Failed to load /Game/HUD/HUD_BaseWeapon.HUD_BaseWeapon_C Referenced by K2Node_Knot_2
[2017.10.11-08.53.50:185][  0]LoadErrors: Error: /Game/Blueprints/Player/BP_Controller : Can't find file for asset. /Game/HUD/HUD_BaseWeapon
[2017.10.11-08.53.50:185][  0]LogLinker: Warning: Can't find file '/Game/HUD/HUD_BaseWeapon'
[2017.10.11-08.53.50:185][  0]LoadErrors: Failed to load /Game/HUD/HUD_BaseWeapon.HUD_BaseWeapon_C Referenced by K2Node_Knot_2
[2017.10.11-08.53.50:185][  0]LogLinker: Warning: Can't find file for asset '/Game/HUD/HUD_BaseWeapon' while loading ../../../../../../Users/JorisVer/Desktop/SpaghettiArms/HatShot/Content/Blueprints/Player/BP_Controller.uasset.
[2017.10.11-08.53.50:185][  0]LoadErrors: Failed to load /Game/HUD/HUD_BaseWeapon.HUD_BaseWeapon_C Referenced by K2Node_Knot_2
[2017.10.11-08.53.50:185][  0]LoadErrors: Error: /Game/Blueprints/Player/BP_Controller : Can't find file for asset. /Game/HUD/HUD_BaseWeapon
[2017.10.11-08.53.50:185][  0]LogLinker: Warning: Can't find file '/Game/HUD/HUD_BaseWeapon'
[2017.10.11-08.53.50:185][  0]LoadErrors: Failed to load /Game/HUD/HUD_BaseWeapon.HUD_BaseWeapon_C Referenced by K2Node_Knot_3
[2017.10.11-08.53.50:185][  0]LogLinker: Warning: Can't find file for asset '/Game/HUD/HUD_BaseWeapon' while loading ../../../../../../Users/JorisVer/Desktop/SpaghettiArms/HatShot/Content/Blueprints/Player/BP_Controller.uasset.
[2017.10.11-08.53.50:185][  0]LoadErrors: Failed to load /Game/HUD/HUD_BaseWeapon.HUD_BaseWeapon_C Referenced by K2Node_Knot_3
[2017.10.11-08.53.50:185][  0]LoadErrors: Error: /Game/Blueprints/Player/BP_Controller : Can't find file for asset. /Game/HUD/HUD_BaseWeapon
[2017.10.11-08.53.50:185][  0]LogLinker: Warning: Can't find file '/Game/HUD/HUD_BaseWeapon'
[2017.10.11-08.53.50:185][  0]LoadErrors: Failed to load /Game/HUD/HUD_BaseWeapon.HUD_BaseWeapon_C Referenced by K2Node_Knot_3
[2017.10.11-08.53.50:185][  0]LogLinker: Warning: Can't find file for asset '/Game/HUD/HUD_BaseWeapon' while loading ../../../../../../Users/JorisVer/Desktop/SpaghettiArms/HatShot/Content/Blueprints/Player/BP_Controller.uasset.
[2017.10.11-08.53.50:185][  0]LoadErrors: Failed to load /Game/HUD/HUD_BaseWeapon.HUD_BaseWeapon_C Referenced by K2Node_Knot_3
[2017.10.11-08.53.50:186][  0]LoadErrors: Error: /Game/Blueprints/Player/BP_Controller : Can't find file for asset. /Game/HUD/HUD_BaseWeapon
[2017.10.11-08.53.50:195][  0]LogBlueprint: Error: [Compiler BP_BaseWeapon] Spawn node  Create Widget  must have a class specified.
[2017.10.11-08.53.50:196][  0]LogBlueprint: Error: [Compiler BP_BaseWeapon] In use pin  <Unnamed>  no longer exists on this node. Please refresh node or break links to remove pin.
[2017.10.11-08.53.50:196][  0]LogBlueprint: Error: [Compiler BP_BaseWeapon] In use pin  <Unnamed>  no longer exists on this node. Please refresh node or break links to remove pin.
[2017.10.11-08.53.50:196][  0]LogBlueprint: Error: [Compiler BP_BaseWeapon] In use pin  Target  no longer exists on this node. Please refresh node or break links to remove pin.
[2017.10.11-08.53.50:196][  0]LogBlueprint: Error: [Compiler BP_BaseWeapon] In use pin  Weapon  no longer exists on this node. Please refresh node or break links to remove pin.
[2017.10.11-08.53.50:196][  0]LogBlueprint: Error: [Compiler BP_BaseWeapon] Could not find a function named "SetWeapon" in 'BP_BaseWeapon'.
Make sure 'BP_BaseWeapon' has been compiled for  Set Weapon
[2017.10.11-08.53.50:196][  0]LogBlueprint: Error: [Compiler BP_BaseWeapon] In use pin  HUD Ref  no longer exists on this node. Please refresh node or break links to remove pin.
[2017.10.11-08.53.50:196][  0]LogBlueprint: Error: [Compiler BP_BaseWeapon] In use pin  <Unnamed>  no longer exists on this node. Please refresh node or break links to remove pin.
[2017.10.11-08.53.50:199][  0]LogBlueprint: Warning: [Compiler BP_BaseWeapon] [0018.73] Compile of BP_BaseWeapon failed. 8 Fatal Issue(s) 0 Warning(s) [in 11 ms] (/Game/Blueprints/BP_BaseWeapon.BP_BaseWeapon)
[2017.10.11-08.53.50:420][  0]LogAIModule: Creating AISystem for world NewMap
[2017.10.11-08.53.50:425][  0]LogEditorServer: Finished looking for orphan Actors (0.000 secs)
[2017.10.11-08.53.50:439][  0]Cmd: MAP CHECKDEP NOCLEARLOG
[2017.10.11-08.53.50:478][  0]MapCheck: Map check complete: 0 Error(s), 0 Warning(s), took 39.521ms to complete.
[2017.10.11-08.53.50:478][  0]LogFileHelpers: Loading map 'NewMap' took 0.579
[2017.10.11-08.53.50:560][  0]LogStats: Warning: MetaData mismatch. Did you assign a stat to two groups? New //STATGROUP_Threads//SplashScreenThread///Thread_2200_0///####STATCAT_Advanced#### old //STATGROUP_Threads//SplashScreenThread///Thread_2d74_0///####STATCAT_Advanced####
[2017.10.11-08.53.50:560][  0]LogCollectionManager: Loaded 0 collections in 0.001311 seconds
[2017.10.11-08.53.50:630][  0]LogFileCache: Scanning file cache for directory 'C:/Users/JorisVer/Desktop/SpaghettiArms/HatShot/Saved/Collections/' took 0.01s
[2017.10.11-08.53.50:630][  0]LogFileCache: Scanning file cache for directory 'C:/Users/JorisVer/Desktop/SpaghettiArms/HatShot/Content/Developers/JorisVer/Collections/' took 0.01s
[2017.10.11-08.53.50:630][  0]LogFileCache: Scanning file cache for directory 'C:/Users/JorisVer/Desktop/SpaghettiArms/HatShot/Content/Collections/' took 0.01s
[2017.10.11-08.53.50:630][  0]LogCollectionManager: Rebuilt the GUID cache for 0 collections in 0.000001 seconds
[2017.10.11-08.53.50:637][  0]LogContentBrowser: Native class hierarchy populated in 0.0069 seconds. Added 2386 classes and 500 folders.
[2017.10.11-08.53.50:686][  0]LogContentBrowser: Native class hierarchy updated for 'WidgetCarousel' in 0.0006 seconds. Added 0 classes and 0 folders.
[2017.10.11-08.53.50:715][  0]LogContentBrowser: Native class hierarchy updated for 'AddContentDialog' in 0.0005 seconds. Added 0 classes and 0 folders.
[2017.10.11-08.53.50:748][  0]LogContentBrowser: Native class hierarchy updated for 'SceneOutliner' in 0.0005 seconds. Added 1 classes and 2 folders.
[2017.10.11-08.53.50:803][  0]LogSlate: Took 0.000129 seconds to synchronously load lazily loaded font '../../../Engine/Content/Slate/Fonts/Roboto-Bold.ttf' (160K)
[2017.10.11-08.53.50:807][  0]LogSlate: Took 0.000108 seconds to synchronously load lazily loaded font '../../../Engine/Content/Editor/Slate/Fonts/FontAwesome.ttf' (139K)
[2017.10.11-08.53.50:898][  0]LogRenderer: Reallocating scene render targets to support 1208x552 Format 9 NumSamples 1 (Frame:1).
[2017.10.11-08.53.50:934][  0]LogSlate: Took 0.000099 seconds to synchronously load lazily loaded font '../../../Engine/Content/Slate/Fonts/Roboto-Light.ttf' (159K)
[2017.10.11-08.53.51:043][  0]LogContentBrowser: Native class hierarchy updated for 'HierarchicalLODOutliner' in 0.0005 seconds. Added 1 classes and 2 folders.
[2017.10.11-08.53.51:044][  0]LogLoad: (Engine Initialization) Total time: 19.57 seconds
[2017.10.11-08.53.51:044][  0]LogLoad: (Engine Initialization) Total Blueprint compile time: 0.00 seconds
[2017.10.11-08.53.51:044][  0]LogExternalProfiler: Found external profiler: VSPerf
[2017.10.11-08.53.51:044][  0]LogExternalProfiler: Using external profiler: VSPerf
[2017.10.11-08.53.51:073][  0]LogAssetRegistry: Asset discovery search completed in 15.1901 seconds
[2017.10.11-08.53.51:075][  0]LogCollectionManager: Rebuilt the object cache for 0 collections in 0.000000 seconds (found 0 objects)
[2017.10.11-08.53.51:075][  0]LogCollectionManager: Fixed up redirectors for 0 collections in 0.000032 seconds (updated 0 objects)
[2017.10.11-08.53.51:075][  0]LogContentStreaming: Texture pool size now 800 MB
[2017.10.11-08.53.52:071][108]LogSlate: Took 0.000195 seconds to synchronously load lazily loaded font '../../../Engine/Content/Slate/Fonts/Roboto-Light.ttf' (159K)
[2017.10.11-08.54.08:588][955]LogTemp: Repeating last play command: New Editor Window (PIE)
[2017.10.11-08.54.08:625][955]LogPlayLevel: PlayLevel: No blueprints needed recompiling
[2017.10.11-08.54.22:549][953]LogSlate: Took 0.000175 seconds to synchronously load lazily loaded font '../../../Engine/Content/Slate/Fonts/Roboto-Light.ttf' (159K)
[2017.10.11-08.54.22:944][953]LogContentBrowser: Native class hierarchy updated for 'BlueprintGraph' in 0.0008 seconds. Added 113 classes and 0 folders.
[2017.10.11-08.54.23:468][953]LogSlate: Took 0.000098 seconds to synchronously load lazily loaded font '../../../Engine/Content/Slate/Fonts/Roboto-Regular.ttf' (155K)
[2017.10.11-08.54.23:578][953]LogSlate: Took 0.000146 seconds to synchronously load lazily loaded font '../../../Engine/Content/Editor/Slate/Fonts/Roboto-BoldCondensed.ttf' (158K)
[2017.10.11-08.54.28:324][158]LogScript: Warning: Accessed None trying to read property myCharacter_Ref
	BP_Controller_C /Engine/Transient.World_5:PersistentLevel.BP_Controller_C_0
	Function /Game/Blueprints/Player/BP_Controller.BP_Controller_C:ExecuteUbergraph_BP_Controller:07E3
[2017.10.11-08.54.28:324][158]LogScript: Warning: Accessed None trying to read property myCharacter_Ref
	BP_Controller_C /Engine/Transient.World_5:PersistentLevel.BP_Controller_C_0
	Function /Game/Blueprints/Player/BP_Controller.BP_Controller_C:ExecuteUbergraph_BP_Controller:0725
[2017.10.11-08.54.28:324][158]LogScript: Warning: Accessed None trying to read property myCharacter_Ref
	BP_Controller_C /Engine/Transient.World_5:PersistentLevel.BP_Controller_C_0
	Function /Game/Blueprints/Player/BP_Controller.BP_Controller_C:ExecuteUbergraph_BP_Controller:05F8
[2017.10.11-08.54.28:325][158]LogScript: Warning: Accessed None trying to read property myCharacter_Ref
	BP_Controller_C /Engine/Transient.World_5:PersistentLevel.BP_Controller_C_0
	Function /Game/Blueprints/Player/BP_Controller.BP_Controller_C:ExecuteUbergraph_BP_Controller:05C6
[2017.10.11-08.54.28:325][158]LogScript: Warning: Accessed None trying to read property myCharacter_Ref
	BP_Controller_C /Engine/Transient.World_5:PersistentLevel.BP_Controller_C_0
	Function /Game/Blueprints/Player/BP_Controller.BP_Controller_C:ExecuteUbergraph_BP_Controller:0B67
[2017.10.11-08.54.28:325][158]LogScript: Warning: Accessed None trying to read property myCharacter_Ref
	BP_Controller_C /Engine/Transient.World_5:PersistentLevel.BP_Controller_C_0
	Function /Game/Blueprints/Player/BP_Controller.BP_Controller_C:ExecuteUbergraph_BP_Controller:0B95
[2017.10.11-08.54.28:511][159]LogScript: Warning: Accessed None trying to read property myCharacter_Ref
	BP_Controller_C /Engine/Transient.World_5:PersistentLevel.BP_Controller_C_0
	Function /Game/Blueprints/Player/BP_Controller.BP_Controller_C:ExecuteUbergraph_BP_Controller:07E3
[2017.10.11-08.54.28:511][159]LogScript: Warning: Accessed None trying to read property myCharacter_Ref
	BP_Controller_C /Engine/Transient.World_5:PersistentLevel.BP_Controller_C_0
	Function /Game/Blueprints/Player/BP_Controller.BP_Controller_C:ExecuteUbergraph_BP_Controller:0725
[2017.10.11-08.54.28:512][159]LogScript: Warning: Accessed None trying to read property myCharacter_Ref
	BP_Controller_C /Engine/Transient.World_5:PersistentLevel.BP_Controller_C_0
	Function /Game/Blueprints/Player/BP_Controller.BP_Controller_C:ExecuteUbergraph_BP_Controller:05F8
[2017.10.11-08.54.28:512][159]LogScript: Warning: Accessed None trying to read property myCharacter_Ref
	BP_Controller_C /Engine/Transient.World_5:PersistentLevel.BP_Controller_C_0
	Function /Game/Blueprints/Player/BP_Controller.BP_Controller_C:ExecuteUbergraph_BP_Controller:05C6
[2017.10.11-08.54.28:512][159]LogScript: Warning: Accessed None trying to read property myCharacter_Ref
	BP_Controller_C /Engine/Transient.World_5:PersistentLevel.BP_Controller_C_0
	Function /Game/Blueprints/Player/BP_Controller.BP_Controller_C:ExecuteUbergraph_BP_Controller:0B67
[2017.10.11-08.54.28:512][159]LogScript: Warning: Accessed None trying to read property myCharacter_Ref
	BP_Controller_C /Engine/Transient.World_5:PersistentLevel.BP_Controller_C_0
	Function /Game/Blueprints/Player/BP_Controller.BP_Controller_C:ExecuteUbergraph_BP_Controller:0B95
[2017.10.11-08.54.28:515][159]LogSlate: Took 0.000201 seconds to synchronously load lazily loaded font '../../../Engine/Content/Editor/Slate/Fonts/Roboto-Italic.ttf' (157K)
[2017.10.11-08.54.28:546][160]LogScript: Warning: Accessed None trying to read property myCharacter_Ref
	BP_Controller_C /Engine/Transient.World_5:PersistentLevel.BP_Controller_C_0
	Function /Game/Blueprints/Player/BP_Controller.BP_Controller_C:ExecuteUbergraph_BP_Controller:07E3
[2017.10.11-08.54.28:546][160]LogScript: Warning: Accessed None trying to read property myCharacter_Ref
	BP_Controller_C /Engine/Transient.World_5:PersistentLevel.BP_Controller_C_0
	Function /Game/Blueprints/Player/BP_Controller.BP_Controller_C:ExecuteUbergraph_BP_Controller:0725
[2017.10.11-08.54.28:546][160]LogScript: Warning: Accessed None trying to read property myCharacter_Ref
	BP_Controller_C /Engine/Transient.World_5:PersistentLevel.BP_Controller_C_0
	Function /Game/Blueprints/Player/BP_Controller.BP_Controller_C:ExecuteUbergraph_BP_Controller:05F8
[2017.10.11-08.54.28:546][160]LogScript: Warning: Accessed None trying to read property myCharacter_Ref
	BP_Controller_C /Engine/Transient.World_5:PersistentLevel.BP_Controller_C_0
	Function /Game/Blueprints/Player/BP_Controller.BP_Controller_C:ExecuteUbergraph_BP_Controller:05C6
[2017.10.11-08.54.28:546][160]LogScript: Warning: Accessed None trying to read property myCharacter_Ref
	BP_Controller_C /Engine/Transient.World_5:PersistentLevel.BP_Controller_C_0
	Function /Game/Blueprints/Player/BP_Controller.BP_Controller_C:ExecuteUbergraph_BP_Controller:0B67
[2017.10.11-08.54.36:943][679]BlueprintLog: New page: Compile BP_Character
[2017.10.11-08.54.37:026][679]LogBlueprint: Error: [Compiler BP_BaseWeapon] Spawn node  Create Widget  must have a class specified.
[2017.10.11-08.54.37:026][679]LogBlueprint: Error: [Compiler BP_BaseWeapon] In use pin  <Unnamed>  no longer exists on this node. Please refresh node or break links to remove pin.
[2017.10.11-08.54.37:027][679]LogBlueprint: Error: [Compiler BP_BaseWeapon] In use pin  <Unnamed>  no longer exists on this node. Please refresh node or break links to remove pin.
[2017.10.11-08.54.37:027][679]LogBlueprint: Error: [Compiler BP_BaseWeapon] In use pin  Target  no longer exists on this node. Please refresh node or break links to remove pin.
[2017.10.11-08.54.37:027][679]LogBlueprint: Error: [Compiler BP_BaseWeapon] In use pin  Weapon  no longer exists on this node. Please refresh node or break links to remove pin.
[2017.10.11-08.54.37:027][679]LogBlueprint: Error: [Compiler BP_BaseWeapon] Could not find a function named "SetWeapon" in 'BP_BaseWeapon'.
Make sure 'BP_BaseWeapon' has been compiled for  Set Weapon
[2017.10.11-08.54.37:027][679]LogBlueprint: Error: [Compiler BP_BaseWeapon] In use pin  <Unnamed>  no longer exists on this node. Please refresh node or break links to remove pin.
[2017.10.11-08.54.37:062][679]LogBlueprint: Warning: [Compiler BP_BaseWeapon] [0065.59] Compile of BP_BaseWeapon failed. 7 Fatal Issue(s) 0 Warning(s) [in 115 ms] (/Game/Blueprints/BP_BaseWeapon.BP_BaseWeapon)
[2017.10.11-08.54.39:283][820]BlueprintLog: New page: Compile BP_Controller
[2017.10.11-08.55.01:886][162]LogSlate: Warning: Prevented a slow task dialog from being summoned while a context menu was open
[2017.10.11-08.55.01:909][162]LogLinker: Warning: Can't find file '/Game/HUD/HUD_BaseWeapon'
[2017.10.11-08.55.01:909][162]LogLinker: Warning: Can't find file for asset '/Game/HUD/HUD_BaseWeapon' while loading ../../../../../../Users/JorisVer/Desktop/SpaghettiArms/HatShot/Content/Blueprints/BP_BaseWeapon.uasset.
[2017.10.11-08.55.01:910][162]LogLinker: Warning: Can't find file '/Game/HUD/HUD_BaseWeapon'
[2017.10.11-08.55.01:910][162]LogLinker: Warning: Can't find file for asset '/Game/HUD/HUD_BaseWeapon' while loading ../../../../../../Users/JorisVer/Desktop/SpaghettiArms/HatShot/Content/Blueprints/BP_BaseWeapon.uasset.
[2017.10.11-08.55.01:929][162]LogBlueprint: Warning: [HUD_BaseWeapon] 'Moving' variable not found. Base class was probably changed.
[2017.10.11-08.55.01:929][162]LogBlueprint: Warning: [HUD_BaseWeapon] 'CurrentSpread' variable not found. Base class was probably changed.
[2017.10.11-08.55.01:932][162]LogBlueprint: Warning: [Compiler HUD_BaseWeapon] Could not find a variable named "CurrentSpread" in 'BP_BaseWeapon_C'.
Make sure 'BP_BaseWeapon_C' has been compiled for  Get CurrentSpread
[2017.10.11-08.55.01:933][162]LogBlueprint: Warning: [Compiler HUD_BaseWeapon] Could not find a variable named "Moving" in 'BP_BaseWeapon_C'.
Make sure 'BP_BaseWeapon_C' has been compiled for  Get Moving
[2017.10.11-08.55.01:934][162]LogBlueprint: Error: [Compiler HUD_BaseWeapon] The property associated with  Current Spread  could not be found
[2017.10.11-08.55.01:934][162]LogBlueprint: Error: [Compiler HUD_BaseWeapon] The property associated with  Moving  could not be found
[2017.10.11-08.55.01:936][162]LogBlueprint: Warning: [Compiler HUD_BaseWeapon] [0090.46] Compile of HUD_BaseWeapon failed. 2 Fatal Issue(s) 2 Warning(s) [in 8 ms] (/Game/HUD/Weapons/HUD_BaseWeapon.HUD_BaseWeapon)
[2017.10.11-08.55.03:659][265]BlueprintLog: New page: Compile BP_BaseWeapon
[2017.10.11-08.55.03:700][265]LogBlueprint: Warning: [HUD_BaseWeapon] 'Moving' variable not found. Base class was probably changed.
[2017.10.11-08.55.03:700][265]LogBlueprint: Warning: [HUD_BaseWeapon] 'CurrentSpread' variable not found. Base class was probably changed.
[2017.10.11-08.55.03:774][265]LogBlueprint: Error: [Compiler BP_BaseWeapon] In use pin  <Unnamed>  no longer exists on this node. Please refresh node or break links to remove pin.
[2017.10.11-08.55.03:774][265]LogBlueprint: Error: [Compiler BP_BaseWeapon] In use pin  <Unnamed>  no longer exists on this node. Please refresh node or break links to remove pin.
[2017.10.11-08.55.03:774][265]LogBlueprint: Error: [Compiler BP_BaseWeapon] In use pin  Target  no longer exists on this node. Please refresh node or break links to remove pin.
[2017.10.11-08.55.03:774][265]LogBlueprint: Error: [Compiler BP_BaseWeapon] In use pin  Weapon  no longer exists on this node. Please refresh node or break links to remove pin.
[2017.10.11-08.55.03:774][265]LogBlueprint: Error: [Compiler BP_BaseWeapon] Could not find a function named "SetWeapon" in 'BP_BaseWeapon'.
Make sure 'BP_BaseWeapon' has been compiled for  Set Weapon
[2017.10.11-08.55.03:774][265]LogBlueprint: Error: [Compiler BP_BaseWeapon] In use pin  HUD Ref  no longer exists on this node. Please refresh node or break links to remove pin.
[2017.10.11-08.55.03:774][265]LogBlueprint: Error: [Compiler BP_BaseWeapon] In use pin  <Unnamed>  no longer exists on this node. Please refresh node or break links to remove pin.
[2017.10.11-08.55.03:785][265]LogBlueprint: Warning: [Compiler HUD_BaseWeapon] Could not find a variable named "CurrentSpread" in 'BP_BaseWeapon_C'.
Make sure 'BP_BaseWeapon_C' has been compiled for  Get CurrentSpread
[2017.10.11-08.55.03:786][265]LogBlueprint: Warning: [Compiler HUD_BaseWeapon] Could not find a variable named "Moving" in 'BP_BaseWeapon_C'.
Make sure 'BP_BaseWeapon_C' has been compiled for  Get Moving
[2017.10.11-08.55.03:791][265]LogBlueprint: Error: [Compiler HUD_BaseWeapon] The property associated with  Current Spread  could not be found
[2017.10.11-08.55.03:791][265]LogBlueprint: Error: [Compiler HUD_BaseWeapon] The property associated with  Moving  could not be found
[2017.10.11-08.55.03:802][265]LogBlueprint: Warning: [Compiler HUD_BaseWeapon] [0092.32] Compile of HUD_BaseWeapon failed. 2 Fatal Issue(s) 2 Warning(s) [in 118 ms] (/Game/HUD/Weapons/HUD_BaseWeapon.HUD_BaseWeapon)
[2017.10.11-08.55.03:958][265]LogBlueprint: Warning: [Compiler BP_BaseWeapon] [0092.48] Compile of BP_BaseWeapon failed. 7 Fatal Issue(s) 0 Warning(s) [in 298 ms] (/Game/Blueprints/BP_BaseWeapon.BP_BaseWeapon)
[2017.10.11-08.55.14:690][958]BlueprintLog: New page: Compile BP_BaseWeapon
[2017.10.11-08.55.14:718][958]LogBlueprint: Warning: [HUD_BaseWeapon] 'Moving' variable not found. Base class was probably changed.
[2017.10.11-08.55.14:718][958]LogBlueprint: Warning: [HUD_BaseWeapon] 'CurrentSpread' variable not found. Base class was probably changed.
[2017.10.11-08.55.14:794][958]LogBlueprint: Error: [Compiler BP_BaseWeapon] In use pin  <Unnamed>  no longer exists on this node. Please refresh node or break links to remove pin.
[2017.10.11-08.55.14:794][958]LogBlueprint: Error: [Compiler BP_BaseWeapon] In use pin  <Unnamed>  no longer exists on this node. Please refresh node or break links to remove pin.
[2017.10.11-08.55.14:794][958]LogBlueprint: Error: [Compiler BP_BaseWeapon] In use pin  Target  no longer exists on this node. Please refresh node or break links to remove pin.
[2017.10.11-08.55.14:794][958]LogBlueprint: Error: [Compiler BP_BaseWeapon] Could not find a function named "SetWeapon" in 'BP_BaseWeapon'.
Make sure 'BP_BaseWeapon' has been compiled for  Set Weapon
[2017.10.11-08.55.14:794][958]LogBlueprint: Error: [Compiler BP_BaseWeapon] In use pin  HUD Ref  no longer exists on this node. Please refresh node or break links to remove pin.
[2017.10.11-08.55.14:794][958]LogBlueprint: Error: [Compiler BP_BaseWeapon] In use pin  <Unnamed>  no longer exists on this node. Please refresh node or break links to remove pin.
[2017.10.11-08.55.14:804][958]LogBlueprint: Warning: [Compiler HUD_BaseWeapon] Could not find a variable named "CurrentSpread" in 'BP_BaseWeapon_C'.
Make sure 'BP_BaseWeapon_C' has been compiled for  Get CurrentSpread
[2017.10.11-08.55.14:806][958]LogBlueprint: Warning: [Compiler HUD_BaseWeapon] Could not find a variable named "Moving" in 'BP_BaseWeapon_C'.
Make sure 'BP_BaseWeapon_C' has been compiled for  Get Moving
[2017.10.11-08.55.14:811][958]LogBlueprint: Error: [Compiler HUD_BaseWeapon] The property associated with  Current Spread  could not be found
[2017.10.11-08.55.14:811][958]LogBlueprint: Error: [Compiler HUD_BaseWeapon] The property associated with  Moving  could not be found
[2017.10.11-08.55.14:821][958]LogBlueprint: Warning: [Compiler HUD_BaseWeapon] [0103.34] Compile of HUD_BaseWeapon failed. 2 Fatal Issue(s) 2 Warning(s) [in 106 ms] (/Game/HUD/Weapons/HUD_BaseWeapon.HUD_BaseWeapon)
[2017.10.11-08.55.14:973][958]LogBlueprint: Warning: [Compiler BP_BaseWeapon] [0103.49] Compile of BP_BaseWeapon failed. 6 Fatal Issue(s) 0 Warning(s) [in 282 ms] (/Game/Blueprints/BP_BaseWeapon.BP_BaseWeapon)
[2017.10.11-08.56.22:173][159]LogTemp: Dropped shootsProjectiles on Category Stats
[2017.10.11-08.56.52:152][155]BlueprintLog: New page: Compile BP_BaseWeapon
[2017.10.11-08.56.52:179][155]LogBlueprint: Warning: [HUD_BaseWeapon] 'Moving' variable not found. Base class was probably changed.
[2017.10.11-08.56.52:179][155]LogBlueprint: Warning: [HUD_BaseWeapon] 'CurrentSpread' variable not found. Base class was probably changed.
[2017.10.11-08.56.52:269][155]LogBlueprint: Warning: [Compiler HUD_BaseWeapon] Could not find a variable named "CurrentSpread" in 'BP_BaseWeapon_C'.
Make sure 'BP_BaseWeapon_C' has been compiled for  Get CurrentSpread
[2017.10.11-08.56.52:271][155]LogBlueprint: Warning: [Compiler HUD_BaseWeapon] Could not find a variable named "Moving" in 'BP_BaseWeapon_C'.
Make sure 'BP_BaseWeapon_C' has been compiled for  Get Moving
[2017.10.11-08.56.52:278][155]LogBlueprint: Error: [Compiler HUD_BaseWeapon] The property associated with  Current Spread  could not be found
[2017.10.11-08.56.52:278][155]LogBlueprint: Error: [Compiler HUD_BaseWeapon] The property associated with  Moving  could not be found
[2017.10.11-08.56.52:291][155]LogBlueprint: Warning: [Compiler HUD_BaseWeapon] [0200.80] Compile of HUD_BaseWeapon failed. 2 Fatal Issue(s) 2 Warning(s) [in 115 ms] (/Game/HUD/Weapons/HUD_BaseWeapon.HUD_BaseWeapon)
[2017.10.11-08.56.52:614][155]Cmd: OBJ SAVEPACKAGE PACKAGE="/Game/Blueprints/BP_BaseWeapon" FILE="../../../../../../Users/JorisVer/Desktop/SpaghettiArms/HatShot/Content/Blueprints/BP_BaseWeapon.uasset" SILENT=true
[2017.10.11-08.56.52:810][155]LogSavePackage: Save=133.82ms
[2017.10.11-08.56.52:810][155]LogSavePackage: Moving '../../../../../../Users/JorisVer/Desktop/SpaghettiArms/HatShot/Saved/BP_BaseWeapon9247FB4344E1CC12D47D94A22F1C60A7.tmp' to '../../../../../../Users/JorisVer/Desktop/SpaghettiArms/HatShot/Content/Blueprints/BP_BaseWeapon.uasset'
[2017.10.11-08.56.52:812][155]LogSavePackage: Display: Finished SavePackage ../../../../../../Users/JorisVer/Desktop/SpaghettiArms/HatShot/Content/Blueprints/BP_BaseWeapon.uasset
[2017.10.11-08.57.14:337][681]BlueprintLog: New page: Compile BP_BaseWeapon
[2017.10.11-08.57.14:367][681]LogBlueprint: Warning: [HUD_BaseWeapon] 'Moving' variable not found. Base class was probably changed.
[2017.10.11-08.57.14:368][681]LogBlueprint: Warning: [HUD_BaseWeapon] 'CurrentSpread' variable not found. Base class was probably changed.
[2017.10.11-08.57.14:444][681]LogBlueprint: Error: [Compiler BP_BaseWeapon] This blueprint (self) is not a UserWidget, therefore ' Target ' must have a connection.
[2017.10.11-08.57.14:454][681]LogBlueprint: Warning: [Compiler HUD_BaseWeapon] Could not find a variable named "CurrentSpread" in 'BP_BaseWeapon_C'.
Make sure 'BP_BaseWeapon_C' has been compiled for  Get CurrentSpread
[2017.10.11-08.57.14:455][681]LogBlueprint: Warning: [Compiler HUD_BaseWeapon] Could not find a variable named "Moving" in 'BP_BaseWeapon_C'.
Make sure 'BP_BaseWeapon_C' has been compiled for  Get Moving
[2017.10.11-08.57.14:460][681]LogBlueprint: Error: [Compiler HUD_BaseWeapon] The property associated with  Current Spread  could not be found
[2017.10.11-08.57.14:460][681]LogBlueprint: Error: [Compiler HUD_BaseWeapon] The property associated with  Moving  could not be found
[2017.10.11-08.57.14:471][681]LogBlueprint: Warning: [Compiler HUD_BaseWeapon] [0222.98] Compile of HUD_BaseWeapon failed. 2 Fatal Issue(s) 2 Warning(s) [in 106 ms] (/Game/HUD/Weapons/HUD_BaseWeapon.HUD_BaseWeapon)
[2017.10.11-08.57.14:629][681]LogBlueprint: Warning: [Compiler BP_BaseWeapon] [0223.13] Compile of BP_BaseWeapon failed. 1 Fatal Issue(s) 0 Warning(s) [in 291 ms] (/Game/Blueprints/BP_BaseWeapon.BP_BaseWeapon)
[2017.10.11-08.57.15:236][716]Cmd: OBJ SAVEPACKAGE PACKAGE="/Game/Blueprints/BP_BaseWeapon" FILE="../../../../../../Users/JorisVer/Desktop/SpaghettiArms/HatShot/Content/Blueprints/BP_BaseWeapon.uasset" SILENT=true
[2017.10.11-08.57.15:413][716]LogSavePackage: Save=127.80ms
[2017.10.11-08.57.15:413][716]LogSavePackage: Moving '../../../../../../Users/JorisVer/Desktop/SpaghettiArms/HatShot/Saved/BP_BaseWeapon8929D02A49FF84CAA9B2AE83C2A7AD80.tmp' to '../../../../../../Users/JorisVer/Desktop/SpaghettiArms/HatShot/Content/Blueprints/BP_BaseWeapon.uasset'
[2017.10.11-08.57.15:415][716]LogSavePackage: Display: Finished SavePackage ../../../../../../Users/JorisVer/Desktop/SpaghettiArms/HatShot/Content/Blueprints/BP_BaseWeapon.uasset
[2017.10.11-08.57.26:014][456]LogTemp: Dropped HUD_Ref on Category Components
[2017.10.11-08.57.40:490][456]BlueprintLog: New page: Compile BP_BaseWeapon
[2017.10.11-08.57.40:517][456]LogBlueprint: Warning: [HUD_BaseWeapon] 'Moving' variable not found. Base class was probably changed.
[2017.10.11-08.57.40:517][456]LogBlueprint: Warning: [HUD_BaseWeapon] 'CurrentSpread' variable not found. Base class was probably changed.
[2017.10.11-08.57.40:594][456]LogBlueprint: Error: [Compiler BP_BaseWeapon] This blueprint (self) is not a UserWidget, therefore ' Target ' must have a connection.
[2017.10.11-08.57.40:604][456]LogBlueprint: Warning: [Compiler HUD_BaseWeapon] Could not find a variable named "CurrentSpread" in 'BP_BaseWeapon_C'.
Make sure 'BP_BaseWeapon_C' has been compiled for  Get CurrentSpread
[2017.10.11-08.57.40:605][456]LogBlueprint: Warning: [Compiler HUD_BaseWeapon] Could not find a variable named "Moving" in 'BP_BaseWeapon_C'.
Make sure 'BP_BaseWeapon_C' has been compiled for  Get Moving
[2017.10.11-08.57.40:610][456]LogBlueprint: Error: [Compiler HUD_BaseWeapon] The property associated with  Current Spread  could not be found
[2017.10.11-08.57.40:611][456]LogBlueprint: Error: [Compiler HUD_BaseWeapon] The property associated with  Moving  could not be found
[2017.10.11-08.57.40:621][456]LogBlueprint: Warning: [Compiler HUD_BaseWeapon] [0249.12] Compile of HUD_BaseWeapon failed. 2 Fatal Issue(s) 2 Warning(s) [in 107 ms] (/Game/HUD/Weapons/HUD_BaseWeapon.HUD_BaseWeapon)
[2017.10.11-08.57.40:781][456]LogBlueprint: Warning: [Compiler BP_BaseWeapon] [0249.28] Compile of BP_BaseWeapon failed. 1 Fatal Issue(s) 0 Warning(s) [in 291 ms] (/Game/Blueprints/BP_BaseWeapon.BP_BaseWeapon)
[2017.10.11-08.57.41:391][485]Cmd: OBJ SAVEPACKAGE PACKAGE="/Game/Blueprints/BP_BaseWeapon" FILE="../../../../../../Users/JorisVer/Desktop/SpaghettiArms/HatShot/Content/Blueprints/BP_BaseWeapon.uasset" SILENT=true
[2017.10.11-08.57.41:588][485]LogSavePackage: Save=133.24ms
[2017.10.11-08.57.41:588][485]LogSavePackage: Moving '../../../../../../Users/JorisVer/Desktop/SpaghettiArms/HatShot/Saved/BP_BaseWeapon2CBA45044C75D065D57111A46C4832FC.tmp' to '../../../../../../Users/JorisVer/Desktop/SpaghettiArms/HatShot/Content/Blueprints/BP_BaseWeapon.uasset'
[2017.10.11-08.57.41:590][485]LogSavePackage: Display: Finished SavePackage ../../../../../../Users/JorisVer/Desktop/SpaghettiArms/HatShot/Content/Blueprints/BP_BaseWeapon.uasset
