<<<<<<< HEAD
﻿Log file open, 12/14/17 18:27:14
=======
﻿Log file open, 12/14/17 18:26:18
>>>>>>> 9e4e2264f1e68c81d9a8b8052b6fc8ea9f27b4b6
LogWindows: Failed to load 'aqProf.dll' (GetLastError=126)
LogWindows: File 'aqProf.dll' does not exist
LogWindows: Failed to load 'VSPerf140.dll' (GetLastError=126)
LogWindows: File 'VSPerf140.dll' does not exist
LogWindows: Failed to load 'VtuneApi.dll' (GetLastError=126)
LogWindows: File 'VtuneApi.dll' does not exist
LogWindows: Failed to load 'VtuneApi32e.dll' (GetLastError=126)
LogWindows: File 'VtuneApi32e.dll' does not exist
LogInit: Display: Running engine for game: HatTrick
LogPlatformFile: Not using cached read wrapper
<<<<<<< HEAD
LogInit: Display: RandInit(-2089348653) SRandInit(-2089348653).
LogTaskGraph: Started task graph with 5 named threads and 14 total threads with 3 sets of task threads.
LogStats: Stats thread started at 0.378968
=======
LogInit: Display: RandInit(-494211630) SRandInit(-494211630).
LogTaskGraph: Started task graph with 5 named threads and 14 total threads with 3 sets of task threads.
LogStats: Stats thread started at 0.162782
>>>>>>> 9e4e2264f1e68c81d9a8b8052b6fc8ea9f27b4b6
LogD3D11RHI: Aftermath initialized
LogPluginManager: Mounting plugin Paper2D
LogPluginManager: Mounting plugin LightPropagationVolume
LogPluginManager: Mounting plugin CodeLiteSourceCodeAccess
LogPluginManager: Mounting plugin GitSourceControl
LogPluginManager: Mounting plugin KDevelopSourceCodeAccess
LogPluginManager: Mounting plugin NullSourceCodeAccess
LogPluginManager: Mounting plugin PerforceSourceControl
LogPluginManager: Mounting plugin SubversionSourceControl
LogPluginManager: Mounting plugin UObjectPlugin
LogPluginManager: Mounting plugin VisualStudioSourceCodeAccess
LogPluginManager: Mounting plugin XCodeSourceCodeAccess
LogPluginManager: Mounting plugin AssetManagerEditor
LogPluginManager: Mounting plugin AudioCapture
LogPluginManager: Mounting plugin FacialAnimation
LogPluginManager: Mounting plugin GameplayTagsEditor
LogPluginManager: Mounting plugin MobileLauncherProfileWizard
LogPluginManager: Mounting plugin PluginBrowser
LogPluginManager: Mounting plugin SpeedTreeImporter
LogPluginManager: Mounting plugin AlembicImporter
LogPluginManager: Mounting plugin CharacterAI
LogPluginManager: Mounting plugin HTML5Networking
LogPluginManager: Mounting plugin AndroidMedia
LogPluginManager: Mounting plugin AvfMedia
LogPluginManager: Mounting plugin MediaPlayerEditor
LogPluginManager: Mounting plugin WmfMedia
LogPluginManager: Mounting plugin TcpMessaging
LogPluginManager: Mounting plugin UdpMessaging
LogPluginManager: Mounting plugin LevelSequenceEditor
LogPluginManager: Mounting plugin MatineeToLevelSequence
LogPluginManager: Mounting plugin OnlineSubsystemGooglePlay
LogPluginManager: Mounting plugin OnlineSubsystemIOS
LogPluginManager: Mounting plugin OnlineSubsystem
LogPluginManager: Mounting plugin OnlineSubsystemNull
LogPluginManager: Mounting plugin OnlineSubsystemUtils
LogPluginManager: Mounting plugin AndroidDeviceProfileSelector
LogPluginManager: Mounting plugin AndroidMoviePlayer
LogPluginManager: Mounting plugin AndroidPermission
LogPluginManager: Mounting plugin AppleMoviePlayer
LogPluginManager: Mounting plugin ArchVisCharacter
LogPluginManager: Mounting plugin CableComponent
LogPluginManager: Mounting plugin CustomMeshComponent
LogPluginManager: Mounting plugin ExampleDeviceProfileSelector
LogPluginManager: Mounting plugin GoogleCloudMessaging
LogPluginManager: Mounting plugin ImmediatePhysics
LogPluginManager: Mounting plugin IOSDeviceProfileSelector
LogPluginManager: Mounting plugin LinuxDeviceProfileSelector
LogPluginManager: Mounting plugin LocationServicesBPLibrary
LogPluginManager: Mounting plugin MobilePatchingUtils
LogPluginManager: Mounting plugin OculusVR
LogPluginManager: Mounting plugin PhysXVehicles
LogPluginManager: Mounting plugin ProceduralMeshComponent
LogPluginManager: Mounting plugin RuntimePhysXCooking
LogPluginManager: Mounting plugin SteamVR
LogPluginManager: Mounting plugin WindowsMoviePlayer
LogInit: Using libcurl 7.47.1
LogInit:  - built for x86_64-pc-win32
LogInit:  - supports SSL with OpenSSL/1.0.2g
LogInit:  - supports HTTP deflate (compression) using libz 1.2.8
LogInit:  - other features:
LogInit:      CURL_VERSION_SSL
LogInit:      CURL_VERSION_LIBZ
LogInit:      CURL_VERSION_IPV6
LogInit:      CURL_VERSION_ASYNCHDNS
LogInit:      CURL_VERSION_LARGEFILE
LogInit:      CURL_VERSION_IDN
LogInit:  CurlRequestOptions (configurable via config and command line):
LogInit:  - bVerifyPeer = false  - Libcurl will NOT verify peer certificate
LogInit:  - bUseHttpProxy = false  - Libcurl will NOT use HTTP proxy
LogInit:  - bDontReuseConnections = false  - Libcurl will reuse connections
LogInit:  - CertBundlePath = nullptr  - Libcurl will use whatever was configured at build time.
LogModuleManager: Warning: No filename provided for module OnlineSubsystemLAN
<<<<<<< HEAD
LogModuleManager: Warning: ModuleManager: Unable to load module 'OnlineSubsystemLAN' because the file 'E:/Program Files/Epic Games/UE_4.17/Engine/Binaries/Win64/' was not found.
=======
LogModuleManager: Warning: ModuleManager: Unable to load module 'OnlineSubsystemLAN' because the file 'G:/Program Files/EpicGames/UE_4.17/Engine/Binaries/Win64/' was not found.
>>>>>>> 9e4e2264f1e68c81d9a8b8052b6fc8ea9f27b4b6
LogInit: WinSock: version 1.1 (2.2), MaxSocks=32767, MaxUdp=65467
LogInit: Build: ++UE4+Release-4.17-CL-3658906
LogInit: Engine Version: 4.17.2-3658906+++UE4+Release-4.17
LogInit: Compatible Engine Version: 4.17.0-3573198+++UE4+Release-4.17
LogInit: Net CL: 3573198
LogDevObjectVersion: Number of dev versions registered: 16
LogDevObjectVersion:   Dev-Blueprints (B0D832E4-1F89-4F0D-ACCF-7EB736FD4AA2): 10
LogDevObjectVersion:   Dev-Build (E1C64328-A22C-4D53-A36C-8E866417BD8C): 0
LogDevObjectVersion:   Dev-Core (375EC13C-06E4-48FB-B500-84F0262A717E): 2
LogDevObjectVersion:   Dev-Editor (E4B068ED-F494-42E9-A231-DA0B2E46BB41): 20
LogDevObjectVersion:   Dev-Framework (CFFC743F-43B0-4480-9391-14DF171D2073): 28
LogDevObjectVersion:   Dev-Mobile (B02B49B5-BB20-44E9-A304-32B752E40360): 0
LogDevObjectVersion:   Dev-Networking (A4E4105C-59A1-49B5-A7C5-40C4547EDFEE): 0
LogDevObjectVersion:   Dev-Online (39C831C9-5AE6-47DC-9A44-9C173E1C8E7C): 0
LogDevObjectVersion:   Dev-Physics (78F01B33-EBEA-4F98-B9B4-84EACCB95AA2): 0
LogDevObjectVersion:   Dev-Platform (6631380F-2D4D-43E0-8009-CF276956A95A): 0
LogDevObjectVersion:   Dev-Rendering (12F88B9F-8875-4AFC-A67C-D90C383ABD29): 19
LogDevObjectVersion:   Dev-Sequencer (7B5AE74C-D270-4C10-A958-57980B212A5A): 4
LogDevObjectVersion:   Dev-VR (D7296918-1DD6-4BDD-9DE2-64A83CC13884): 0
LogDevObjectVersion:   Dev-LoadTimes (C2A15278-BFE7-4AFE-6C17-90FF531DF755): 1
LogDevObjectVersion:   Private-Geometry (6EACA3D4-40EC-4CC1-B786-8BED09428FC5): 1
LogDevObjectVersion:   Dev-AnimPhys (29E575DD-E0A3-4627-9D10-D276232CDCEA): 7
LogInit: Compiled (64-bit): Sep 22 2017 13:47:16
LogInit: Compiled with Visual C++: 19.00.24215.01
LogInit: Build Configuration: Development
LogInit: Branch Name: ++UE4+Release-4.17
LogInit: Command line:  /Temp/Autosaves/Game/Maps/UEDPCMainMenuLevel -game -PIEVIACONSOLE -ResX=1280 -ResY=720  -Multiprocess -messaging -SessionName="Play in Standalone Game" -windowed 
<<<<<<< HEAD
LogInit: Base directory: E:/Program Files/Epic Games/UE_4.17/Engine/Binaries/Win64/
LogInit: Installed Engine Build: 1
LogInit: Presizing for max 8388607 objects, including 0 objects not considered by GC, pre-allocating 0 bytes for permanent pool.
LogInit: Object subsystem initialized
[2017.12.14-16.27.16:521][  0]LogInit: Selected Device Profile: [Windows]
[2017.12.14-16.27.16:521][  0]LogInit: Applying CVar settings loaded from the selected device profile: [Windows]
[2017.12.14-16.27.16:527][  0]LogInit: Computer: AOTA1-1L141-09D
[2017.12.14-16.27.16:528][  0]LogInit: User: JessicaCar
[2017.12.14-16.27.16:528][  0]LogInit: CPU Page size=4096, Cores=4
[2017.12.14-16.27.16:528][  0]LogInit: High frequency timer resolution =3.328130 MHz
[2017.12.14-16.27.16:528][  0]LogMemory: Memory total: Physical=15.9GB (16GB approx)
[2017.12.14-16.27.16:528][  0]LogMemory: Platform Memory Stats for Windows
[2017.12.14-16.27.16:528][  0]LogMemory: Process Physical Memory: 280.44 MB used, 280.44 MB peak
[2017.12.14-16.27.16:528][  0]LogMemory: Process Virtual Memory: 286.79 MB used, 286.79 MB peak
[2017.12.14-16.27.16:528][  0]LogMemory: Physical Memory: 8729.32 MB used,  7534.97 MB free, 16264.30 MB total
[2017.12.14-16.27.16:528][  0]LogMemory: Virtual Memory: 670.54 MB used,  7534.97 MB free, 134217728.00 MB total
[2017.12.14-16.27.16:721][  0]LogInit: Using OS detected language (en-US).
[2017.12.14-16.27.16:721][  0]LogInit: Using OS detected locale (fi-FI).
[2017.12.14-16.27.16:729][  0]LogTextLocalizationManager: No specific localization for 'en-US' exists, so the 'en' localization will be used.
[2017.12.14-16.27.16:729][  0]LogTextLocalizationManager: No localization for 'fi-FI' exists, so 'en-US' will be used for the locale.
[2017.12.14-16.27.17:548][  0]LogD3D11RHI: D3D11 adapters:
[2017.12.14-16.27.17:556][  0]LogD3D11RHI:    0. 'Intel(R) HD Graphics 530' (Feature Level 11_0)
[2017.12.14-16.27.17:556][  0]LogD3D11RHI:       128/0/8132 MB DedicatedVideo/DedicatedSystem/SharedSystem, Outputs:2, VendorId:0x8086
[2017.12.14-16.27.17:609][  0]LogD3D11RHI:    1. 'NVIDIA GeForce GT 730' (Feature Level 11_0)
[2017.12.14-16.27.17:609][  0]LogD3D11RHI:       2018/0/8132 MB DedicatedVideo/DedicatedSystem/SharedSystem, Outputs:0, VendorId:0x10de
[2017.12.14-16.27.17:611][  0]LogD3D11RHI:    2. 'Microsoft Basic Render Driver' (Feature Level 11_0)
[2017.12.14-16.27.17:611][  0]LogD3D11RHI:       0/0/8132 MB DedicatedVideo/DedicatedSystem/SharedSystem, Outputs:0, VendorId:0x1414
[2017.12.14-16.27.17:611][  0]LogD3D11RHI: Chosen D3D11 Adapter: 1
[2017.12.14-16.27.17:619][  0]LogD3D11RHI: Creating new Direct3DDevice
[2017.12.14-16.27.17:619][  0]LogD3D11RHI:     GPU DeviceId: 0x1287 (for the marketing name, search the web for "GPU Device Id")
[2017.12.14-16.27.17:619][  0]LogWindows: EnumDisplayDevices:
[2017.12.14-16.27.17:619][  0]LogWindows:    0. 'NVIDIA GeForce GT 730' (P:0 D:0)
[2017.12.14-16.27.17:619][  0]LogWindows:    1. 'NVIDIA GeForce GT 730' (P:0 D:0)
[2017.12.14-16.27.17:620][  0]LogWindows:    2. 'NVIDIA GeForce GT 730' (P:0 D:0)
[2017.12.14-16.27.17:620][  0]LogWindows:    3. 'NVIDIA GeForce GT 730' (P:0 D:0)
[2017.12.14-16.27.17:620][  0]LogWindows:    4. 'Intel(R) HD Graphics 530' (P:0 D:1)
[2017.12.14-16.27.17:620][  0]LogWindows:    5. 'Intel(R) HD Graphics 530' (P:1 D:1)
[2017.12.14-16.27.17:620][  0]LogWindows:    6. 'Intel(R) HD Graphics 530' (P:0 D:0)
[2017.12.14-16.27.17:621][  0]LogWindows: DebugString: PrimaryIsNotTheChoosenAdapter PrimaryIsNotTheChoosenAdapter PrimaryIsNotTheChoosenAdapter FoundDriverCount:4 
[2017.12.14-16.27.17:621][  0]LogD3D11RHI:     Adapter Name: NVIDIA GeForce GT 730
[2017.12.14-16.27.17:621][  0]LogD3D11RHI:   Driver Version: 382.98 (internal:22.21.13.8298, unified:382.98)
[2017.12.14-16.27.17:621][  0]LogD3D11RHI:      Driver Date: 8-17-2017
[2017.12.14-16.27.17:621][  0]LogRHI: Texture pool is 1361 MB (70% of 1945 MB)
[2017.12.14-16.27.17:661][  0]LogD3D11RHI: Async texture creation enabled
[2017.12.14-16.27.17:682][  0]LogD3D11RHI: GPU Timing Frequency: 1000.000000 (Debug: 2 2)
[2017.12.14-16.27.17:682][  0]LogShaderCompilers: Guid format shader working directory is -13 characters bigger than the processId version (../../../../../../Work/KAMK/SpaghetiArms/SpaghettiArms/HatTrick/Intermediate/Shaders/WorkingDirectory/15928/).
[2017.12.14-16.27.17:683][  0]LogShaderCompilers: Cleaned the shader compiler working directory 'C:/Users/JessicaCar/AppData/Local/Temp/UnrealShaderWorkingDir/713DB5CF4BB3D266F9199D89B4CDBAFE/'.
[2017.12.14-16.27.17:683][  0]LogShaderCompilers: Display: Using Local Shader Compiler.
[2017.12.14-16.27.19:056][  0]LogTemp: Display: Loaded TP WindowsClientTargetPlatform
[2017.12.14-16.27.19:123][  0]LogTemp: Display: Loaded TP WindowsNoEditorTargetPlatform
[2017.12.14-16.27.19:189][  0]LogTemp: Display: Loaded TP WindowsServerTargetPlatform
[2017.12.14-16.27.19:265][  0]LogTemp: Display: Loaded TP WindowsTargetPlatform
[2017.12.14-16.27.19:265][  0]LogTargetPlatformManager: Display: Building Assets For Windows
[2017.12.14-16.27.19:871][  0]LogDerivedDataCache: Display: Max Cache Size: 512 MB
[2017.12.14-16.27.20:005][  0]LogDerivedDataCache: Loaded boot cache 0.13s 93MB C:/Users/JessicaCar/AppData/Local/UnrealEngine/4.17/DerivedDataCache/Boot.ddc.
[2017.12.14-16.27.20:005][  0]LogDerivedDataCache: Display: Loaded Boot cache: C:/Users/JessicaCar/AppData/Local/UnrealEngine/4.17/DerivedDataCache/Boot.ddc
[2017.12.14-16.27.20:005][  0]LogDerivedDataCache: FDerivedDataBackendGraph:  Pak pak cache file ../../../../../../Work/KAMK/SpaghetiArms/SpaghettiArms/HatTrick/DerivedDataCache/DDC.ddp not found, will not use a pak cache.
[2017.12.14-16.27.20:006][  0]LogDerivedDataCache: Unable to find inner node Pak for hierarchical cache Hierarchy.
[2017.12.14-16.27.20:006][  0]LogDerivedDataCache: FDerivedDataBackendGraph:  CompressedPak pak cache file ../../../../../../Work/KAMK/SpaghetiArms/SpaghettiArms/HatTrick/DerivedDataCache/Compressed.ddp not found, will not use a pak cache.
[2017.12.14-16.27.20:006][  0]LogDerivedDataCache: Unable to find inner node CompressedPak for hierarchical cache Hierarchy.
[2017.12.14-16.27.20:030][  0]LogDerivedDataCache: Display: Pak cache opened for reading ../../../Engine/DerivedDataCache/Compressed.ddp.
[2017.12.14-16.27.20:043][  0]LogDerivedDataCache: Using Local data cache path C:/Users/JessicaCar/AppData/Local/UnrealEngine/Common/DerivedDataCache: Writable
[2017.12.14-16.27.20:059][  0]LogMaterial: Verifying Global Shaders for PCD3D_SM5
[2017.12.14-16.27.20:059][  0]LogSlate: Using Freetype 2.6.0
[2017.12.14-16.27.20:060][  0]LogSlate: SlateFontCache - WITH_FREETYPE: 1, WITH_HARFBUZZ: 1
[2017.12.14-16.27.20:060][  0]LogSlate: SlateFontCache - WITH_FREETYPE: 1, WITH_HARFBUZZ: 1
[2017.12.14-16.27.20:405][  0]LogAssetRegistry: FAssetRegistry took 0.0065 seconds to start up
[2017.12.14-16.27.20:456][  0]LogPackageLocalizationCache: Processed 5 localized package path(s) for 2 prioritized culture(s) in 0.018695 seconds
[2017.12.14-16.27.20:596][  0]LogInit: Selected Device Profile: [Windows]
[2017.12.14-16.27.20:848][  0]LogContentStreaming: Texture pool size is 1000.00 MB
[2017.12.14-16.27.21:214][  0]LogSimplygon: Simplygon DLL not present - disabling.
[2017.12.14-16.27.21:260][  0]LogMeshReduction: Using SimplygonSwarm for distributed automatic mesh merging
[2017.12.14-16.27.21:260][  0]LogMeshReduction: Using QuadricMeshReduction for automatic static mesh reduction
[2017.12.14-16.27.21:260][  0]LogMeshReduction: No automatic skeletal mesh reduction module available
[2017.12.14-16.27.21:260][  0]LogMeshReduction: No automatic mesh merging module available
[2017.12.14-16.27.21:260][  0]LogMeshMerging: No automatic mesh merging module available
[2017.12.14-16.27.21:840][  0]LogNetVersion: HatTrick , NetCL: 3573198, EngineNetVer: 2, GameNetVer: 0 (Checksum: 4276059040)
[2017.12.14-16.27.23:619][  0]LogMoviePlayer: Initializing movie player
[2017.12.14-16.27.24:034][  0]LogCollectionManager: Loaded 0 collections in 0.002094 seconds
[2017.12.14-16.27.24:090][  0]LogFileCache: Scanning file cache for directory 'E:/Work/KAMK/SpaghetiArms/SpaghettiArms/HatTrick/Saved/Collections/' took 0.01s
[2017.12.14-16.27.24:090][  0]LogFileCache: Scanning file cache for directory 'E:/Work/KAMK/SpaghetiArms/SpaghettiArms/HatTrick/Content/Developers/JessicaCar/Collections/' took 0.01s
[2017.12.14-16.27.24:090][  0]LogFileCache: Scanning file cache for directory 'E:/Work/KAMK/SpaghetiArms/SpaghettiArms/HatTrick/Content/Collections/' took 0.01s
[2017.12.14-16.27.24:090][  0]LogCollectionManager: Rebuilt the object cache for 0 collections in 0.000000 seconds (found 0 objects)
[2017.12.14-16.27.24:090][  0]LogCollectionManager: Fixed up redirectors for 0 collections in 0.000105 seconds (updated 0 objects)
[2017.12.14-16.27.24:267][  0]LogTcpMessaging: Initializing TcpMessaging bridge
[2017.12.14-16.27.24:309][  0]LogUdpMessaging: Initializing bridge on interface 0.0.0.0:0 to multicast group 230.0.0.1:6666.
[2017.12.14-16.27.24:831][  0]SourceControl: Source control is disabled
[2017.12.14-16.27.24:831][  0]SourceControl: Source control is disabled
[2017.12.14-16.27.24:884][  0]SourceControl: Source control is disabled
[2017.12.14-16.27.25:110][  0]LogAndroidPermission: UAndroidPermissionCallbackProxy::GetInstance
[2017.12.14-16.27.25:370][  0]LogOcInput: OculusInput pre-init called
[2017.12.14-16.27.25:483][  0]LogUObjectArray: 38665 objects as part of root set at end of initial load.
[2017.12.14-16.27.25:483][  0]LogUObjectAllocator: 8464624 out of 0 bytes used by permanent object pool.
[2017.12.14-16.27.25:483][  0]LogUObjectArray: CloseDisregardForGC: 0/0 objects in disregard for GC pool
[2017.12.14-16.27.25:718][  0]LogEngine: Initializing Engine...
[2017.12.14-16.27.25:721][  0]LogHMD: Failed to initialize OpenVR with code 110
[2017.12.14-16.27.26:079][  0]LogStats: UGameplayTagsManager::ConstructGameplayTagTree: Construct from data asset -  0.000 s
[2017.12.14-16.27.26:079][  0]LogStats: UGameplayTagsManager::ConstructGameplayTagTree: GameplayTagTreeChangedEvent.Broadcast -  0.000 s
[2017.12.14-16.27.26:095][  0]LogInit: XAudio2 using 'Speakers (Realtek High Definition Audio)' : 2 channels at 48 kHz using 32 bits per sample (channel mask 0x3)
[2017.12.14-16.27.26:236][  0]LogInit: FAudioDevice initialized.
[2017.12.14-16.27.26:252][  0]LogInit: Texture streaming: Enabled
[2017.12.14-16.27.26:891][  0]LogMaterial: Uniform references updated for custom material expression Custom.
[2017.12.14-16.27.27:781][  0]LogSlateStyle: Warning: Unable to find Slate Widget Style 'NormalText'. Using FTextBlockStyle defaults instead.
[2017.12.14-16.27.27:781][  0]LogSlateStyle: Warning: Unable to find Slate Widget Style 'SpinBox'. Using FSpinBoxStyle defaults instead.
[2017.12.14-16.27.28:091][  0]LogInit: Display: Game Engine Initialized.
[2017.12.14-16.27.28:091][  0]LogGameplayTags: Display: UGameplayTagsManager::DoneAddingNativeTags. DelegateIsBound: 0
[2017.12.14-16.27.28:531][  0]LogInit: Display: Starting Game.
[2017.12.14-16.27.28:531][  0]LogNet: Browse: /Temp/Autosaves/Game/Maps/UEDPCMainMenuLevel?Name=Player
[2017.12.14-16.27.28:531][  0]LogLoad: LoadMap: /Temp/Autosaves/Game/Maps/UEDPCMainMenuLevel?Name=Player
[2017.12.14-16.27.28:553][  0]LogMemory: Platform Memory Stats for Windows
[2017.12.14-16.27.28:553][  0]LogMemory: Process Physical Memory: 822.52 MB used, 953.07 MB peak
[2017.12.14-16.27.28:553][  0]LogMemory: Process Virtual Memory: 936.36 MB used, 1020.99 MB peak
[2017.12.14-16.27.28:553][  0]LogMemory: Physical Memory: 9116.91 MB used,  7147.38 MB free, 16264.30 MB total
[2017.12.14-16.27.28:553][  0]LogMemory: Virtual Memory: 1541.37 MB used,  7147.38 MB free, 134217728.00 MB total
[2017.12.14-16.27.28:553][  0]LogMemory: 
[2017.12.14-16.27.28:553][  0]Allocator Stats for TBB: (not implemented)
[2017.12.14-16.27.30:208][  0]LogLinker: Warning: Can't find file '/Game/Particle_effects/Meshes/M_Torus'
[2017.12.14-16.27.30:208][  0]LoadErrors: Failed to load /Game/Particle_effects/Meshes/M_Torus.M_Torus Referenced by Torus
[2017.12.14-16.27.30:208][  0]LogUObjectGlobals: Warning: Failed to load '/Game/Particle_effects/Meshes/M_Torus': Can't find file '/Game/Particle_effects/Meshes/M_Torus'
[2017.12.14-16.27.30:208][  0]LogLinker: Warning: Can't find file for asset '/Game/Particle_effects/Meshes/M_Torus' while loading NULL.
[2017.12.14-16.27.30:208][  0]LoadErrors: Failed to load /Game/Particle_effects/Meshes/M_Torus.M_Torus Referenced by Torus
[2017.12.14-16.27.30:208][  0]LogUObjectGlobals: Warning: Failed to load '/Game/Particle_effects/Meshes/M_Torus': Can't find file for asset '/Game/Particle_effects/Meshes/M_Torus' while loading NULL.
[2017.12.14-16.27.30:210][  0]LogLinker: Warning: Can't find file '/Game/Particle_effects/Meshes/M_Torus'
[2017.12.14-16.27.30:210][  0]LoadErrors: Failed to load /Game/Particle_effects/Meshes/M_Torus.M_Torus Referenced by Torus
[2017.12.14-16.27.30:210][  0]LogUObjectGlobals: Warning: Failed to load '/Game/Particle_effects/Meshes/M_Torus': Can't find file '/Game/Particle_effects/Meshes/M_Torus'
[2017.12.14-16.27.30:210][  0]LogLinker: Warning: Can't find file for asset '/Game/Particle_effects/Meshes/M_Torus' while loading NULL.
[2017.12.14-16.27.30:210][  0]LoadErrors: Failed to load /Game/Particle_effects/Meshes/M_Torus.M_Torus Referenced by Torus
[2017.12.14-16.27.30:210][  0]LogUObjectGlobals: Warning: Failed to load '/Game/Particle_effects/Meshes/M_Torus': Can't find file for asset '/Game/Particle_effects/Meshes/M_Torus' while loading NULL.
[2017.12.14-16.27.30:673][  0]LogAIModule: Creating AISystem for world MainMenuLevel
[2017.12.14-16.27.30:673][  0]LogLoad: Game class is 'FirstPersonGameMode_C'
[2017.12.14-16.27.30:733][  0]LogWorld: Bringing World /Temp/Autosaves/Game/Maps/UEDPCMainMenuLevel.MainMenuLevel up for play (max tick rate 0) at 2017.12.14-18.27.30
[2017.12.14-16.27.30:734][  0]LogWorld: Bringing up level for play took: 0.001268
[2017.12.14-16.27.30:736][  0]LogSpawn: Warning: SpawnActor failed because no class was specified
[2017.12.14-16.27.30:764][  0]LogSlate: Took 0.000133 seconds to synchronously load lazily loaded font '../../../Engine/Content/Slate/Fonts/Roboto-Regular.ttf' (155K)
[2017.12.14-16.27.30:770][  0]LogLoad: Took 2.238424 seconds to LoadMap(/Temp/Autosaves/Game/Maps/UEDPCMainMenuLevel)
[2017.12.14-16.27.31:032][  0]LogRenderer: Reallocating scene render targets to support 1280x720 Format 10 NumSamples 1 (Frame:1).
[2017.12.14-16.27.31:032][  0]LogLoad: (Engine Initialization) Total time: 20.18 seconds
[2017.12.14-16.27.31:032][  0]LogLoad: (Engine Initialization) Total Blueprint compile time: 0.00 seconds
[2017.12.14-16.27.31:032][  0]LogExternalProfiler: Found external profiler: VSPerf
[2017.12.14-16.27.31:032][  0]LogExternalProfiler: Using external profiler: VSPerf
[2017.12.14-16.27.31:050][  0]LogWindowsTextInputMethodSystem: Display: IME system now deactivated.
[2017.12.14-16.27.31:051][  0]LoadErrors: Error: /Game/Particle_effects/P_Shooting_Explosionit : Failed import for StaticMesh /Game/Particle_effects/Meshes/Torus.Torus [redirection] in /Game/Particle_effects/P_Shooting_Explosionit
[2017.12.14-16.28.23:057][295]LogAudio: Warning: Waited 36.598030ms for audio thread.
[2017.12.14-16.28.23:057][295]LogAudio: Warning: Waited 37.278591ms for audio thread.
[2017.12.14-16.28.24:793][353]LogInit: WinSock: I am AOTA1-1L141-09D (172.31.16.117:0)
[2017.12.14-16.29.05:963][578]LogAudio: Warning: Waited 36.392807ms for audio thread.
[2017.12.14-16.29.05:967][578]LogAudio: Warning: Waited 40.056728ms for audio thread.
[2017.12.14-16.29.06:218][585]LogAudio: Warning: Waited 41.255299ms for audio thread.
[2017.12.14-16.29.06:218][585]LogAudio: Warning: Waited 41.363167ms for audio thread.
[2017.12.14-16.29.06:842][602]LogAudio: Warning: Waited 56.418171ms for audio thread.
[2017.12.14-16.29.06:843][602]LogAudio: Warning: Waited 56.478264ms for audio thread.
[2017.12.14-16.29.07:414][619]LogAudio: Warning: Waited 51.338741ms for audio thread.
[2017.12.14-16.29.07:414][619]LogAudio: Warning: Waited 51.398232ms for audio thread.
=======
LogInit: Base directory: G:/Program Files/EpicGames/UE_4.17/Engine/Binaries/Win64/
LogInit: Installed Engine Build: 1
LogInit: Presizing for max 8388607 objects, including 0 objects not considered by GC, pre-allocating 0 bytes for permanent pool.
LogInit: Object subsystem initialized
[2017.12.14-16.26.18:798][  0]LogInit: Selected Device Profile: [Windows]
[2017.12.14-16.26.18:798][  0]LogInit: Applying CVar settings loaded from the selected device profile: [Windows]
[2017.12.14-16.26.18:806][  0]LogInit: Computer: LAPTOPJAKOB
[2017.12.14-16.26.18:806][  0]LogInit: User: jakob000
[2017.12.14-16.26.18:806][  0]LogInit: CPU Page size=4096, Cores=4
[2017.12.14-16.26.18:806][  0]LogInit: High frequency timer resolution =2.435776 MHz
[2017.12.14-16.26.18:807][  0]LogMemory: Memory total: Physical=15.9GB (16GB approx)
[2017.12.14-16.26.18:807][  0]LogMemory: Platform Memory Stats for Windows
[2017.12.14-16.26.18:807][  0]LogMemory: Process Physical Memory: 278.90 MB used, 278.90 MB peak
[2017.12.14-16.26.18:807][  0]LogMemory: Process Virtual Memory: 286.34 MB used, 286.34 MB peak
[2017.12.14-16.26.18:807][  0]LogMemory: Physical Memory: 7680.56 MB used,  8618.55 MB free, 16299.11 MB total
[2017.12.14-16.26.18:807][  0]LogMemory: Virtual Memory: 665.32 MB used,  8618.55 MB free, 134217728.00 MB total
[2017.12.14-16.26.18:922][  0]LogInit: Using OS detected language (en-GB).
[2017.12.14-16.26.18:922][  0]LogInit: Using OS detected locale (en-US).
[2017.12.14-16.26.18:924][  0]LogTextLocalizationManager: No specific localization for 'en-GB' exists, so the 'en' localization will be used.
[2017.12.14-16.26.19:380][  0]LogD3D11RHI: D3D11 adapters:
[2017.12.14-16.26.19:403][  0]LogD3D11RHI:    0. 'NVIDIA Quadro K2200M' (Feature Level 11_0)
[2017.12.14-16.26.19:403][  0]LogD3D11RHI:       1961/0/8149 MB DedicatedVideo/DedicatedSystem/SharedSystem, Outputs:1, VendorId:0x10de
[2017.12.14-16.26.19:404][  0]LogD3D11RHI:    1. 'Microsoft Basic Render Driver' (Feature Level 11_0)
[2017.12.14-16.26.19:404][  0]LogD3D11RHI:       0/0/256 MB DedicatedVideo/DedicatedSystem/SharedSystem, Outputs:0, VendorId:0x1414
[2017.12.14-16.26.19:404][  0]LogD3D11RHI: Chosen D3D11 Adapter: 0
[2017.12.14-16.26.19:409][  0]LogD3D11RHI: Creating new Direct3DDevice
[2017.12.14-16.26.19:409][  0]LogD3D11RHI:     GPU DeviceId: 0x13b3 (for the marketing name, search the web for "GPU Device Id")
[2017.12.14-16.26.19:409][  0]LogWindows: EnumDisplayDevices:
[2017.12.14-16.26.19:410][  0]LogWindows:    0. 'NVIDIA Quadro K2200M' (P:1 D:1)
[2017.12.14-16.26.19:410][  0]LogWindows:    1. 'NVIDIA Quadro K2200M' (P:0 D:0)
[2017.12.14-16.26.19:410][  0]LogWindows:    2. 'NVIDIA Quadro K2200M' (P:0 D:0)
[2017.12.14-16.26.19:410][  0]LogWindows:    3. 'NVIDIA Quadro K2200M' (P:0 D:0)
[2017.12.14-16.26.19:410][  0]LogWindows: DebugString: FoundDriverCount:4 
[2017.12.14-16.26.19:410][  0]LogD3D11RHI:     Adapter Name: NVIDIA Quadro K2200M
[2017.12.14-16.26.19:410][  0]LogD3D11RHI:   Driver Version: 385.73 (internal:22.21.13.8573, unified:385.73)
[2017.12.14-16.26.19:410][  0]LogD3D11RHI:      Driver Date: 9-25-2017
[2017.12.14-16.26.19:410][  0]LogRHI: Texture pool is 1361 MB (70% of 1945 MB)
[2017.12.14-16.26.19:423][  0]LogD3D11RHI: Async texture creation enabled
[2017.12.14-16.26.19:441][  0]LogD3D11RHI: GPU Timing Frequency: 1000.000000 (Debug: 2 2)
[2017.12.14-16.26.19:484][  0]LogShaderCompilers: Guid format shader working directory is -37 characters bigger than the processId version (../../../../../../DAE/DAE_2017_2018/Groupproject/spaghettiArms3/SpaghettiArms/HatTrick/Intermediate/Shaders/WorkingDirectory/12800/).
[2017.12.14-16.26.19:484][  0]LogShaderCompilers: Cleaned the shader compiler working directory 'C:/Users/jakob_000/AppData/Local/Temp/UnrealShaderWorkingDir/83D2A9624A45A7115A0974B71B5A6C0E/'.
[2017.12.14-16.26.19:484][  0]LogShaderCompilers: Display: Using Local Shader Compiler.
[2017.12.14-16.26.20:343][  0]LogTemp: Display: Loaded TP WindowsClientTargetPlatform
[2017.12.14-16.26.20:378][  0]LogTemp: Display: Loaded TP WindowsNoEditorTargetPlatform
[2017.12.14-16.26.20:413][  0]LogTemp: Display: Loaded TP WindowsServerTargetPlatform
[2017.12.14-16.26.20:449][  0]LogTemp: Display: Loaded TP WindowsTargetPlatform
[2017.12.14-16.26.20:449][  0]LogTargetPlatformManager: Display: Building Assets For Windows
[2017.12.14-16.26.20:730][  0]LogDerivedDataCache: Display: Max Cache Size: 512 MB
[2017.12.14-16.26.20:824][  0]LogDerivedDataCache: Loaded boot cache 0.09s 93MB C:/Users/jakob_000/AppData/Local/UnrealEngine/4.17/DerivedDataCache/Boot.ddc.
[2017.12.14-16.26.20:824][  0]LogDerivedDataCache: Display: Loaded Boot cache: C:/Users/jakob_000/AppData/Local/UnrealEngine/4.17/DerivedDataCache/Boot.ddc
[2017.12.14-16.26.20:824][  0]LogDerivedDataCache: FDerivedDataBackendGraph:  Pak pak cache file ../../../../../../DAE/DAE_2017_2018/Groupproject/spaghettiArms3/SpaghettiArms/HatTrick/DerivedDataCache/DDC.ddp not found, will not use a pak cache.
[2017.12.14-16.26.20:824][  0]LogDerivedDataCache: Unable to find inner node Pak for hierarchical cache Hierarchy.
[2017.12.14-16.26.20:824][  0]LogDerivedDataCache: FDerivedDataBackendGraph:  CompressedPak pak cache file ../../../../../../DAE/DAE_2017_2018/Groupproject/spaghettiArms3/SpaghettiArms/HatTrick/DerivedDataCache/Compressed.ddp not found, will not use a pak cache.
[2017.12.14-16.26.20:824][  0]LogDerivedDataCache: Unable to find inner node CompressedPak for hierarchical cache Hierarchy.
[2017.12.14-16.26.20:843][  0]LogDerivedDataCache: Display: Pak cache opened for reading ../../../Engine/DerivedDataCache/Compressed.ddp.
[2017.12.14-16.26.20:844][  0]LogDerivedDataCache: Warning: Fail to write to C:/Users/jakob_000/AppData/Local/UnrealEngine/Common/DerivedDataCache, derived data cache to this directory will be read only.
[2017.12.14-16.26.20:844][  0]LogDerivedDataCache: Using Local data cache path C:/Users/jakob_000/AppData/Local/UnrealEngine/Common/DerivedDataCache: Writable
[2017.12.14-16.26.20:854][  0]LogMaterial: Verifying Global Shaders for PCD3D_SM5
[2017.12.14-16.26.20:854][  0]LogSlate: Using Freetype 2.6.0
[2017.12.14-16.26.20:855][  0]LogSlate: SlateFontCache - WITH_FREETYPE: 1, WITH_HARFBUZZ: 1
[2017.12.14-16.26.20:855][  0]LogSlate: SlateFontCache - WITH_FREETYPE: 1, WITH_HARFBUZZ: 1
[2017.12.14-16.26.21:080][  0]LogAssetRegistry: FAssetRegistry took 0.0048 seconds to start up
[2017.12.14-16.26.21:107][  0]LogPackageLocalizationCache: Processed 5 localized package path(s) for 2 prioritized culture(s) in 0.012040 seconds
[2017.12.14-16.26.21:192][  0]LogInit: Selected Device Profile: [Windows]
[2017.12.14-16.26.21:298][  0]LogContentStreaming: Texture pool size is 1000.00 MB
[2017.12.14-16.26.21:515][  0]LogSimplygon: Simplygon DLL not present - disabling.
[2017.12.14-16.26.21:539][  0]LogMeshReduction: Using SimplygonSwarm for distributed automatic mesh merging
[2017.12.14-16.26.21:539][  0]LogMeshReduction: Using QuadricMeshReduction for automatic static mesh reduction
[2017.12.14-16.26.21:539][  0]LogMeshReduction: No automatic skeletal mesh reduction module available
[2017.12.14-16.26.21:539][  0]LogMeshReduction: No automatic mesh merging module available
[2017.12.14-16.26.21:539][  0]LogMeshMerging: No automatic mesh merging module available
[2017.12.14-16.26.21:833][  0]LogNetVersion: HatTrick , NetCL: 3573198, EngineNetVer: 2, GameNetVer: 0 (Checksum: 4276059040)
[2017.12.14-16.26.22:698][  0]LogMoviePlayer: Initializing movie player
[2017.12.14-16.26.22:934][  0]LogCollectionManager: Loaded 0 collections in 0.000723 seconds
[2017.12.14-16.26.22:979][  0]LogFileCache: Scanning file cache for directory 'G:/DAE/DAE_2017_2018/Groupproject/spaghettiArms3/SpaghettiArms/HatTrick/Saved/Collections/' took 0.01s
[2017.12.14-16.26.22:979][  0]LogFileCache: Scanning file cache for directory 'G:/DAE/DAE_2017_2018/Groupproject/spaghettiArms3/SpaghettiArms/HatTrick/Content/Developers/jakob000/Collections/' took 0.01s
[2017.12.14-16.26.22:979][  0]LogFileCache: Scanning file cache for directory 'G:/DAE/DAE_2017_2018/Groupproject/spaghettiArms3/SpaghettiArms/HatTrick/Content/Collections/' took 0.01s
[2017.12.14-16.26.22:979][  0]LogCollectionManager: Rebuilt the object cache for 0 collections in 0.000000 seconds (found 0 objects)
[2017.12.14-16.26.22:979][  0]LogCollectionManager: Fixed up redirectors for 0 collections in 0.000089 seconds (updated 0 objects)
[2017.12.14-16.26.23:076][  0]LogTcpMessaging: Initializing TcpMessaging bridge
[2017.12.14-16.26.23:103][  0]LogUdpMessaging: Initializing bridge on interface 0.0.0.0:0 to multicast group 230.0.0.1:6666.
[2017.12.14-16.26.23:419][  0]SourceControl: Source control is disabled
[2017.12.14-16.26.23:419][  0]SourceControl: Source control is disabled
[2017.12.14-16.26.23:446][  0]SourceControl: Source control is disabled
[2017.12.14-16.26.23:568][  0]LogAndroidPermission: UAndroidPermissionCallbackProxy::GetInstance
[2017.12.14-16.26.23:704][  0]LogOcInput: OculusInput pre-init called
[2017.12.14-16.26.23:767][  0]LogUObjectArray: 38666 objects as part of root set at end of initial load.
[2017.12.14-16.26.23:767][  0]LogUObjectAllocator: 8464848 out of 0 bytes used by permanent object pool.
[2017.12.14-16.26.23:767][  0]LogUObjectArray: CloseDisregardForGC: 0/0 objects in disregard for GC pool
[2017.12.14-16.26.23:849][  0]LogEngine: Initializing Engine...
[2017.12.14-16.26.23:851][  0]LogHMD: Failed to initialize OpenVR with code 110
[2017.12.14-16.26.24:040][  0]LogStats: UGameplayTagsManager::ConstructGameplayTagTree: Construct from data asset -  0.000 s
[2017.12.14-16.26.24:040][  0]LogStats: UGameplayTagsManager::ConstructGameplayTagTree: GameplayTagTreeChangedEvent.Broadcast -  0.000 s
[2017.12.14-16.26.24:046][  0]LogInit: XAudio2 using 'Speakers/Headphones (Realtek High Definition Audio)' : 2 channels at 48 kHz using 32 bits per sample (channel mask 0x3)
[2017.12.14-16.26.24:058][  0]LogInit: FAudioDevice initialized.
[2017.12.14-16.26.24:080][  0]LogInit: Texture streaming: Enabled
[2017.12.14-16.26.24:101][  0]LogMaterial: Uniform references updated for custom material expression Custom.
[2017.12.14-16.26.24:286][  0]LogSlateStyle: Warning: Unable to find Slate Widget Style 'NormalText'. Using FTextBlockStyle defaults instead.
[2017.12.14-16.26.24:286][  0]LogSlateStyle: Warning: Unable to find Slate Widget Style 'SpinBox'. Using FSpinBoxStyle defaults instead.
[2017.12.14-16.26.24:414][  0]LogInit: Display: Game Engine Initialized.
[2017.12.14-16.26.24:414][  0]LogGameplayTags: Display: UGameplayTagsManager::DoneAddingNativeTags. DelegateIsBound: 0
[2017.12.14-16.26.24:503][  0]LogInit: Display: Starting Game.
[2017.12.14-16.26.24:503][  0]LogNet: Browse: /Temp/Autosaves/Game/Maps/UEDPCMainMenuLevel?Name=Player
[2017.12.14-16.26.24:503][  0]LogLoad: LoadMap: /Temp/Autosaves/Game/Maps/UEDPCMainMenuLevel?Name=Player
[2017.12.14-16.26.24:523][  0]LogMemory: Platform Memory Stats for Windows
[2017.12.14-16.26.24:523][  0]LogMemory: Process Physical Memory: 805.16 MB used, 935.36 MB peak
[2017.12.14-16.26.24:523][  0]LogMemory: Process Virtual Memory: 922.83 MB used, 1008.11 MB peak
[2017.12.14-16.26.24:523][  0]LogMemory: Physical Memory: 8142.35 MB used,  8156.75 MB free, 16299.11 MB total
[2017.12.14-16.26.24:523][  0]LogMemory: Virtual Memory: 1497.33 MB used,  8156.75 MB free, 134217728.00 MB total
[2017.12.14-16.26.24:523][  0]LogMemory: 
[2017.12.14-16.26.24:523][  0]Allocator Stats for TBB: (not implemented)
[2017.12.14-16.26.25:013][  0]LogLinker: Warning: Can't find file '/Game/Particle_effects/Meshes/M_Torus'
[2017.12.14-16.26.25:013][  0]LoadErrors: Failed to load /Game/Particle_effects/Meshes/M_Torus.M_Torus Referenced by Torus
[2017.12.14-16.26.25:013][  0]LogUObjectGlobals: Warning: Failed to load '/Game/Particle_effects/Meshes/M_Torus': Can't find file '/Game/Particle_effects/Meshes/M_Torus'
[2017.12.14-16.26.25:013][  0]LogLinker: Warning: Can't find file for asset '/Game/Particle_effects/Meshes/M_Torus' while loading NULL.
[2017.12.14-16.26.25:013][  0]LoadErrors: Failed to load /Game/Particle_effects/Meshes/M_Torus.M_Torus Referenced by Torus
[2017.12.14-16.26.25:013][  0]LogUObjectGlobals: Warning: Failed to load '/Game/Particle_effects/Meshes/M_Torus': Can't find file for asset '/Game/Particle_effects/Meshes/M_Torus' while loading NULL.
[2017.12.14-16.26.25:014][  0]LogLinker: Warning: Can't find file '/Game/Particle_effects/Meshes/M_Torus'
[2017.12.14-16.26.25:014][  0]LoadErrors: Failed to load /Game/Particle_effects/Meshes/M_Torus.M_Torus Referenced by Torus
[2017.12.14-16.26.25:014][  0]LogUObjectGlobals: Warning: Failed to load '/Game/Particle_effects/Meshes/M_Torus': Can't find file '/Game/Particle_effects/Meshes/M_Torus'
[2017.12.14-16.26.25:014][  0]LogLinker: Warning: Can't find file for asset '/Game/Particle_effects/Meshes/M_Torus' while loading NULL.
[2017.12.14-16.26.25:014][  0]LoadErrors: Failed to load /Game/Particle_effects/Meshes/M_Torus.M_Torus Referenced by Torus
[2017.12.14-16.26.25:014][  0]LogUObjectGlobals: Warning: Failed to load '/Game/Particle_effects/Meshes/M_Torus': Can't find file for asset '/Game/Particle_effects/Meshes/M_Torus' while loading NULL.
[2017.12.14-16.26.25:225][  0]LogAIModule: Creating AISystem for world MainMenuLevel
[2017.12.14-16.26.25:225][  0]LogLoad: Game class is 'FirstPersonGameMode_C'
[2017.12.14-16.26.25:226][  0]LogWorld: Bringing World /Temp/Autosaves/Game/Maps/UEDPCMainMenuLevel.MainMenuLevel up for play (max tick rate 0) at 2017.12.14-18.26.25
[2017.12.14-16.26.25:227][  0]LogWorld: Bringing up level for play took: 0.000682
[2017.12.14-16.26.25:228][  0]LogSpawn: Warning: SpawnActor failed because no class was specified
[2017.12.14-16.26.25:244][  0]LogSlate: Took 0.000132 seconds to synchronously load lazily loaded font '../../../Engine/Content/Slate/Fonts/Roboto-Regular.ttf' (155K)
[2017.12.14-16.26.25:248][  0]LogLoad: Took 0.743940 seconds to LoadMap(/Temp/Autosaves/Game/Maps/UEDPCMainMenuLevel)
[2017.12.14-16.26.25:386][  0]LogRenderer: Reallocating scene render targets to support 1280x720 Format 10 NumSamples 1 (Frame:1).
[2017.12.14-16.26.25:386][  0]LogLoad: (Engine Initialization) Total time: 7.96 seconds
[2017.12.14-16.26.25:386][  0]LogLoad: (Engine Initialization) Total Blueprint compile time: 0.00 seconds
[2017.12.14-16.26.25:386][  0]LogExternalProfiler: No external profilers were discovered.  External profiling features will not be available.
[2017.12.14-16.26.25:404][  0]LoadErrors: Error: /Game/Particle_effects/P_Shooting_Explosionit : Failed import for StaticMesh /Game/Particle_effects/Meshes/Torus.Torus [redirection] in /Game/Particle_effects/P_Shooting_Explosionit
[2017.12.14-16.26.33:528][498]LogNetVersion: HatTrick 0.0.0.1, NetCL: 3573198, EngineNetVer: 2, GameNetVer: 0 (Checksum: 3540992105)
[2017.12.14-16.26.33:530][498]LogInit: WinSock: I am laptopjakob (172.31.20.111:0)
[2017.12.14-16.26.33:587][498]LogPackageName: SearchForPackageOnDisk took   0.057s to resolve Duel1-1.umap.
[2017.12.14-16.26.33:634][498]LogPackageName: SearchForPackageOnDisk took   0.046s to resolve Duel1-1.umap.
[2017.12.14-16.26.33:634][498]LogNet: Browse: /Game/Maps/Duel1-1?listen
[2017.12.14-16.26.33:634][498]LogLoad: LoadMap: /Game/Maps/Duel1-1?listen
[2017.12.14-16.26.33:671][498]LogMemory: Platform Memory Stats for Windows
[2017.12.14-16.26.33:671][498]LogMemory: Process Physical Memory: 868.01 MB used, 935.36 MB peak
[2017.12.14-16.26.33:671][498]LogMemory: Process Virtual Memory: 1141.26 MB used, 1203.14 MB peak
[2017.12.14-16.26.33:671][498]LogMemory: Physical Memory: 8421.63 MB used,  7877.48 MB free, 16299.11 MB total
[2017.12.14-16.26.33:671][498]LogMemory: Virtual Memory: 1765.67 MB used,  7877.48 MB free, 134217728.00 MB total
[2017.12.14-16.26.33:671][498]LogMemory: 
[2017.12.14-16.26.33:671][498]Allocator Stats for TBB: (not implemented)
[2017.12.14-16.26.34:657][498]LogLinker: Warning: Can't find file '/Game/Particle_effects/Meshes/M_Torus'
[2017.12.14-16.26.34:657][498]LoadErrors: Failed to load /Game/Particle_effects/Meshes/M_Torus.M_Torus Referenced by Torus
[2017.12.14-16.26.34:657][498]LogUObjectGlobals: Warning: Failed to load '/Game/Particle_effects/Meshes/M_Torus': Can't find file '/Game/Particle_effects/Meshes/M_Torus'
[2017.12.14-16.26.34:658][498]LogLinker: Warning: Can't find file for asset '/Game/Particle_effects/Meshes/M_Torus' while loading NULL.
[2017.12.14-16.26.34:658][498]LoadErrors: Failed to load /Game/Particle_effects/Meshes/M_Torus.M_Torus Referenced by Torus
[2017.12.14-16.26.34:658][498]LogUObjectGlobals: Warning: Failed to load '/Game/Particle_effects/Meshes/M_Torus': Can't find file for asset '/Game/Particle_effects/Meshes/M_Torus' while loading NULL.
[2017.12.14-16.26.34:658][498]LogLinker: Warning: Can't find file '/Game/Particle_effects/Meshes/M_Torus'
[2017.12.14-16.26.34:658][498]LoadErrors: Failed to load /Game/Particle_effects/Meshes/M_Torus.M_Torus Referenced by Torus
[2017.12.14-16.26.34:658][498]LogUObjectGlobals: Warning: Failed to load '/Game/Particle_effects/Meshes/M_Torus': Can't find file '/Game/Particle_effects/Meshes/M_Torus'
[2017.12.14-16.26.34:658][498]LogLinker: Warning: Can't find file for asset '/Game/Particle_effects/Meshes/M_Torus' while loading NULL.
[2017.12.14-16.26.34:658][498]LoadErrors: Failed to load /Game/Particle_effects/Meshes/M_Torus.M_Torus Referenced by Torus
[2017.12.14-16.26.34:658][498]LogUObjectGlobals: Warning: Failed to load '/Game/Particle_effects/Meshes/M_Torus': Can't find file for asset '/Game/Particle_effects/Meshes/M_Torus' while loading NULL.
[2017.12.14-16.26.34:695][498]LogLinker: Warning: Can't find file '/Game/Maps/Duel1-1_BuiltData'
[2017.12.14-16.26.34:695][498]LoadErrors: Failed to load /Game/Maps/Duel1-1_BuiltData.Duel1-1_BuiltData Referenced by PersistentLevel
[2017.12.14-16.26.34:695][498]LogUObjectGlobals: Warning: Failed to load '/Game/Maps/Duel1-1_BuiltData': Can't find file '/Game/Maps/Duel1-1_BuiltData'
[2017.12.14-16.26.34:695][498]LogLinker: Warning: Can't find file for asset '/Game/Maps/Duel1-1_BuiltData' while loading NULL.
[2017.12.14-16.26.34:695][498]LoadErrors: Failed to load /Game/Maps/Duel1-1_BuiltData.Duel1-1_BuiltData Referenced by PersistentLevel
[2017.12.14-16.26.34:695][498]LogUObjectGlobals: Warning: Failed to load '/Game/Maps/Duel1-1_BuiltData': Can't find file for asset '/Game/Maps/Duel1-1_BuiltData' while loading NULL.
[2017.12.14-16.26.35:104][498]LogMaterial: Missing cached shader map for material M_Burst, compiling. 
[2017.12.14-16.26.35:140][498]LogMaterial: Warning: Failed to compile Material /Game/StarterContent/Particles/Materials/M_Burst.M_Burst for platform PCD3D_SM5, Default Material will be used in game.
[2017.12.14-16.26.35:140][498]LogMaterial: Warning: 	(Node TextureSample) Texture Sample> Missing input texture
[2017.12.14-16.26.35:170][498]LogMaterial: Missing cached shader map for material M_explosion_subUV, compiling. 
[2017.12.14-16.26.35:171][498]LogMaterial: Warning: Failed to compile Material /Game/StarterContent/Particles/Materials/M_explosion_subUV.M_explosion_subUV for platform PCD3D_SM5, Default Material will be used in game.
[2017.12.14-16.26.35:171][498]LogMaterial: Warning: 	(Node ParticleSubUV) Missing ParticleSubUV input texture
[2017.12.14-16.26.35:173][498]LogMaterial: Missing cached shader map for material M_smoke_subUV, compiling. 
[2017.12.14-16.26.35:173][498]LogMaterial: Warning: Failed to compile Material /Game/StarterContent/Particles/Materials/M_smoke_subUV.M_smoke_subUV for platform PCD3D_SM5, Default Material will be used in game.
[2017.12.14-16.26.35:173][498]LogMaterial: Warning: 	(Node TextureSample) Texture Sample> Missing input texture
[2017.12.14-16.26.35:173][498]LogMaterial: Warning: 	(Node ParticleSubUV) Missing ParticleSubUV input texture
[2017.12.14-16.26.35:497][498]LogTexture: Display: Building textures: Texture2D_9 (BGRA8, 16X16)
[2017.12.14-16.26.35:498][498]LogTexture: Display: Building textures: Texture2D_10 (BGRA8, 16X16)
[2017.12.14-16.26.35:498][498]LogTexture: Display: Building textures: Texture2D_0 (BGRA8, 16X16)
[2017.12.14-16.26.35:498][498]LogTexture: Display: Building textures: Texture2D_1 (BGRA8, 16X16)
[2017.12.14-16.26.35:499][498]LogTexture: Display: Building textures: Texture2D_2 (BGRA8, 16X16)
[2017.12.14-16.26.35:499][498]LogTexture: Display: Building textures: Texture2D_3 (BGRA8, 16X16)
[2017.12.14-16.26.35:499][498]LogTexture: Display: Building textures: Texture2D_4 (BGRA8, 16X16)
[2017.12.14-16.26.35:500][498]LogTexture: Display: Building textures: Texture2D_5 (BGRA8, 16X16)
[2017.12.14-16.26.35:500][498]LogTexture: Display: Building textures: Texture2D_6 (BGRA8, 16X16)
[2017.12.14-16.26.35:500][498]LogTexture: Display: Building textures: Texture2D_7 (BGRA8, 16X16)
[2017.12.14-16.26.35:501][498]LogTexture: Display: Building textures: Texture2D_8 (BGRA8, 16X16)
[2017.12.14-16.26.35:511][498]LogAIModule: Creating AISystem for world Duel1-1
[2017.12.14-16.26.35:511][498]LogLoad: Game class is 'FirstPersonGameMode_C'
[2017.12.14-16.26.35:537][498]LogTemp: Display: ParseSettings for GameNetDriver
[2017.12.14-16.26.35:537][498]LogTemp: Display: ParseSettings for IpNetDriver_0
[2017.12.14-16.26.35:537][498]LogTemp: Display: ParseSettings for GameNetDriver
[2017.12.14-16.26.35:557][498]LogDerivedDataCache: Warning: FDerivedDataBackendAsyncPutWrapper: Put failed, keeping in memory copy TEXTURE_814DCC3DC72143F49509781513CB9855_BGRA8_F58C305F4638B2D6E12BE0B6E46DDEC__1E9156552D2EEBC3005B6EC9E9C33EF5A1FE21BD.
[2017.12.14-16.26.35:557][498]LogDerivedDataCache: Warning: FDerivedDataBackendAsyncPutWrapper: Put failed, keeping in memory copy TEXTURE_814DCC3DC72143F49509781513CB9855_BGRA8_73ECFA9441326B3022F1179ECF3EA4E__1747785929C67B2BC2A1C913EB64941C75C272DD.
[2017.12.14-16.26.35:557][498]LogDerivedDataCache: Warning: FDerivedDataBackendAsyncPutWrapper: Put failed, keeping in memory copy TEXTURE_814DCC3DC72143F49509781513CB9855_BGRA8_648CC4A242669327EE42929F63122B0__3A4866D1EF3CE501FFBD3C2602F734784FACBE44.
[2017.12.14-16.26.35:557][498]LogDerivedDataCache: Warning: FDerivedDataBackendAsyncPutWrapper: Put failed, keeping in memory copy TEXTURE_814DCC3DC72143F49509781513CB9855_BGRA8_842814FF4A202007A9DFA1806DEE20D__57786678E99162AE8306FA4C16435C8964572ACB.
[2017.12.14-16.26.35:557][498]LogDerivedDataCache: Warning: FDerivedDataBackendAsyncPutWrapper: Put failed, keeping in memory copy TEXTURE_814DCC3DC72143F49509781513CB9855_BGRA8_CAC80FB64DA1EBE3A4145C8AD33B2EB__F139F14CC741DE1B6DCDB352D63A964E4FC0B063.
[2017.12.14-16.26.35:557][498]LogDerivedDataCache: Warning: FDerivedDataBackendAsyncPutWrapper: Put failed, keeping in memory copy TEXTURE_814DCC3DC72143F49509781513CB9855_BGRA8_0D4040CD4CFE1AED91CFA4B81961232__18303BD15D55E04237B2A9490457BE350D3F3A2E.
[2017.12.14-16.26.35:557][498]LogDerivedDataCache: Warning: FDerivedDataBackendAsyncPutWrapper: Put failed, keeping in memory copy TEXTURE_814DCC3DC72143F49509781513CB9855_BGRA8_B5C3408645CF7B3177D29599951468D__E9DEC2C21E0C1E3404895764E4AE15552F26CD46.
[2017.12.14-16.26.35:557][498]LogDerivedDataCache: Warning: FDerivedDataBackendAsyncPutWrapper: Put failed, keeping in memory copy TEXTURE_814DCC3DC72143F49509781513CB9855_BGRA8_E4519E9A4AAE14FD14D53EA867A82C0__EE59BBD5E163831BA054D76854C1E8567FAFF83B.
[2017.12.14-16.26.35:557][498]LogDerivedDataCache: Warning: FDerivedDataBackendAsyncPutWrapper: Put failed, keeping in memory copy TEXTURE_814DCC3DC72143F49509781513CB9855_BGRA8_645C68284D4553F33CA824A1EDF8A8D__D859206BF406B89733509B6BF3B67A879F5B3385.
[2017.12.14-16.26.35:557][498]LogDerivedDataCache: Warning: FDerivedDataBackendAsyncPutWrapper: Put failed, keeping in memory copy TEXTURE_814DCC3DC72143F49509781513CB9855_BGRA8_CE6DD2EB4ABA1735AA3C328A993105E__CD02ED9E126D4B0E453165A9B437F2E69F2253A3.
[2017.12.14-16.26.35:557][498]LogDerivedDataCache: Warning: FDerivedDataBackendAsyncPutWrapper: Put failed, keeping in memory copy TEXTURE_814DCC3DC72143F49509781513CB9855_BGRA8_05BE2C7045E01A7D0789EAB90E81CC2__9D9CDA0C2C8DF1AB556E35030AE869BE6C59F8CD.
[2017.12.14-16.26.35:557][498]LogInit: WinSock: Socket queue 131072 / 131072
[2017.12.14-16.26.35:557][498]PacketHandlerLog: Loaded PacketHandler component: Engine.EngineHandlerComponentFactory (StatelessConnectHandlerComponent)
[2017.12.14-16.26.35:558][498]LogNet: GameNetDriver IpNetDriver_0 IpNetDriver listening on port 7777
[2017.12.14-16.26.35:569][498]LogPhysics: Warning: Initialising Body : Scale3D is (nearly) zero: Component: '/Game/Maps/Duel1-1.Duel1-1:PersistentLevel.M_Resident_House_5939.M_09_Bottle_Large' 
[2017.12.14-16.26.35:569][498]LogPhysics: Warning: Initialising Body : Scale3D is (nearly) zero: Component: '/Game/Maps/Duel1-1.Duel1-1:PersistentLevel.M_Resident_House_5939.M_09_Bottle_Round' 
[2017.12.14-16.26.35:602][498]LogPhysics: Warning: Initialising Body : Scale3D is (nearly) zero: Component: '/Game/Maps/Duel1-1.Duel1-1:PersistentLevel.M_Resident_House_5939.M_09_Bottle_Large' 
[2017.12.14-16.26.35:602][498]LogPhysics: Warning: Initialising Body : Scale3D is (nearly) zero: Component: '/Game/Maps/Duel1-1.Duel1-1:PersistentLevel.M_Resident_House_5939.M_09_Bottle_Round' 
[2017.12.14-16.26.35:604][498]LogPhysics: Warning: Initialising Body : Scale3D is (nearly) zero: Component: '/Game/Maps/Duel1-1.Duel1-1:PersistentLevel.M_Resident_House_5939.M_09_Bottle_Large' 
[2017.12.14-16.26.35:604][498]LogPhysics: Warning: Initialising Body : Scale3D is (nearly) zero: Component: '/Game/Maps/Duel1-1.Duel1-1:PersistentLevel.M_Resident_House_5939.M_09_Bottle_Round' 
[2017.12.14-16.26.35:646][498]LogWorld: Bringing World /Game/Maps/Duel1-1.Duel1-1 up for play (max tick rate 0) at 2017.12.14-18.26.35
[2017.12.14-16.26.35:671][498]LogWorld: Bringing up level for play took: 0.112368
[2017.12.14-16.26.35:681][498]LogSpawn: Warning: SpawnActor failed because no class was specified
[2017.12.14-16.26.35:688][498]LogLoad: Took 2.054354 seconds to LoadMap(/Game/Maps/Duel1-1)
[2017.12.14-16.26.35:689][498]PIE: Warning: Mobility of /Game/Maps/Duel1-1.Duel1-1:PersistentLevel.BP_HealthPack2_576 : DefaultSceneRoot has to be 'Movable' if you'd like to move it with RotatingMovementComponent. 
[2017.12.14-16.26.35:689][498]PIE: Warning: Mobility of /Game/Maps/Duel1-1.Duel1-1:PersistentLevel.BP_HealthPack3_787 : DefaultSceneRoot has to be 'Movable' if you'd like to move it with RotatingMovementComponent. 
[2017.12.14-16.26.35:689][498]PIE: Warning: Mobility of /Game/Maps/Duel1-1.Duel1-1:PersistentLevel.BP_HealthPack4_1106 : DefaultSceneRoot has to be 'Movable' if you'd like to move it with RotatingMovementComponent. 
[2017.12.14-16.26.35:689][498]PIE: Warning: Mobility of /Game/Maps/Duel1-1.Duel1-1:PersistentLevel.BP_HealthPack_262 : DefaultSceneRoot has to be 'Movable' if you'd like to move it with RotatingMovementComponent. 
[2017.12.14-16.26.35:709][499]LoadErrors: Error: /Game/Particle_effects/P_Shooting_Explosionit : Failed import for StaticMesh /Game/Particle_effects/Meshes/Torus.Torus [redirection] in /Game/Particle_effects/P_Shooting_Explosionit
[2017.12.14-16.26.39:545][705]LogBlueprintUserMessages: [FirstPersonCharacter_C_0] Shot fired
[2017.12.14-16.26.39:635][708]LogBlueprintUserMessages: [Bullet_01_C_0] Hit
[2017.12.14-16.26.40:027][729]LogBlueprintUserMessages: [FirstPersonCharacter_C_0] Shot fired
[2017.12.14-16.26.40:259][742]LogBlueprintUserMessages: [Bullet_01_C_1] Hit
[2017.12.14-16.26.40:597][761]LogBlueprintUserMessages: [FirstPersonCharacter_C_0] Shot fired
[2017.12.14-16.26.40:684][766]LogBlueprintUserMessages: [Bullet_01_C_2] Hit
[2017.12.14-16.26.41:081][788]LogBlueprintUserMessages: [FirstPersonCharacter_C_0] Shot fired
[2017.12.14-16.26.41:182][794]LogBlueprintUserMessages: [Bullet_01_C_3] Hit
[2017.12.14-16.27.06:626][306]LogBlueprintUserMessages: [FirstPersonCharacter_C_0] Shot fired
[2017.12.14-16.27.06:738][313]LogBlueprintUserMessages: [Bullet_01_C_4] Hit
[2017.12.14-16.27.11:803][584]LogBlueprintUserMessages: [FirstPersonCharacter_C_0] Shot fired
[2017.12.14-16.27.13:840][666]LogBlueprintUserMessages: [FirstPersonCharacter_C_0] Shot fired
[2017.12.14-16.27.13:896][668]LogBlueprintUserMessages: [Bullet_01_C_6] Hit
[2017.12.14-16.27.14:352][684]LogBlueprintUserMessages: [FirstPersonCharacter_C_0] Shot fired
[2017.12.14-16.27.14:436][687]LogBlueprintUserMessages: [Bullet_01_C_7] Hit
[2017.12.14-16.27.14:826][703]LogBlueprintUserMessages: [FirstPersonCharacter_C_0] Shot fired
[2017.12.14-16.27.14:827][703]LogBlueprintUserMessages: [Bullet_01_C_8] Hit
[2017.12.14-16.27.36:463][893]LogBlueprintUserMessages: [FirstPersonCharacter_C_1] Shot fired
[2017.12.14-16.27.36:500][895]LogBlueprintUserMessages: [Bullet_01_C_9] Hit
[2017.12.14-16.27.36:942][913]LogBlueprintUserMessages: [FirstPersonCharacter_C_1] Shot fired
[2017.12.14-16.27.36:972][914]LogBlueprintUserMessages: [Bullet_01_C_10] Hit
[2017.12.14-16.27.37:443][930]LogBlueprintUserMessages: [FirstPersonCharacter_C_1] Shot fired
[2017.12.14-16.27.37:443][930]LogBlueprintUserMessages: [Bullet_01_C_11] Hit
[2017.12.14-16.27.37:948][951]LogBlueprintUserMessages: [FirstPersonCharacter_C_1] Shot fired
[2017.12.14-16.27.37:996][953]LogBlueprintUserMessages: [Bullet_01_C_12] Hit
[2017.12.14-16.27.39:934][ 32]LogBlueprintUserMessages: [FirstPersonCharacter_C_1] Shot fired
[2017.12.14-16.27.40:118][ 39]LogBlueprintUserMessages: [Bullet_01_C_13] Hit
[2017.12.14-16.27.40:751][ 62]LogBlueprintUserMessages: [FirstPersonCharacter_C_1] Shot fired
[2017.12.14-16.27.40:880][ 66]LogBlueprintUserMessages: [Bullet_01_C_14] Hit
[2017.12.14-16.27.44:304][135]LogBlueprintUserMessages: [FirstPersonCharacter_C_1] Shot fired
[2017.12.14-16.27.44:529][141]LogBlueprintUserMessages: [Bullet_01_C_15] Hit
[2017.12.14-16.27.44:802][148]LogBlueprintUserMessages: [FirstPersonCharacter_C_1] Shot fired
[2017.12.14-16.27.45:021][152]LogBlueprintUserMessages: [Bullet_01_C_16] Hit
[2017.12.14-16.27.45:340][158]LogBlueprintUserMessages: [FirstPersonCharacter_C_1] Shot fired
[2017.12.14-16.27.45:393][159]LogBlueprintUserMessages: [Bullet_01_C_17] Hit
[2017.12.14-16.27.55:008][502]LogBlueprintUserMessages: [FirstPersonCharacter_C_1] Shot fired
[2017.12.14-16.27.55:507][533]LogBlueprintUserMessages: [FirstPersonCharacter_C_1] Shot fired
[2017.12.14-16.27.55:668][543]LogBlueprintUserMessages: [Bullet_01_C_19] Hit
[2017.12.14-16.27.55:991][563]LogBlueprintUserMessages: [FirstPersonCharacter_C_1] Shot fired
[2017.12.14-16.27.56:136][572]LogBlueprintUserMessages: [Bullet_01_C_20] Hit
[2017.12.14-16.27.56:876][612]LogPackageName: SearchForPackageOnDisk took   0.094s to resolve MainMenuLevel.umap.
[2017.12.14-16.27.56:924][613]LogPackageName: SearchForPackageOnDisk took   0.046s to resolve MainMenuLevel.umap.
[2017.12.14-16.27.56:924][613]LogNet: Browse: /Game/Maps/MainMenuLevel
[2017.12.14-16.27.56:924][613]LogLoad: LoadMap: /Game/Maps/MainMenuLevel
[2017.12.14-16.27.56:925][613]LogNet: World NetDriver shutdown IpNetDriver_0 [GameNetDriver]
[2017.12.14-16.27.56:925][613]LogNet: DestroyNamedNetDriver IpNetDriver_0 [GameNetDriver]
[2017.12.14-16.27.56:925][613]LogExit: GameNetDriver IpNetDriver_0 shut down
[2017.12.14-16.27.56:980][613]LogMemory: Platform Memory Stats for Windows
[2017.12.14-16.27.56:980][613]LogMemory: Process Physical Memory: 1185.05 MB used, 1207.82 MB peak
[2017.12.14-16.27.56:980][613]LogMemory: Process Virtual Memory: 1668.27 MB used, 2064.48 MB peak
[2017.12.14-16.27.56:980][613]LogMemory: Physical Memory: 9198.38 MB used,  7100.73 MB free, 16299.11 MB total
[2017.12.14-16.27.56:980][613]LogMemory: Virtual Memory: 2309.16 MB used,  7100.73 MB free, 134217728.00 MB total
[2017.12.14-16.27.56:980][613]LogMemory: 
[2017.12.14-16.27.56:980][613]Allocator Stats for TBB: (not implemented)
[2017.12.14-16.27.57:447][613]LogLinker: Warning: Can't find file '/Game/Particle_effects/Meshes/M_Torus'
[2017.12.14-16.27.57:447][613]LoadErrors: Failed to load /Game/Particle_effects/Meshes/M_Torus.M_Torus Referenced by Torus
[2017.12.14-16.27.57:447][613]LogUObjectGlobals: Warning: Failed to load '/Game/Particle_effects/Meshes/M_Torus': Can't find file '/Game/Particle_effects/Meshes/M_Torus'
[2017.12.14-16.27.57:447][613]LogLinker: Warning: Can't find file for asset '/Game/Particle_effects/Meshes/M_Torus' while loading NULL.
[2017.12.14-16.27.57:447][613]LoadErrors: Failed to load /Game/Particle_effects/Meshes/M_Torus.M_Torus Referenced by Torus
[2017.12.14-16.27.57:447][613]LogUObjectGlobals: Warning: Failed to load '/Game/Particle_effects/Meshes/M_Torus': Can't find file for asset '/Game/Particle_effects/Meshes/M_Torus' while loading NULL.
[2017.12.14-16.27.57:448][613]LogLinker: Warning: Can't find file '/Game/Particle_effects/Meshes/M_Torus'
[2017.12.14-16.27.57:448][613]LoadErrors: Failed to load /Game/Particle_effects/Meshes/M_Torus.M_Torus Referenced by Torus
[2017.12.14-16.27.57:448][613]LogUObjectGlobals: Warning: Failed to load '/Game/Particle_effects/Meshes/M_Torus': Can't find file '/Game/Particle_effects/Meshes/M_Torus'
[2017.12.14-16.27.57:448][613]LogLinker: Warning: Can't find file for asset '/Game/Particle_effects/Meshes/M_Torus' while loading NULL.
[2017.12.14-16.27.57:448][613]LoadErrors: Failed to load /Game/Particle_effects/Meshes/M_Torus.M_Torus Referenced by Torus
[2017.12.14-16.27.57:448][613]LogUObjectGlobals: Warning: Failed to load '/Game/Particle_effects/Meshes/M_Torus': Can't find file for asset '/Game/Particle_effects/Meshes/M_Torus' while loading NULL.
[2017.12.14-16.27.57:589][613]LogAIModule: Creating AISystem for world MainMenuLevel
[2017.12.14-16.27.57:590][613]LogLoad: Game class is 'FirstPersonGameMode_C'
[2017.12.14-16.27.57:591][613]LogWorld: Bringing World /Game/Maps/MainMenuLevel.MainMenuLevel up for play (max tick rate 0) at 2017.12.14-18.27.57
[2017.12.14-16.27.57:591][613]LogWorld: Bringing up level for play took: 0.000542
[2017.12.14-16.27.57:591][613]LogGameMode: FindPlayerStart: PATHS NOT DEFINED or NO PLAYERSTART with positive rating
[2017.12.14-16.27.57:591][613]LogSpawn: Warning: SpawnActor failed because no class was specified
[2017.12.14-16.27.57:597][613]LogLoad: Took 0.671808 seconds to LoadMap(/Game/Maps/MainMenuLevel)
[2017.12.14-16.27.57:599][614]LoadErrors: Error: /Game/Particle_effects/P_Shooting_Explosionit : Failed import for StaticMesh /Game/Particle_effects/Meshes/Torus.Torus [redirection] in /Game/Particle_effects/P_Shooting_Explosionit
[2017.12.14-16.28.00:363][782]LogPackageName: SearchForPackageOnDisk took   0.054s to resolve Duel1-1.umap.
[2017.12.14-16.28.00:409][782]LogPackageName: SearchForPackageOnDisk took   0.045s to resolve Duel1-1.umap.
[2017.12.14-16.28.00:409][782]LogNet: Browse: /Game/Maps/Duel1-1?listen
[2017.12.14-16.28.00:409][782]LogLoad: LoadMap: /Game/Maps/Duel1-1?listen
[2017.12.14-16.28.00:447][782]LogMemory: Platform Memory Stats for Windows
[2017.12.14-16.28.00:447][782]LogMemory: Process Physical Memory: 1133.31 MB used, 1207.82 MB peak
[2017.12.14-16.28.00:447][782]LogMemory: Process Virtual Memory: 1610.51 MB used, 2064.48 MB peak
[2017.12.14-16.28.00:447][782]LogMemory: Physical Memory: 9132.82 MB used,  7166.28 MB free, 16299.11 MB total
[2017.12.14-16.28.00:447][782]LogMemory: Virtual Memory: 2268.15 MB used,  7166.28 MB free, 134217728.00 MB total
[2017.12.14-16.28.00:447][782]LogMemory: 
[2017.12.14-16.28.00:447][782]Allocator Stats for TBB: (not implemented)
[2017.12.14-16.28.01:188][782]LogLinker: Warning: Can't find file '/Game/Particle_effects/Meshes/M_Torus'
[2017.12.14-16.28.01:188][782]LoadErrors: Failed to load /Game/Particle_effects/Meshes/M_Torus.M_Torus Referenced by Torus
[2017.12.14-16.28.01:188][782]LogUObjectGlobals: Warning: Failed to load '/Game/Particle_effects/Meshes/M_Torus': Can't find file '/Game/Particle_effects/Meshes/M_Torus'
[2017.12.14-16.28.01:188][782]LogLinker: Warning: Can't find file for asset '/Game/Particle_effects/Meshes/M_Torus' while loading NULL.
[2017.12.14-16.28.01:188][782]LoadErrors: Failed to load /Game/Particle_effects/Meshes/M_Torus.M_Torus Referenced by Torus
[2017.12.14-16.28.01:188][782]LogUObjectGlobals: Warning: Failed to load '/Game/Particle_effects/Meshes/M_Torus': Can't find file for asset '/Game/Particle_effects/Meshes/M_Torus' while loading NULL.
[2017.12.14-16.28.01:189][782]LogLinker: Warning: Can't find file '/Game/Particle_effects/Meshes/M_Torus'
[2017.12.14-16.28.01:189][782]LoadErrors: Failed to load /Game/Particle_effects/Meshes/M_Torus.M_Torus Referenced by Torus
[2017.12.14-16.28.01:189][782]LogUObjectGlobals: Warning: Failed to load '/Game/Particle_effects/Meshes/M_Torus': Can't find file '/Game/Particle_effects/Meshes/M_Torus'
[2017.12.14-16.28.01:189][782]LogLinker: Warning: Can't find file for asset '/Game/Particle_effects/Meshes/M_Torus' while loading NULL.
[2017.12.14-16.28.01:189][782]LoadErrors: Failed to load /Game/Particle_effects/Meshes/M_Torus.M_Torus Referenced by Torus
[2017.12.14-16.28.01:189][782]LogUObjectGlobals: Warning: Failed to load '/Game/Particle_effects/Meshes/M_Torus': Can't find file for asset '/Game/Particle_effects/Meshes/M_Torus' while loading NULL.
[2017.12.14-16.28.01:201][782]LogLinker: Warning: Can't find file '/Game/Maps/Duel1-1_BuiltData'
[2017.12.14-16.28.01:201][782]LoadErrors: Failed to load /Game/Maps/Duel1-1_BuiltData.Duel1-1_BuiltData Referenced by PersistentLevel
[2017.12.14-16.28.01:201][782]LogUObjectGlobals: Warning: Failed to load '/Game/Maps/Duel1-1_BuiltData': Can't find file '/Game/Maps/Duel1-1_BuiltData'
[2017.12.14-16.28.01:201][782]LogLinker: Warning: Can't find file for asset '/Game/Maps/Duel1-1_BuiltData' while loading NULL.
[2017.12.14-16.28.01:201][782]LoadErrors: Failed to load /Game/Maps/Duel1-1_BuiltData.Duel1-1_BuiltData Referenced by PersistentLevel
[2017.12.14-16.28.01:201][782]LogUObjectGlobals: Warning: Failed to load '/Game/Maps/Duel1-1_BuiltData': Can't find file for asset '/Game/Maps/Duel1-1_BuiltData' while loading NULL.
[2017.12.14-16.28.01:574][782]LogMaterial: Missing cached shader map for material M_Burst, compiling. 
[2017.12.14-16.28.01:575][782]LogMaterial: Warning: Failed to compile Material /Game/StarterContent/Particles/Materials/M_Burst.M_Burst for platform PCD3D_SM5, Default Material will be used in game.
[2017.12.14-16.28.01:575][782]LogMaterial: Warning: 	(Node TextureSample) Texture Sample> Missing input texture
[2017.12.14-16.28.01:582][782]LogMaterial: Missing cached shader map for material M_explosion_subUV, compiling. 
[2017.12.14-16.28.01:582][782]LogMaterial: Warning: Failed to compile Material /Game/StarterContent/Particles/Materials/M_explosion_subUV.M_explosion_subUV for platform PCD3D_SM5, Default Material will be used in game.
[2017.12.14-16.28.01:582][782]LogMaterial: Warning: 	(Node ParticleSubUV) Missing ParticleSubUV input texture
[2017.12.14-16.28.01:584][782]LogMaterial: Missing cached shader map for material M_smoke_subUV, compiling. 
[2017.12.14-16.28.01:584][782]LogMaterial: Warning: Failed to compile Material /Game/StarterContent/Particles/Materials/M_smoke_subUV.M_smoke_subUV for platform PCD3D_SM5, Default Material will be used in game.
[2017.12.14-16.28.01:584][782]LogMaterial: Warning: 	(Node TextureSample) Texture Sample> Missing input texture
[2017.12.14-16.28.01:584][782]LogMaterial: Warning: 	(Node ParticleSubUV) Missing ParticleSubUV input texture
[2017.12.14-16.28.01:726][782]LogAIModule: Creating AISystem for world Duel1-1
[2017.12.14-16.28.01:726][782]LogLoad: Game class is 'FirstPersonGameMode_C'
[2017.12.14-16.28.01:726][782]LogTemp: Display: ParseSettings for GameNetDriver
[2017.12.14-16.28.01:726][782]LogTemp: Display: ParseSettings for IpNetDriver_1
[2017.12.14-16.28.01:726][782]LogTemp: Display: ParseSettings for GameNetDriver
[2017.12.14-16.28.01:727][782]LogInit: WinSock: Socket queue 131072 / 131072
[2017.12.14-16.28.01:727][782]PacketHandlerLog: Loaded PacketHandler component: Engine.EngineHandlerComponentFactory (StatelessConnectHandlerComponent)
[2017.12.14-16.28.01:727][782]LogNet: GameNetDriver IpNetDriver_1 IpNetDriver listening on port 7777
[2017.12.14-16.28.01:736][782]LogPhysics: Warning: Initialising Body : Scale3D is (nearly) zero: Component: '/Game/Maps/Duel1-1.Duel1-1:PersistentLevel.M_Resident_House_5939.M_09_Bottle_Large' 
[2017.12.14-16.28.01:736][782]LogPhysics: Warning: Initialising Body : Scale3D is (nearly) zero: Component: '/Game/Maps/Duel1-1.Duel1-1:PersistentLevel.M_Resident_House_5939.M_09_Bottle_Round' 
[2017.12.14-16.28.01:765][782]LogPhysics: Warning: Initialising Body : Scale3D is (nearly) zero: Component: '/Game/Maps/Duel1-1.Duel1-1:PersistentLevel.M_Resident_House_5939.M_09_Bottle_Large' 
[2017.12.14-16.28.01:766][782]LogPhysics: Warning: Initialising Body : Scale3D is (nearly) zero: Component: '/Game/Maps/Duel1-1.Duel1-1:PersistentLevel.M_Resident_House_5939.M_09_Bottle_Round' 
[2017.12.14-16.28.01:767][782]LogPhysics: Warning: Initialising Body : Scale3D is (nearly) zero: Component: '/Game/Maps/Duel1-1.Duel1-1:PersistentLevel.M_Resident_House_5939.M_09_Bottle_Large' 
[2017.12.14-16.28.01:767][782]LogPhysics: Warning: Initialising Body : Scale3D is (nearly) zero: Component: '/Game/Maps/Duel1-1.Duel1-1:PersistentLevel.M_Resident_House_5939.M_09_Bottle_Round' 
[2017.12.14-16.28.01:787][782]LogWorld: Bringing World /Game/Maps/Duel1-1.Duel1-1 up for play (max tick rate 0) at 2017.12.14-18.28.01
[2017.12.14-16.28.01:788][782]LogWorld: Bringing up level for play took: 0.060285
[2017.12.14-16.28.01:797][782]LogSpawn: Warning: SpawnActor failed because no class was specified
[2017.12.14-16.28.01:802][782]LogLoad: Took 1.393279 seconds to LoadMap(/Game/Maps/Duel1-1)
[2017.12.14-16.28.01:803][782]PIE: Warning: Mobility of /Game/Maps/Duel1-1.Duel1-1:PersistentLevel.BP_HealthPack2_576 : DefaultSceneRoot has to be 'Movable' if you'd like to move it with RotatingMovementComponent. 
[2017.12.14-16.28.01:803][782]PIE: Warning: Mobility of /Game/Maps/Duel1-1.Duel1-1:PersistentLevel.BP_HealthPack3_787 : DefaultSceneRoot has to be 'Movable' if you'd like to move it with RotatingMovementComponent. 
[2017.12.14-16.28.01:803][782]PIE: Warning: Mobility of /Game/Maps/Duel1-1.Duel1-1:PersistentLevel.BP_HealthPack4_1106 : DefaultSceneRoot has to be 'Movable' if you'd like to move it with RotatingMovementComponent. 
[2017.12.14-16.28.01:803][782]PIE: Warning: Mobility of /Game/Maps/Duel1-1.Duel1-1:PersistentLevel.BP_HealthPack_262 : DefaultSceneRoot has to be 'Movable' if you'd like to move it with RotatingMovementComponent. 
[2017.12.14-16.28.01:807][783]LoadErrors: Error: /Game/Particle_effects/P_Shooting_Explosionit : Failed import for StaticMesh /Game/Particle_effects/Meshes/Torus.Torus [redirection] in /Game/Particle_effects/P_Shooting_Explosionit
[2017.12.14-16.28.36:347][648]LogBlueprintUserMessages: [FirstPersonCharacter_C_0] Shot fired
[2017.12.14-16.28.36:835][676]LogBlueprintUserMessages: [FirstPersonCharacter_C_0] Shot fired
[2017.12.14-16.28.37:339][707]LogBlueprintUserMessages: [FirstPersonCharacter_C_0] Shot fired
[2017.12.14-16.28.37:854][736]LogBlueprintUserMessages: [FirstPersonCharacter_C_0] Shot fired
[2017.12.14-16.28.38:813][788]LogBlueprintUserMessages: [FirstPersonCharacter_C_0] Shot fired
[2017.12.14-16.28.38:864][791]LogBlueprintUserMessages: [Bullet_01_C_4] Hit
[2017.12.14-16.28.46:241][220]LogBlueprintUserMessages: [FirstPersonCharacter_C_0] Shot fired
[2017.12.14-16.28.48:337][350]LogBlueprintUserMessages: [FirstPersonCharacter_C_0] Shot fired
[2017.12.14-16.28.48:401][354]LogBlueprintUserMessages: [Bullet_01_C_6] Hit
[2017.12.14-16.28.50:605][476]LogBlueprintUserMessages: [FirstPersonCharacter_C_0] Shot fired
[2017.12.14-16.28.50:625][477]LogBlueprintUserMessages: [Bullet_01_C_7] Hit
[2017.12.14-16.28.51:103][498]LogBlueprintUserMessages: [FirstPersonCharacter_C_0] Shot fired
[2017.12.14-16.28.51:129][499]LogBlueprintUserMessages: [Bullet_01_C_8] Hit
[2017.12.14-16.28.55:568][656]LogBlueprintUserMessages: [FirstPersonCharacter_C_0] Shot fired
[2017.12.14-16.28.55:568][656]LogBlueprintUserMessages: [Bullet_01_C_9] Hit
[2017.12.14-16.28.59:808][775]LogBlueprintUserMessages: [FirstPersonCharacter_C_0] Shot fired
[2017.12.14-16.28.59:809][775]LogBlueprintUserMessages: [Bullet_01_C_10] Hit
[2017.12.14-16.29.00:281][789]LogBlueprintUserMessages: [FirstPersonCharacter_C_0] Shot fired
[2017.12.14-16.29.00:282][789]LogBlueprintUserMessages: [Bullet_01_C_11] Hit
[2017.12.14-16.29.07:657][134]LogBlueprintUserMessages: [BP_HealthPack4_1106] Health respawned
[2017.12.14-16.29.11:834][390]LogPackageName: SearchForPackageOnDisk took   0.047s to resolve MainMenuLevel.umap.
[2017.12.14-16.29.11:882][391]LogPackageName: SearchForPackageOnDisk took   0.046s to resolve MainMenuLevel.umap.
[2017.12.14-16.29.11:882][391]LogNet: Browse: /Game/Maps/MainMenuLevel
[2017.12.14-16.29.11:882][391]LogLoad: LoadMap: /Game/Maps/MainMenuLevel
[2017.12.14-16.29.11:883][391]LogNet: World NetDriver shutdown IpNetDriver_1 [GameNetDriver]
[2017.12.14-16.29.11:883][391]LogNet: DestroyNamedNetDriver IpNetDriver_1 [GameNetDriver]
[2017.12.14-16.29.11:883][391]LogExit: GameNetDriver IpNetDriver_1 shut down
[2017.12.14-16.29.11:942][391]LogMemory: Platform Memory Stats for Windows
[2017.12.14-16.29.11:942][391]LogMemory: Process Physical Memory: 1200.49 MB used, 1267.05 MB peak
[2017.12.14-16.29.11:942][391]LogMemory: Process Virtual Memory: 1743.55 MB used, 2064.48 MB peak
[2017.12.14-16.29.11:942][391]LogMemory: Physical Memory: 9205.64 MB used,  7093.47 MB free, 16299.11 MB total
[2017.12.14-16.29.11:942][391]LogMemory: Virtual Memory: 2384.66 MB used,  7093.47 MB free, 134217728.00 MB total
[2017.12.14-16.29.11:942][391]LogMemory: 
[2017.12.14-16.29.11:942][391]Allocator Stats for TBB: (not implemented)
[2017.12.14-16.29.12:400][391]LogLinker: Warning: Can't find file '/Game/Particle_effects/Meshes/M_Torus'
[2017.12.14-16.29.12:400][391]LoadErrors: Failed to load /Game/Particle_effects/Meshes/M_Torus.M_Torus Referenced by Torus
[2017.12.14-16.29.12:400][391]LogUObjectGlobals: Warning: Failed to load '/Game/Particle_effects/Meshes/M_Torus': Can't find file '/Game/Particle_effects/Meshes/M_Torus'
[2017.12.14-16.29.12:400][391]LogLinker: Warning: Can't find file for asset '/Game/Particle_effects/Meshes/M_Torus' while loading NULL.
[2017.12.14-16.29.12:400][391]LoadErrors: Failed to load /Game/Particle_effects/Meshes/M_Torus.M_Torus Referenced by Torus
[2017.12.14-16.29.12:400][391]LogUObjectGlobals: Warning: Failed to load '/Game/Particle_effects/Meshes/M_Torus': Can't find file for asset '/Game/Particle_effects/Meshes/M_Torus' while loading NULL.
[2017.12.14-16.29.12:400][391]LogLinker: Warning: Can't find file '/Game/Particle_effects/Meshes/M_Torus'
[2017.12.14-16.29.12:400][391]LoadErrors: Failed to load /Game/Particle_effects/Meshes/M_Torus.M_Torus Referenced by Torus
[2017.12.14-16.29.12:400][391]LogUObjectGlobals: Warning: Failed to load '/Game/Particle_effects/Meshes/M_Torus': Can't find file '/Game/Particle_effects/Meshes/M_Torus'
[2017.12.14-16.29.12:401][391]LogLinker: Warning: Can't find file for asset '/Game/Particle_effects/Meshes/M_Torus' while loading NULL.
[2017.12.14-16.29.12:401][391]LoadErrors: Failed to load /Game/Particle_effects/Meshes/M_Torus.M_Torus Referenced by Torus
[2017.12.14-16.29.12:401][391]LogUObjectGlobals: Warning: Failed to load '/Game/Particle_effects/Meshes/M_Torus': Can't find file for asset '/Game/Particle_effects/Meshes/M_Torus' while loading NULL.
[2017.12.14-16.29.12:552][391]LogAIModule: Creating AISystem for world MainMenuLevel
[2017.12.14-16.29.12:552][391]LogLoad: Game class is 'FirstPersonGameMode_C'
[2017.12.14-16.29.12:553][391]LogWorld: Bringing World /Game/Maps/MainMenuLevel.MainMenuLevel up for play (max tick rate 0) at 2017.12.14-18.29.12
[2017.12.14-16.29.12:553][391]LogWorld: Bringing up level for play took: 0.000535
[2017.12.14-16.29.12:554][391]LogGameMode: FindPlayerStart: PATHS NOT DEFINED or NO PLAYERSTART with positive rating
[2017.12.14-16.29.12:554][391]LogSpawn: Warning: SpawnActor failed because no class was specified
[2017.12.14-16.29.12:560][391]LogLoad: Took 0.677828 seconds to LoadMap(/Game/Maps/MainMenuLevel)
[2017.12.14-16.29.12:562][392]LoadErrors: Error: /Game/Particle_effects/P_Shooting_Explosionit : Failed import for StaticMesh /Game/Particle_effects/Meshes/Torus.Torus [redirection] in /Game/Particle_effects/P_Shooting_Explosionit
[2017.12.14-16.29.13:612][452]LogWindowsTextInputMethodSystem: Display: IME system now deactivated.
[2017.12.14-16.29.13:613][452]LogWindowsTextInputMethodSystem: Display: IME system now deactivated.
[2017.12.14-16.29.13:620][452]LogEngine: All Windows Closed
[2017.12.14-16.29.13:620][452]LogWindows: FPlatformMisc::RequestExit(0)
[2017.12.14-16.29.13:975][453]LogExit: Preparing to exit.
[2017.12.14-16.29.13:975][453]LogMoviePlayer: Shutting down movie player
[2017.12.14-16.29.14:374][453]LogExit: Game engine shut down
[2017.12.14-16.29.14:442][453]LogExit: Object subsystem successfully closed.
[2017.12.14-16.29.14:455][453]LogD3D11RHI: Shutdown
[2017.12.14-16.29.14:455][453]LogD3D11RHI: CleanupD3DDevice
[2017.12.14-16.29.14:459][453]LogD3D11RHI: ~FD3D11DynamicRHI
[2017.12.14-16.29.14:463][453]LogModuleManager: Shutting down and abandoning module SequenceRecorderSections (309)
[2017.12.14-16.29.14:463][453]LogModuleManager: Shutting down and abandoning module SequenceRecorder (307)
[2017.12.14-16.29.14:463][453]LogModuleManager: Shutting down and abandoning module AutomationController (305)
[2017.12.14-16.29.14:463][453]LogModuleManager: Shutting down and abandoning module AutomationWorker (303)
[2017.12.14-16.29.14:463][453]LogModuleManager: Shutting down and abandoning module Voice (301)
[2017.12.14-16.29.14:463][453]LogModuleManager: Shutting down and abandoning module AIModule (299)
[2017.12.14-16.29.14:463][453]LogModuleManager: Shutting down and abandoning module GameplayDebugger (298)
[2017.12.14-16.29.14:463][453]LogModuleManager: Shutting down and abandoning module AITestSuite (296)
[2017.12.14-16.29.14:463][453]LogModuleManager: Shutting down and abandoning module WmfMediaFactory (293)
[2017.12.14-16.29.14:463][453]LogModuleManager: Shutting down and abandoning module AvfMediaFactory (291)
[2017.12.14-16.29.14:463][453]LogModuleManager: Shutting down and abandoning module AndroidMediaFactory (289)
[2017.12.14-16.29.14:463][453]LogModuleManager: Shutting down and abandoning module Media (288)
[2017.12.14-16.29.14:463][453]LogModuleManager: Shutting down and abandoning module CharacterAI (285)
[2017.12.14-16.29.14:463][453]LogModuleManager: Shutting down and abandoning module SessionServices (283)
[2017.12.14-16.29.14:463][453]LogModuleManager: Shutting down and abandoning module MovieSceneCapture (281)
[2017.12.14-16.29.14:463][453]LogModuleManager: Shutting down and abandoning module MovieSceneTracks (279)
[2017.12.14-16.29.14:463][453]LogModuleManager: Shutting down and abandoning module MovieScene (277)
[2017.12.14-16.29.14:463][453]LogModuleManager: Shutting down and abandoning module GeometryCache (275)
[2017.12.14-16.29.14:463][453]LogModuleManager: Shutting down and abandoning module GeometryCacheEd (274)
[2017.12.14-16.29.14:463][453]LogModuleManager: Shutting down and abandoning module Niagara (271)
[2017.12.14-16.29.14:463][453]LogModuleManager: Shutting down and abandoning module NiagaraEditor (270)
[2017.12.14-16.29.14:463][453]LogModuleManager: Shutting down and abandoning module StreamingPauseRendering (267)
[2017.12.14-16.29.14:463][453]LogModuleManager: Shutting down and abandoning module PortalServices (265)
[2017.12.14-16.29.14:463][453]LogModuleManager: Shutting down and abandoning module PortalRpc (263)
[2017.12.14-16.29.14:463][453]LogModuleManager: Shutting down and abandoning module MessagingRpc (261)
[2017.12.14-16.29.14:463][453]LogModuleManager: Shutting down and abandoning module ProfilerService (259)
[2017.12.14-16.29.14:689][453]LogModuleManager: Shutting down and abandoning module TaskGraph (257)
[2017.12.14-16.29.14:689][453]LogModuleManager: Shutting down and abandoning module SteamVRController (255)
[2017.12.14-16.29.14:689][453]LogModuleManager: Shutting down and abandoning module ProceduralMeshComponent (253)
[2017.12.14-16.29.14:689][453]LogModuleManager: Shutting down and abandoning module OculusInput (251)
[2017.12.14-16.29.14:689][453]LogModuleManager: Shutting down and abandoning module MobilePatchingUtils (249)
[2017.12.14-16.29.14:689][453]LogModuleManager: Shutting down and abandoning module CustomMeshComponent (247)
[2017.12.14-16.29.14:689][453]LogModuleManager: Shutting down and abandoning module CableComponent (245)
[2017.12.14-16.29.14:689][453]LogModuleManager: Shutting down and abandoning module ArchVisCharacter (243)
[2017.12.14-16.29.14:689][453]LogModuleManager: Shutting down and abandoning module AndroidPermission (241)
[2017.12.14-16.29.14:689][453]LogModuleManager: Shutting down and abandoning module HTML5Networking (239)
[2017.12.14-16.29.14:689][453]LogModuleManager: Shutting down and abandoning module VisualStudioSourceCodeAccess (237)
[2017.12.14-16.29.14:689][453]LogModuleManager: Shutting down and abandoning module DesktopPlatform (236)
[2017.12.14-16.29.14:689][453]LogModuleManager: Shutting down and abandoning module HotReload (234)
[2017.12.14-16.29.14:689][453]LogDirectoryWatcher: A directory notification for 'G:/DAE/DAE_2017_2018/Groupproject/spaghettiArms3/SpaghettiArms/HatTrick/Binaries/Win64' was aborted.
[2017.12.14-16.29.14:689][453]LogModuleManager: Shutting down and abandoning module UObjectPlugin (231)
[2017.12.14-16.29.14:689][453]LogModuleManager: Shutting down and abandoning module SubversionSourceControl (229)
[2017.12.14-16.29.14:689][453]LogModuleManager: Shutting down and abandoning module PerforceSourceControl (227)
[2017.12.14-16.29.14:689][453]LogModuleManager: Shutting down and abandoning module SourceControl (226)
[2017.12.14-16.29.14:689][453]LogModuleManager: Shutting down and abandoning module HatTrick (223)
[2017.12.14-16.29.14:689][453]LogModuleManager: Shutting down and abandoning module RuntimePhysXCooking (221)
[2017.12.14-16.29.14:689][453]LogModuleManager: Shutting down and abandoning module PhysXVehiclesEditor (219)
[2017.12.14-16.29.14:689][453]LogModuleManager: Shutting down and abandoning module PhysXVehicles (217)
[2017.12.14-16.29.14:689][453]LogModuleManager: Shutting down and abandoning module LocationServicesBPLibrary (215)
[2017.12.14-16.29.14:689][453]LogModuleManager: Shutting down and abandoning module ImmediatePhysicsEditor (213)
[2017.12.14-16.29.14:689][453]LogModuleManager: Shutting down and abandoning module ImmediatePhysics (211)
[2017.12.14-16.29.14:689][453]LogModuleManager: Shutting down and abandoning module UdpMessaging (209)
[2017.12.14-16.29.14:790][453]LogModuleManager: Shutting down and abandoning module TcpMessaging (207)
[2017.12.14-16.29.15:199][453]LogModuleManager: Shutting down and abandoning module GameplayTagsEditor (205)
[2017.12.14-16.29.15:200][453]LogModuleManager: Shutting down and abandoning module FacialAnimation (203)
[2017.12.14-16.29.15:200][453]LogModuleManager: Shutting down and abandoning module AssetManagerEditor (201)
[2017.12.14-16.29.15:200][453]LogModuleManager: Shutting down and abandoning module GraphEditor (200)
[2017.12.14-16.29.15:200][453]LogModuleManager: Shutting down and abandoning module ContentBrowser (198)
[2017.12.14-16.29.15:200][453]LogModuleManager: Shutting down and abandoning module CollectionManager (197)
[2017.12.14-16.29.15:200][453]LogDirectoryWatcher: A directory notification for 'G:/DAE/DAE_2017_2018/Groupproject/spaghettiArms3/SpaghettiArms/HatTrick/Content/Collections/' was aborted.
[2017.12.14-16.29.15:201][453]LogDirectoryWatcher: A directory notification for 'G:/DAE/DAE_2017_2018/Groupproject/spaghettiArms3/SpaghettiArms/HatTrick/Content/Developers/jakob000/Collections/' was aborted.
[2017.12.14-16.29.15:201][453]LogDirectoryWatcher: A directory notification for 'G:/DAE/DAE_2017_2018/Groupproject/spaghettiArms3/SpaghettiArms/HatTrick/Saved/Collections/' was aborted.
[2017.12.14-16.29.15:201][453]LogModuleManager: Shutting down and abandoning module DirectoryWatcher (196)
[2017.12.14-16.29.15:201][453]LogModuleManager: Shutting down and abandoning module LightPropagationVolumeRuntime (191)
[2017.12.14-16.29.15:201][453]LogModuleManager: Shutting down and abandoning module Paper2D (189)
[2017.12.14-16.29.15:201][453]LogModuleManager: Shutting down and abandoning module WindowsMoviePlayer (187)
[2017.12.14-16.29.15:201][453]LogModuleManager: Shutting down and abandoning module WmfMedia (185)
[2017.12.14-16.29.15:202][453]LogModuleManager: Shutting down and abandoning module PacketHandler (183)
[2017.12.14-16.29.15:202][453]LogModuleManager: Shutting down and abandoning module ClothingSystemEditor (181)
[2017.12.14-16.29.15:202][453]LogModuleManager: Shutting down and abandoning module ClothingSystemRuntime (179)
[2017.12.14-16.29.15:202][453]LogModuleManager: Shutting down and abandoning module Overlay (177)
[2017.12.14-16.29.15:202][453]LogModuleManager: Shutting down and abandoning module OverlayEditor (176)
[2017.12.14-16.29.15:202][453]LogModuleManager: Shutting down and abandoning module MediaAssets (173)
[2017.12.14-16.29.15:202][453]LogModuleManager: Shutting down and abandoning module VREditor (171)
[2017.12.14-16.29.15:202][453]LogModuleManager: Shutting down and abandoning module StringTableEditor (169)
[2017.12.14-16.29.15:202][453]LogModuleManager: Shutting down and abandoning module GameplayTasksEditor (167)
[2017.12.14-16.29.15:202][453]LogModuleManager: Shutting down and abandoning module BehaviorTreeEditor (165)
[2017.12.14-16.29.15:202][453]LogModuleManager: Shutting down and abandoning module FunctionalTesting (163)
[2017.12.14-16.29.15:202][453]LogModuleManager: Shutting down and abandoning module CollisionAnalyzer (161)
[2017.12.14-16.29.15:202][453]LogModuleManager: Shutting down and abandoning module WorkspaceMenuStructure (160)
[2017.12.14-16.29.15:203][453]LogModuleManager: Shutting down and abandoning module UMG (157)
[2017.12.14-16.29.15:203][453]LogModuleManager: Shutting down and abandoning module UMGEditor (156)
[2017.12.14-16.29.15:203][453]LogModuleManager: Shutting down and abandoning module Sequencer (155)
[2017.12.14-16.29.15:203][453]LogModuleManager: Shutting down and abandoning module MessageLog (152)
[2017.12.14-16.29.15:203][453]LogModuleManager: Shutting down and abandoning module SlateReflector (147)
[2017.12.14-16.29.15:203][453]LogModuleManager: Shutting down and abandoning module Slate (145)
[2017.12.14-16.29.15:203][453]LogModuleManager: Shutting down and abandoning module EditorStyle (143)
[2017.12.14-16.29.15:209][453]LogModuleManager: Shutting down and abandoning module MRMesh (141)
[2017.12.14-16.29.15:209][453]LogModuleManager: Shutting down and abandoning module Messaging (139)
[2017.12.14-16.29.15:209][453]LogModuleManager: Shutting down and abandoning module SourceCodeAccess (137)
[2017.12.14-16.29.15:209][453]LogModuleManager: Shutting down and abandoning module HeadMountedDisplay (135)
[2017.12.14-16.29.15:209][453]LogModuleManager: Shutting down and abandoning module XAudio2 (133)
[2017.12.14-16.29.15:209][453]LogModuleManager: Shutting down and abandoning module Networking (131)
[2017.12.14-16.29.15:209][453]LogModuleManager: Shutting down and abandoning module Core (129)
[2017.12.14-16.29.15:209][453]LogModuleManager: Shutting down and abandoning module KismetCompiler (127)
[2017.12.14-16.29.15:209][453]LogModuleManager: Shutting down and abandoning module LevelSequence (125)
[2017.12.14-16.29.15:209][453]LogModuleManager: Shutting down and abandoning module MeshUtilities (123)
[2017.12.14-16.29.15:209][453]LogModuleManager: Shutting down and abandoning module MeshMergeUtilities (122)
[2017.12.14-16.29.15:210][453]LogModuleManager: Shutting down and abandoning module MeshReductionInterface (121)
[2017.12.14-16.29.15:210][453]LogModuleManager: Shutting down and abandoning module SimplygonSwarm (120)
[2017.12.14-16.29.15:210][453]LogModuleManager: Shutting down and abandoning module SimplygonMeshReduction (118)
[2017.12.14-16.29.15:210][453]LogModuleManager: Shutting down and abandoning module QuadricMeshReduction (116)
[2017.12.14-16.29.15:210][453]LogModuleManager: Shutting down and abandoning module MaterialBaking (112)
[2017.12.14-16.29.15:210][453]LogModuleManager: Shutting down and abandoning module DerivedDataCache (107)
[2017.12.14-16.29.15:210][453]LogDerivedDataCache: Shutdown
[2017.12.14-16.29.15:210][453]LogModuleManager: Shutting down and abandoning module TargetPlatform (105)
[2017.12.14-16.29.15:210][453]LogModuleManager: Shutting down and abandoning module VulkanShaderFormat (104)
[2017.12.14-16.29.15:210][453]LogModuleManager: Shutting down and abandoning module ShaderFormatVectorVM (102)
[2017.12.14-16.29.15:210][453]LogModuleManager: Shutting down and abandoning module ShaderFormatOpenGL (100)
[2017.12.14-16.29.15:210][453]LogModuleManager: Shutting down and abandoning module ShaderFormatD3D (98)
[2017.12.14-16.29.15:210][453]LogModuleManager: Shutting down and abandoning module MetalShaderFormat (96)
[2017.12.14-16.29.15:210][453]LogModuleManager: Shutting down and abandoning module TextureFormatUncompressed (94)
[2017.12.14-16.29.15:210][453]LogModuleManager: Shutting down and abandoning module TextureFormatPVR (92)
[2017.12.14-16.29.15:210][453]LogModuleManager: Shutting down and abandoning module TextureFormatDXT (90)
[2017.12.14-16.29.15:210][453]LogModuleManager: Shutting down and abandoning module TextureFormatIntelISPCTexComp (88)
[2017.12.14-16.29.15:210][453]LogModuleManager: Shutting down and abandoning module TextureFormatASTC (86)
[2017.12.14-16.29.15:211][453]LogModuleManager: Shutting down and abandoning module ImageWrapper (85)
[2017.12.14-16.29.15:211][453]LogModuleManager: Shutting down and abandoning module TextureFormatAndroid (82)
[2017.12.14-16.29.15:211][453]LogModuleManager: Shutting down and abandoning module AudioFormatOpus (80)
[2017.12.14-16.29.15:211][453]LogModuleManager: Shutting down and abandoning module AudioFormatOgg (78)
[2017.12.14-16.29.15:211][453]LogModuleManager: Shutting down and abandoning module AudioFormatADPCM (76)
[2017.12.14-16.29.15:211][453]LogModuleManager: Shutting down and abandoning module WindowsTargetPlatform (74)
[2017.12.14-16.29.15:211][453]LogModuleManager: Shutting down and abandoning module WindowsServerTargetPlatform (72)
[2017.12.14-16.29.15:211][453]LogModuleManager: Shutting down and abandoning module WindowsNoEditorTargetPlatform (70)
[2017.12.14-16.29.15:211][453]LogModuleManager: Shutting down and abandoning module WindowsClientTargetPlatform (68)
[2017.12.14-16.29.15:211][453]LogModuleManager: Shutting down and abandoning module InputCore (65)
[2017.12.14-16.29.15:211][453]LogModuleManager: Shutting down and abandoning module Settings (63)
[2017.12.14-16.29.15:211][453]LogModuleManager: Shutting down and abandoning module PhysXCooking (61)
[2017.12.14-16.29.15:211][453]LogModuleManager: Shutting down and abandoning module SteamVR (59)
[2017.12.14-16.29.15:211][453]LogModuleManager: Shutting down and abandoning module OculusHMD (57)
[2017.12.14-16.29.15:211][453]LogModuleManager: Shutting down and abandoning module ExampleDeviceProfileSelector (55)
[2017.12.14-16.29.15:211][453]LogModuleManager: Shutting down and abandoning module OnlineBlueprintSupport (53)
[2017.12.14-16.29.15:211][453]LogModuleManager: Shutting down and abandoning module OnlineSubsystem (49)
[2017.12.14-16.29.15:211][453]LogOnline: Display: OSS: FOnlineSubsystemNull::Shutdown()
[2017.12.14-16.29.15:211][453]LogOnline: Display: OSS: FOnlineAsyncTaskManager::Stop() ActiveTask:0000000000000000 Tasks[0/0]
[2017.12.14-16.29.15:212][453]LogOnline: Display: OSS: FOnlineAsyncTaskManager::Exit() started
[2017.12.14-16.29.15:213][453]LogOnline: Display: OSS: FOnlineAsyncTaskManager::Exit() finished
[2017.12.14-16.29.15:213][453]LogOnline: Display: Unloading online subsystem: NULL
[2017.12.14-16.29.15:213][453]LogModuleManager: Shutting down and abandoning module XMPP (43)
[2017.12.14-16.29.15:213][453]LogModuleManager: Shutting down and abandoning module HTTP (41)
[2017.12.14-16.29.15:245][453]LogModuleManager: Shutting down and abandoning module SSL (40)
[2017.12.14-16.29.15:249][453]LogModuleManager: Shutting down and abandoning module AnimationModifiers (36)
[2017.12.14-16.29.15:249][453]LogModuleManager: Shutting down and abandoning module PropertyEditor (35)
[2017.12.14-16.29.15:249][453]LogModuleManager: Shutting down and abandoning module AudioEditor (32)
[2017.12.14-16.29.15:249][453]LogModuleManager: Shutting down and abandoning module TextureCompressor (30)
[2017.12.14-16.29.15:249][453]LogModuleManager: Shutting down and abandoning module ShaderCore (28)
[2017.12.14-16.29.15:249][453]LogModuleManager: Shutting down and abandoning module Landscape (26)
[2017.12.14-16.29.15:249][453]LogModuleManager: Shutting down and abandoning module SlateRHIRenderer (24)
[2017.12.14-16.29.15:250][453]LogModuleManager: Shutting down and abandoning module OpenGLDrv (22)
[2017.12.14-16.29.15:250][453]LogModuleManager: Shutting down and abandoning module D3D11RHI (20)
[2017.12.14-16.29.15:250][453]LogModuleManager: Shutting down and abandoning module AnimGraphRuntime (18)
[2017.12.14-16.29.15:250][453]LogModuleManager: Shutting down and abandoning module Renderer (16)
[2017.12.14-16.29.15:251][453]LogModuleManager: Shutting down and abandoning module Engine (14)
[2017.12.14-16.29.15:251][453]LogModuleManager: Shutting down and abandoning module CoreUObject (12)
[2017.12.14-16.29.15:251][453]LogModuleManager: Shutting down and abandoning module NetworkFile (10)
[2017.12.14-16.29.15:251][453]LogModuleManager: Shutting down and abandoning module CookedIterativeFile (8)
[2017.12.14-16.29.15:251][453]LogModuleManager: Shutting down and abandoning module StreamingFile (6)
[2017.12.14-16.29.15:251][453]LogModuleManager: Shutting down and abandoning module SandboxFile (4)
[2017.12.14-16.29.15:251][453]LogModuleManager: Shutting down and abandoning module PakFile (2)
[2017.12.14-16.29.15:256][453]LogExit: Exiting.
[2017.12.14-16.29.15:261][453]Log file closed, 12/14/17 18:29:15
>>>>>>> 9e4e2264f1e68c81d9a8b8052b6fc8ea9f27b4b6
