Log file open, 10/28/17 15:39:06
LogWindows: Failed to load 'aqProf.dll' (GetLastError=126)
LogWindows: File 'aqProf.dll' does not exist
LogWindows: Failed to load 'VtuneApi.dll' (GetLastError=126)
LogWindows: File 'VtuneApi.dll' does not exist
LogWindows: Failed to load 'VtuneApi32e.dll' (GetLastError=126)
LogWindows: File 'VtuneApi32e.dll' does not exist
LogInit: Display: Running engine for game: HatTrick
LogPlatformFile: Not using cached read wrapper
LogInit: Display: RandInit(-650786860) SRandInit(-650786860).
LogTaskGraph: Started task graph with 5 named threads and 14 total threads with 3 sets of task threads.
LogStats: Stats thread started at 0.244878
LogD3D11RHI: Aftermath initialized
LogPluginManager: Mounting plugin Paper2D
LogPluginManager: Mounting plugin LightPropagationVolume
LogPluginManager: Mounting plugin CodeLiteSourceCodeAccess
LogPluginManager: Mounting plugin GitSourceControl
LogPluginManager: Mounting plugin KDevelopSourceCodeAccess
LogPluginManager: Mounting plugin NullSourceCodeAccess
LogPluginManager: Mounting plugin PerforceSourceControl
LogPluginManager: Mounting plugin SubversionSourceControl
LogPluginManager: Mounting plugin UObjectPlugin
LogPluginManager: Mounting plugin VisualStudioSourceCodeAccess
LogPluginManager: Mounting plugin XCodeSourceCodeAccess
LogPluginManager: Mounting plugin AssetManagerEditor
LogPluginManager: Mounting plugin AudioCapture
LogPluginManager: Mounting plugin FacialAnimation
LogPluginManager: Mounting plugin GameplayTagsEditor
LogPluginManager: Mounting plugin MobileLauncherProfileWizard
LogPluginManager: Mounting plugin PluginBrowser
LogPluginManager: Mounting plugin SpeedTreeImporter
LogPluginManager: Mounting plugin AlembicImporter
LogPluginManager: Mounting plugin CharacterAI
LogPluginManager: Mounting plugin HTML5Networking
LogPluginManager: Mounting plugin AndroidMedia
LogPluginManager: Mounting plugin AvfMedia
LogPluginManager: Mounting plugin MediaPlayerEditor
LogPluginManager: Mounting plugin WmfMedia
LogPluginManager: Mounting plugin TcpMessaging
LogPluginManager: Mounting plugin UdpMessaging
LogPluginManager: Mounting plugin LevelSequenceEditor
LogPluginManager: Mounting plugin MatineeToLevelSequence
LogPluginManager: Mounting plugin OnlineSubsystemGooglePlay
LogPluginManager: Mounting plugin OnlineSubsystemIOS
LogPluginManager: Mounting plugin OnlineSubsystem
LogPluginManager: Mounting plugin OnlineSubsystemNull
LogPluginManager: Mounting plugin OnlineSubsystemUtils
LogPluginManager: Mounting plugin AndroidDeviceProfileSelector
LogPluginManager: Mounting plugin AndroidMoviePlayer
LogPluginManager: Mounting plugin AndroidPermission
LogPluginManager: Mounting plugin AppleMoviePlayer
LogPluginManager: Mounting plugin ArchVisCharacter
LogPluginManager: Mounting plugin CableComponent
LogPluginManager: Mounting plugin CustomMeshComponent
LogPluginManager: Mounting plugin ExampleDeviceProfileSelector
LogPluginManager: Mounting plugin GoogleCloudMessaging
LogPluginManager: Mounting plugin ImmediatePhysics
LogPluginManager: Mounting plugin IOSDeviceProfileSelector
LogPluginManager: Mounting plugin LinuxDeviceProfileSelector
LogPluginManager: Mounting plugin LocationServicesBPLibrary
LogPluginManager: Mounting plugin MobilePatchingUtils
LogPluginManager: Mounting plugin OculusVR
LogPluginManager: Mounting plugin PhysXVehicles
LogPluginManager: Mounting plugin ProceduralMeshComponent
LogPluginManager: Mounting plugin RuntimePhysXCooking
LogPluginManager: Mounting plugin SteamVR
LogPluginManager: Mounting plugin WindowsMoviePlayer
LogInit: Using libcurl 7.47.1
LogInit:  - built for x86_64-pc-win32
LogInit:  - supports SSL with OpenSSL/1.0.2g
LogInit:  - supports HTTP deflate (compression) using libz 1.2.8
LogInit:  - other features:
LogInit:      CURL_VERSION_SSL
LogInit:      CURL_VERSION_LIBZ
LogInit:      CURL_VERSION_IPV6
LogInit:      CURL_VERSION_ASYNCHDNS
LogInit:      CURL_VERSION_LARGEFILE
LogInit:      CURL_VERSION_IDN
LogInit:  CurlRequestOptions (configurable via config and command line):
LogInit:  - bVerifyPeer = false  - Libcurl will NOT verify peer certificate
LogInit:  - bUseHttpProxy = false  - Libcurl will NOT use HTTP proxy
LogInit:  - bDontReuseConnections = false  - Libcurl will reuse connections
LogInit:  - CertBundlePath = nullptr  - Libcurl will use whatever was configured at build time.
LogModuleManager: Warning: No filename provided for module OnlineSubsystemLAN
LogModuleManager: Warning: ModuleManager: Unable to load module 'OnlineSubsystemLAN' because the file 'C:/Program Files/Epic Games/UE_4.17/Engine/Binaries/Win64/' was not found.
LogInit: WinSock: version 1.1 (2.2), MaxSocks=32767, MaxUdp=65467
LogInit: Build: ++UE4+Release-4.17-CL-3658906
LogInit: Engine Version: 4.17.2-3658906+++UE4+Release-4.17
LogInit: Compatible Engine Version: 4.17.0-3573198+++UE4+Release-4.17
LogInit: Net CL: 3573198
LogDevObjectVersion: Number of dev versions registered: 16
LogDevObjectVersion:   Dev-Blueprints (B0D832E4-1F89-4F0D-ACCF-7EB736FD4AA2): 10
LogDevObjectVersion:   Dev-Build (E1C64328-A22C-4D53-A36C-8E866417BD8C): 0
LogDevObjectVersion:   Dev-Core (375EC13C-06E4-48FB-B500-84F0262A717E): 2
LogDevObjectVersion:   Dev-Editor (E4B068ED-F494-42E9-A231-DA0B2E46BB41): 20
LogDevObjectVersion:   Dev-Framework (CFFC743F-43B0-4480-9391-14DF171D2073): 28
LogDevObjectVersion:   Dev-Mobile (B02B49B5-BB20-44E9-A304-32B752E40360): 0
LogDevObjectVersion:   Dev-Networking (A4E4105C-59A1-49B5-A7C5-40C4547EDFEE): 0
LogDevObjectVersion:   Dev-Online (39C831C9-5AE6-47DC-9A44-9C173E1C8E7C): 0
LogDevObjectVersion:   Dev-Physics (78F01B33-EBEA-4F98-B9B4-84EACCB95AA2): 0
LogDevObjectVersion:   Dev-Platform (6631380F-2D4D-43E0-8009-CF276956A95A): 0
LogDevObjectVersion:   Dev-Rendering (12F88B9F-8875-4AFC-A67C-D90C383ABD29): 19
LogDevObjectVersion:   Dev-Sequencer (7B5AE74C-D270-4C10-A958-57980B212A5A): 4
LogDevObjectVersion:   Dev-VR (D7296918-1DD6-4BDD-9DE2-64A83CC13884): 0
LogDevObjectVersion:   Dev-LoadTimes (C2A15278-BFE7-4AFE-6C17-90FF531DF755): 1
LogDevObjectVersion:   Private-Geometry (6EACA3D4-40EC-4CC1-B786-8BED09428FC5): 1
LogDevObjectVersion:   Dev-AnimPhys (29E575DD-E0A3-4627-9D10-D276232CDCEA): 7
LogInit: Compiled (64-bit): Sep 22 2017 13:47:16
LogInit: Compiled with Visual C++: 19.00.24215.01
LogInit: Build Configuration: Development
LogInit: Branch Name: ++UE4+Release-4.17
LogInit: Command line:  
LogInit: Base directory: C:/Program Files/Epic Games/UE_4.17/Engine/Binaries/Win64/
LogInit: Installed Engine Build: 1
LogInit: Presizing for max 8388607 objects, including 0 objects not considered by GC, pre-allocating 0 bytes for permanent pool.
LogInit: Object subsystem initialized
[2017.10.28-12.39.08:418][  0]LogInit: Selected Device Profile: [Windows]
[2017.10.28-12.39.08:418][  0]LogInit: Applying CVar settings loaded from the selected device profile: [Windows]
[2017.10.28-12.39.08:438][  0]LogInit: Computer: VERHELSTJORIS
[2017.10.28-12.39.08:438][  0]LogInit: User: megaj000
[2017.10.28-12.39.08:438][  0]LogInit: CPU Page size=4096, Cores=4
[2017.10.28-12.39.08:438][  0]LogInit: High frequency timer resolution =2.533212 MHz
[2017.10.28-12.39.08:438][  0]LogMemory: Memory total: Physical=15.9GB (16GB approx)
[2017.10.28-12.39.08:438][  0]LogMemory: Platform Memory Stats for Windows
[2017.10.28-12.39.08:438][  0]LogMemory: Process Physical Memory: 279.62 MB used, 279.62 MB peak
[2017.10.28-12.39.08:438][  0]LogMemory: Process Virtual Memory: 274.49 MB used, 274.49 MB peak
[2017.10.28-12.39.08:438][  0]LogMemory: Physical Memory: 8468.35 MB used,  7827.92 MB free, 16296.27 MB total
[2017.10.28-12.39.08:438][  0]LogMemory: Virtual Memory: 670.96 MB used,  7827.92 MB free, 134217728.00 MB total
[2017.10.28-12.39.08:832][  0]LogInit: Using OS detected language (en-US).
[2017.10.28-12.39.08:832][  0]LogInit: Using OS detected locale (en-GB).
[2017.10.28-12.39.08:839][  0]LogTextLocalizationManager: No specific localization for 'en-US' exists, so the 'en' localization will be used.
[2017.10.28-12.39.10:095][  0]LogD3D11RHI: D3D11 adapters:
[2017.10.28-12.39.10:137][  0]LogD3D11RHI:    0. 'NVIDIA GeForce GTX 960M' (Feature Level 11_0)
[2017.10.28-12.39.10:137][  0]LogD3D11RHI:       4064/0/8148 MB DedicatedVideo/DedicatedSystem/SharedSystem, Outputs:2, VendorId:0x10de
[2017.10.28-12.39.10:143][  0]LogD3D11RHI:    1. 'Intel(R) HD Graphics 4600' (Feature Level 11_0)
[2017.10.28-12.39.10:143][  0]LogD3D11RHI:       112/0/2048 MB DedicatedVideo/DedicatedSystem/SharedSystem, Outputs:0, VendorId:0x8086
[2017.10.28-12.39.10:147][  0]LogD3D11RHI:    2. 'Microsoft Basic Render Driver' (Feature Level 11_0)
[2017.10.28-12.39.10:147][  0]LogD3D11RHI:       0/0/8148 MB DedicatedVideo/DedicatedSystem/SharedSystem, Outputs:0, VendorId:0x1414
[2017.10.28-12.39.10:147][  0]LogD3D11RHI: Chosen D3D11 Adapter: 0
[2017.10.28-12.39.10:175][  0]LogD3D11RHI: Creating new Direct3DDevice
[2017.10.28-12.39.10:175][  0]LogD3D11RHI:     GPU DeviceId: 0x139b (for the marketing name, search the web for "GPU Device Id")
[2017.10.28-12.39.10:175][  0]LogWindows: EnumDisplayDevices:
[2017.10.28-12.39.10:175][  0]LogWindows:    0. 'Intel(R) HD Graphics 4600' (P:0 D:1)
[2017.10.28-12.39.10:175][  0]LogWindows:    1. 'Intel(R) HD Graphics 4600' (P:1 D:1)
[2017.10.28-12.39.10:176][  0]LogWindows:    2. 'Intel(R) HD Graphics 4600' (P:0 D:0)
[2017.10.28-12.39.10:176][  0]LogWindows: DebugString: PrimaryIsNotTheChoosenAdapter PrimaryIsNotTheChoosenAdapter PrimaryIsNotTheChoosenAdapter FoundDriverCount:0 
[2017.10.28-12.39.10:176][  0]LogD3D11RHI:     Adapter Name: NVIDIA GeForce GTX 960M
[2017.10.28-12.39.10:176][  0]LogD3D11RHI:   Driver Version: Unknown (internal:Unknown, unified:Unknown)
[2017.10.28-12.39.10:176][  0]LogD3D11RHI:      Driver Date: Unknown
[2017.10.28-12.39.10:176][  0]LogRHI: Texture pool is 1361 MB (70% of 1945 MB)
[2017.10.28-12.39.10:194][  0]LogD3D11RHI: Async texture creation enabled
[2017.10.28-12.39.10:213][  0]LogD3D11RHI: GPU Timing Frequency: 1000.000000 (Debug: 2 1)
[2017.10.28-12.39.10:216][  0]LogShaderCompilers: Guid format shader working directory is -30 characters bigger than the processId version (../../../../../../Users/megaj_000/Desktop/Group Projects/SpaghettiArms/HatTrick/Intermediate/Shaders/WorkingDirectory/39200/).
[2017.10.28-12.39.10:216][  0]LogShaderCompilers: Cleaned the shader compiler working directory 'C:/Users/megaj_000/AppData/Local/Temp/UnrealShaderWorkingDir/6F02F62745EE8957122DD8A447E0DC8F/'.
[2017.10.28-12.39.10:216][  0]LogShaderCompilers: Display: Using Local Shader Compiler.
[2017.10.28-12.39.12:108][  0]LogTemp: Display: Loaded TP AllDesktopTargetPlatform
[2017.10.28-12.39.12:254][  0]LogTemp: Display: Loaded TP MacClientTargetPlatform
[2017.10.28-12.39.12:373][  0]LogTemp: Display: Loaded TP MacNoEditorTargetPlatform
[2017.10.28-12.39.12:469][  0]LogTemp: Display: Loaded TP MacServerTargetPlatform
[2017.10.28-12.39.12:560][  0]LogTemp: Display: Loaded TP MacTargetPlatform
[2017.10.28-12.39.12:644][  0]LogTemp: Display: Loaded TP WindowsClientTargetPlatform
[2017.10.28-12.39.12:727][  0]LogTemp: Display: Loaded TP WindowsNoEditorTargetPlatform
[2017.10.28-12.39.12:857][  0]LogTemp: Display: Loaded TP WindowsServerTargetPlatform
[2017.10.28-12.39.12:950][  0]LogTemp: Display: Loaded TP WindowsTargetPlatform
[2017.10.28-12.39.13:038][  0]LogTemp: Display: Loaded TP AndroidTargetPlatform
[2017.10.28-12.39.13:129][  0]LogTemp: Display: Loaded TP Android_ASTCTargetPlatform
[2017.10.28-12.39.13:218][  0]LogTemp: Display: Loaded TP Android_ATCTargetPlatform
[2017.10.28-12.39.13:308][  0]LogTemp: Display: Loaded TP Android_DXTTargetPlatform
[2017.10.28-12.39.13:408][  0]LogTemp: Display: Loaded TP Android_ETC1TargetPlatform
[2017.10.28-12.39.13:496][  0]LogTemp: Display: Loaded TP Android_ETC2TargetPlatform
[2017.10.28-12.39.13:697][  0]LogTemp: Display: Loaded TP Android_MultiTargetPlatform
[2017.10.28-12.39.13:697][  0]LogTemp: Display: Loaded TP Android_PVRTCTargetPlatform
[2017.10.28-12.39.13:786][  0]LogTemp: Display: Loaded TP HTML5TargetPlatform
[2017.10.28-12.39.13:972][  0]LogTemp: Display: Loaded TP IOSTargetPlatform
[2017.10.28-12.39.14:044][  0]LogTemp: Display: Loaded TP TVOSTargetPlatform
[2017.10.28-12.39.14:154][  0]LogTemp: Display: Loaded TP LinuxClientTargetPlatform
[2017.10.28-12.39.14:278][  0]LogTemp: Display: Loaded TP LinuxNoEditorTargetPlatform
[2017.10.28-12.39.14:375][  0]LogTemp: Display: Loaded TP LinuxServerTargetPlatform
[2017.10.28-12.39.14:470][  0]LogTemp: Display: Loaded TP LinuxTargetPlatform
[2017.10.28-12.39.14:470][  0]LogTargetPlatformManager: Display: Building Assets For Windows
[2017.10.28-12.39.15:664][  0]LogDerivedDataCache: Display: Max Cache Size: 512 MB
[2017.10.28-12.39.15:890][  0]LogDerivedDataCache: Loaded boot cache 0.23s 93MB C:/Users/megaj_000/AppData/Local/UnrealEngine/4.17/DerivedDataCache/Boot.ddc.
[2017.10.28-12.39.15:890][  0]LogDerivedDataCache: Display: Loaded Boot cache: C:/Users/megaj_000/AppData/Local/UnrealEngine/4.17/DerivedDataCache/Boot.ddc
[2017.10.28-12.39.15:890][  0]LogDerivedDataCache: FDerivedDataBackendGraph:  Pak pak cache file ../../../../../../Users/megaj_000/Desktop/Group Projects/SpaghettiArms/HatTrick/DerivedDataCache/DDC.ddp not found, will not use a pak cache.
[2017.10.28-12.39.15:890][  0]LogDerivedDataCache: Unable to find inner node Pak for hierarchical cache Hierarchy.
[2017.10.28-12.39.15:890][  0]LogDerivedDataCache: FDerivedDataBackendGraph:  CompressedPak pak cache file ../../../../../../Users/megaj_000/Desktop/Group Projects/SpaghettiArms/HatTrick/DerivedDataCache/Compressed.ddp not found, will not use a pak cache.
[2017.10.28-12.39.15:890][  0]LogDerivedDataCache: Unable to find inner node CompressedPak for hierarchical cache Hierarchy.
[2017.10.28-12.39.15:931][  0]LogDerivedDataCache: Display: Pak cache opened for reading ../../../Engine/DerivedDataCache/Compressed.ddp.
[2017.10.28-12.39.15:944][  0]LogDerivedDataCache: Using Local data cache path C:/Users/megaj_000/AppData/Local/UnrealEngine/Common/DerivedDataCache: Writable
[2017.10.28-12.39.15:960][  0]LogMaterial: Verifying Global Shaders for PCD3D_SM5
[2017.10.28-12.39.15:960][  0]LogSlate: Using Freetype 2.6.0
[2017.10.28-12.39.15:961][  0]LogSlate: SlateFontCache - WITH_FREETYPE: 1, WITH_HARFBUZZ: 1
[2017.10.28-12.39.15:961][  0]LogSlate: SlateFontCache - WITH_FREETYPE: 1, WITH_HARFBUZZ: 1
[2017.10.28-12.39.16:494][  0]LogAssetRegistry: FAssetRegistry took 0.0279 seconds to start up
[2017.10.28-12.39.16:782][  0]LogInit: Selected Device Profile: [Windows]
[2017.10.28-12.39.17:133][  0]LogContentStreaming: Texture pool size is 0.00 MB
[2017.10.28-12.39.17:896][  0]LogSimplygon: Simplygon DLL not present - disabling.
[2017.10.28-12.39.17:998][  0]LogMeshReduction: Using SimplygonSwarm for distributed automatic mesh merging
[2017.10.28-12.39.17:998][  0]LogMeshReduction: Using QuadricMeshReduction for automatic static mesh reduction
[2017.10.28-12.39.17:998][  0]LogMeshReduction: No automatic skeletal mesh reduction module available
[2017.10.28-12.39.17:998][  0]LogMeshReduction: No automatic mesh merging module available
[2017.10.28-12.39.17:998][  0]LogMeshMerging: No automatic mesh merging module available
[2017.10.28-12.39.18:657][  0]LogNetVersion: HatTrick , NetCL: 3573198, EngineNetVer: 2, GameNetVer: 0 (Checksum: 4276059040)
[2017.10.28-12.39.19:111][  0]LogPackageLocalizationCache: Processed 5 localized package path(s) for 2 prioritized culture(s) in 0.085737 seconds
[2017.10.28-12.39.19:122][  0]LogUObjectArray: 35825 objects as part of root set at end of initial load.
[2017.10.28-12.39.19:122][  0]LogUObjectAllocator: 7529104 out of 0 bytes used by permanent object pool.
[2017.10.28-12.39.19:122][  0]LogUObjectArray: CloseDisregardForGC: 0/0 objects in disregard for GC pool
[2017.10.28-12.39.23:881][  0]LogTcpMessaging: Initializing TcpMessaging bridge
[2017.10.28-12.39.23:949][  0]LogUdpMessaging: Initializing bridge on interface 0.0.0.0:0 to multicast group 230.0.0.1:6666.
[2017.10.28-12.39.25:027][  0]LogMaterial: Uniform references updated for custom material expression Custom.
[2017.10.28-12.39.25:778][  0]SourceControl: Source control is disabled
[2017.10.28-12.39.27:333][  0]LogAndroidPermission: UAndroidPermissionCallbackProxy::GetInstance
[2017.10.28-12.39.27:734][  0]LogOcInput: OculusInput pre-init called
[2017.10.28-12.39.28:147][  0]LogEngine: Initializing Engine...
[2017.10.28-12.39.28:150][  0]LogHMD: Failed to initialize OpenVR with code 110
[2017.10.28-12.39.28:471][  0]LogStats: UGameplayTagsManager::ConstructGameplayTagTree: Construct from data asset -  0.000 s
[2017.10.28-12.39.28:471][  0]LogStats: UGameplayTagsManager::ConstructGameplayTagTree: GameplayTagTreeChangedEvent.Broadcast -  0.000 s
[2017.10.28-12.39.28:677][  0]LogAIModule: Creating AISystem for world Untitled
[2017.10.28-12.39.28:703][  0]LogInit: XAudio2 using 'Luidsprekers (Logitech G633 Gaming Headset)' : 6 channels at 44.1 kHz using 16 bits per sample (channel mask 0x3f)
[2017.10.28-12.39.28:736][  0]LogInit: FAudioDevice initialized.
[2017.10.28-12.39.29:118][  0]LogDerivedDataCache: Saved boot cache 0.38s 93MB C:/Users/megaj_000/AppData/Local/UnrealEngine/4.17/DerivedDataCache/Boot.ddc.
[2017.10.28-12.39.29:136][  0]LogInit: Texture streaming: Enabled
[2017.10.28-12.39.29:328][  0]LogEngineSessionManager: EngineSessionManager initialized
[2017.10.28-12.39.29:792][  0]LogInit: Transaction tracking system initialized
[2017.10.28-12.39.30:447][  0]BlueprintLog: New page: Editor Load
[2017.10.28-12.39.32:292][  0]LocalizationService: Localization service is disabled
[2017.10.28-12.39.33:643][  0]LogConsoleResponse: Display: 
[2017.10.28-12.39.33:910][  0]LogCook: Display: Max memory allowance for cook 16384mb min free memory 0mb
[2017.10.28-12.39.33:911][  0]LogCook: Display: Mobile HDR setting 1
[2017.10.28-12.39.33:911][  0]LogGameplayTags: Display: UGameplayTagsManager::DoneAddingNativeTags. DelegateIsBound: 0
[2017.10.28-12.39.34:363][  0]LogFileCache: Scanning file cache for directory 'C:/Users/megaj_000/Desktop/Group Projects/SpaghettiArms/HatTrick/Content/' took 0.02s
[2017.10.28-12.39.35:695][  0]Cmd: MAP LOAD FILE="../../../../../../Users/megaj_000/Desktop/Group Projects/SpaghettiArms/HatTrick/Content/Maps/MainMenuLevel.umap" TEMPLATE=0 SHOWPROGRESS=1 FEATURELEVEL=3
[2017.10.28-12.39.35:696][  0]LightingResults: New page: Lighting Build
[2017.10.28-12.39.35:772][  0]MapCheck: New page: Map Check
[2017.10.28-12.39.35:772][  0]LightingResults: New page: Lighting Build
[2017.10.28-12.39.36:078][  0]LogLinker: Warning: Can't find file '/Game/Maps/MainMenuLevel_BuiltData'
[2017.10.28-12.39.36:078][  0]LogLinker: Warning: Can't find file for asset '/Game/Maps/MainMenuLevel_BuiltData' while loading ../../../../../../Users/megaj_000/Desktop/Group Projects/SpaghettiArms/HatTrick/Content/Maps/MainMenuLevel.umap.
[2017.10.28-12.39.36:078][  0]LoadErrors: Error: /Game/Maps/MainMenuLevel : Can't find file for asset. /Game/Maps/MainMenuLevel_BuiltData
[2017.10.28-12.39.36:199][  0]LogLinker: Warning: Can't find file '/Game/Maps/MainMenuLevel_BuiltData'
[2017.10.28-12.39.36:199][  0]LogLinker: Warning: Can't find file for asset '/Game/Maps/MainMenuLevel_BuiltData' while loading ../../../../../../Users/megaj_000/Desktop/Group Projects/SpaghettiArms/HatTrick/Content/Maps/MainMenuLevel.umap.
[2017.10.28-12.39.36:199][  0]LoadErrors: Error: /Game/Maps/MainMenuLevel : Can't find file for asset. /Game/Maps/MainMenuLevel_BuiltData
[2017.10.28-12.39.36:201][  0]LogLinker: Warning: Can't find file '/Game/Maps/MainMenuLevel_BuiltData'
[2017.10.28-12.39.36:201][  0]LogLinker: Warning: Can't find file for asset '/Game/Maps/MainMenuLevel_BuiltData' while loading NULL.
[2017.10.28-12.39.36:201][  0]LogLinker: Warning: Can't find file '/Game/Maps/MainMenuLevel_BuiltData'
[2017.10.28-12.39.36:201][  0]LogLinker: Warning: Can't find file for asset '/Game/Maps/MainMenuLevel_BuiltData' while loading NULL.
[2017.10.28-12.39.36:208][  0]LogLinker: Warning: Can't find file '/Game/Maps/MainMenuLevel_BuiltData'
[2017.10.28-12.39.36:208][  0]LoadErrors: Failed to load /Game/Maps/MainMenuLevel_BuiltData.MainMenuLevel_BuiltData Referenced by PersistentLevel
[2017.10.28-12.39.36:208][  0]LogLinker: Warning: Can't find file for asset '/Game/Maps/MainMenuLevel_BuiltData' while loading NULL.
[2017.10.28-12.39.36:208][  0]LoadErrors: Failed to load /Game/Maps/MainMenuLevel_BuiltData.MainMenuLevel_BuiltData Referenced by PersistentLevel
[2017.10.28-12.39.36:407][  0]LogAIModule: Creating AISystem for world MainMenuLevel
[2017.10.28-12.39.36:408][  0]LogEditorServer: Finished looking for orphan Actors (0.000 secs)
[2017.10.28-12.39.36:425][  0]Cmd: MAP CHECKDEP NOCLEARLOG
[2017.10.28-12.39.36:568][  0]MapCheck: Map check complete: 0 Error(s), 0 Warning(s), took 143.316ms to complete.
[2017.10.28-12.39.36:568][  0]LogFileHelpers: Loading map 'MainMenuLevel' took 0.874
[2017.10.28-12.39.36:808][  0]LogCollectionManager: Loaded 0 collections in 0.002490 seconds
[2017.10.28-12.39.36:932][  0]LogFileCache: Scanning file cache for directory 'C:/Users/megaj_000/Desktop/Group Projects/SpaghettiArms/HatTrick/Saved/Collections/' took 0.01s
[2017.10.28-12.39.36:932][  0]LogFileCache: Scanning file cache for directory 'C:/Users/megaj_000/Desktop/Group Projects/SpaghettiArms/HatTrick/Content/Developers/megaj000/Collections/' took 0.01s
[2017.10.28-12.39.36:932][  0]LogFileCache: Scanning file cache for directory 'C:/Users/megaj_000/Desktop/Group Projects/SpaghettiArms/HatTrick/Content/Collections/' took 0.01s
[2017.10.28-12.39.36:932][  0]LogCollectionManager: Rebuilt the GUID cache for 0 collections in 0.000001 seconds
[2017.10.28-12.39.36:945][  0]LogContentBrowser: Native class hierarchy populated in 0.0129 seconds. Added 2386 classes and 500 folders.
[2017.10.28-12.39.37:078][  0]LogContentBrowser: Native class hierarchy updated for 'WidgetCarousel' in 0.0009 seconds. Added 0 classes and 0 folders.
[2017.10.28-12.39.37:142][  0]LogContentBrowser: Native class hierarchy updated for 'AddContentDialog' in 0.0009 seconds. Added 0 classes and 0 folders.
[2017.10.28-12.39.37:210][  0]LogContentBrowser: Native class hierarchy updated for 'SceneOutliner' in 0.0009 seconds. Added 1 classes and 2 folders.
[2017.10.28-12.39.37:241][  0]LogSlate: Took 0.000318 seconds to synchronously load lazily loaded font '../../../Engine/Content/Slate/Fonts/Roboto-Regular.ttf' (155K)
[2017.10.28-12.39.37:245][  0]LogSlate: Took 0.000388 seconds to synchronously load lazily loaded font '../../../Engine/Content/Slate/Fonts/Roboto-Bold.ttf' (160K)
[2017.10.28-12.39.37:252][  0]LogSlate: Took 0.000294 seconds to synchronously load lazily loaded font '../../../Engine/Content/Editor/Slate/Fonts/FontAwesome.ttf' (139K)
[2017.10.28-12.39.37:420][  0]LogRenderer: Reallocating scene render targets to support 1208x612 Format 10 NumSamples 1 (Frame:1).
[2017.10.28-12.39.37:742][  0]LogContentBrowser: Native class hierarchy updated for 'HierarchicalLODOutliner' in 0.0016 seconds. Added 1 classes and 2 folders.
[2017.10.28-12.39.37:743][  0]LogLoad: (Engine Initialization) Total time: 32.79 seconds
[2017.10.28-12.39.37:743][  0]LogLoad: (Engine Initialization) Total Blueprint compile time: 0.00 seconds
[2017.10.28-12.39.37:743][  0]LogExternalProfiler: Found external profiler: VSPerf
[2017.10.28-12.39.37:743][  0]LogExternalProfiler: Using external profiler: VSPerf
[2017.10.28-12.39.38:100][  0]SourceControl: On branch master
[2017.10.28-12.39.38:100][  0]SourceControl: Your branch is up-to-date with 'origin/master'.
[2017.10.28-12.39.38:100][  0]SourceControl: Changes not staged for commit:
[2017.10.28-12.39.38:100][  0]SourceControl:   (use "git add <file>..." to update what will be committed)
[2017.10.28-12.39.38:100][  0]SourceControl:   (use "git checkout -- <file>..." to discard changes in working directory)
[2017.10.28-12.39.38:100][  0]SourceControl: 	modified:   HatTrick/Intermediate/CachedAssetRegistry.bin
[2017.10.28-12.39.38:100][  0]SourceControl: 	modified:   HatTrick/Saved/Config/Windows/Editor.ini
[2017.10.28-12.39.38:100][  0]SourceControl: 	modified:   HatTrick/Saved/Config/Windows/EditorPerProjectUserSettings.ini
[2017.10.28-12.39.38:100][  0]SourceControl: 	modified:   HatTrick/Saved/Config/Windows/Engine.ini
[2017.10.28-12.39.38:100][  0]SourceControl: 	modified:   HatTrick/Saved/Logs/HatTrick.log
[2017.10.28-12.39.38:100][  0]SourceControl: Untracked files:
[2017.10.28-12.39.38:100][  0]SourceControl:   (use "git add <file>..." to include in what will be committed)
[2017.10.28-12.39.38:100][  0]SourceControl: 	HatTrick/Intermediate/AssetRegistryCache/1d5167fa.bin
[2017.10.28-12.39.38:100][  0]SourceControl: 	HatTrick/Intermediate/AssetRegistryCache/5a627529.bin
[2017.10.28-12.39.38:100][  0]SourceControl: 	HatTrick/Intermediate/AssetRegistryCache/94c5d5a7.bin
[2017.10.28-12.39.38:100][  0]SourceControl: 	HatTrick/Intermediate/AssetRegistryCache/bf121eca.bin
[2017.10.28-12.39.38:100][  0]SourceControl: 	HatTrick/Intermediate/AssetRegistryCache/cef2e191.bin
[2017.10.28-12.39.38:100][  0]SourceControl: 	HatTrick/Saved/Config/CrashReportClient/UE4CC-Windows-470C48EC4B8C9232D1AAAE8186581852/
[2017.10.28-12.39.38:100][  0]SourceControl: no changes added to commit (use "git add" and/or "git commit -a")
[2017.10.28-12.39.38:101][  0]LogContentStreaming: Texture pool size now 1000 MB
[2017.10.28-12.39.38:188][  0]LogSlate: Took 0.000273 seconds to synchronously load lazily loaded font '../../../Engine/Content/Slate/Fonts/Roboto-Light.ttf' (159K)
[2017.10.28-12.39.38:444][  1]LogAssetRegistry: Asset discovery search completed in 21.9722 seconds
[2017.10.28-12.39.38:447][  1]LogCollectionManager: Rebuilt the object cache for 0 collections in 0.000001 seconds (found 0 objects)
[2017.10.28-12.39.38:448][  1]LogCollectionManager: Fixed up redirectors for 0 collections in 0.000067 seconds (updated 0 objects)
[2017.10.28-12.39.39:085][  3]LogSlate: Took 0.000335 seconds to synchronously load lazily loaded font '../../../Engine/Content/Slate/Fonts/Roboto-Light.ttf' (159K)
[2017.10.28-12.40.25:027][725]LogSlate: Took 0.000321 seconds to synchronously load lazily loaded font '../../../Engine/Content/Slate/Fonts/Roboto-Light.ttf' (159K)
[2017.10.28-12.40.25:056][725]Cmd: MAP LOAD FILE="../../../../../../Users/megaj_000/Desktop/Group Projects/SpaghettiArms/HatTrick/Content/Maps/MainMenuLevel.umap" TEMPLATE=0 SHOWPROGRESS=1 FEATURELEVEL=3
[2017.10.28-12.40.25:056][725]LightingResults: New page: Lighting Build
[2017.10.28-12.40.25:057][725]LoadErrors: New page: Loading map: MainMenuLevel.umap
[2017.10.28-12.40.25:058][725]MapCheck: New page: Map Check
[2017.10.28-12.40.25:058][725]LightingResults: New page: Lighting Build
[2017.10.28-12.40.25:084][725]LogLinker: Warning: Can't find file '/Game/Maps/MainMenuLevel_BuiltData'
[2017.10.28-12.40.25:084][725]LogLinker: Warning: Can't find file for asset '/Game/Maps/MainMenuLevel_BuiltData' while loading ../../../../../../Users/megaj_000/Desktop/Group Projects/SpaghettiArms/HatTrick/Content/Maps/MainMenuLevel.umap.
[2017.10.28-12.40.25:085][725]LoadErrors: Error: /Game/Maps/MainMenuLevel : Can't find file for asset. /Game/Maps/MainMenuLevel_BuiltData
[2017.10.28-12.40.25:086][725]LogLinker: Warning: Can't find file '/Game/Maps/MainMenuLevel_BuiltData'
[2017.10.28-12.40.25:086][725]LogLinker: Warning: Can't find file for asset '/Game/Maps/MainMenuLevel_BuiltData' while loading ../../../../../../Users/megaj_000/Desktop/Group Projects/SpaghettiArms/HatTrick/Content/Maps/MainMenuLevel.umap.
[2017.10.28-12.40.25:091][725]LogLinker: Warning: Can't find file '/Game/Maps/MainMenuLevel_BuiltData'
[2017.10.28-12.40.25:091][725]LogLinker: Warning: Can't find file for asset '/Game/Maps/MainMenuLevel_BuiltData' while loading NULL.
[2017.10.28-12.40.25:092][725]LogLinker: Warning: Can't find file '/Game/Maps/MainMenuLevel_BuiltData'
[2017.10.28-12.40.25:092][725]LogLinker: Warning: Can't find file for asset '/Game/Maps/MainMenuLevel_BuiltData' while loading NULL.
[2017.10.28-12.40.25:099][725]LogLinker: Warning: Can't find file '/Game/Maps/MainMenuLevel_BuiltData'
[2017.10.28-12.40.25:099][725]LoadErrors: Failed to load /Game/Maps/MainMenuLevel_BuiltData.MainMenuLevel_BuiltData Referenced by PersistentLevel
[2017.10.28-12.40.25:099][725]LogLinker: Warning: Can't find file for asset '/Game/Maps/MainMenuLevel_BuiltData' while loading NULL.
[2017.10.28-12.40.25:105][725]LogAIModule: Creating AISystem for world MainMenuLevel
[2017.10.28-12.40.25:108][725]LogEditorServer: Finished looking for orphan Actors (0.000 secs)
[2017.10.28-12.40.25:204][725]Cmd: MAP CHECKDEP NOCLEARLOG
[2017.10.28-12.40.25:352][725]MapCheck: Map check complete: 0 Error(s), 0 Warning(s), took 147.788ms to complete.
[2017.10.28-12.40.25:353][725]LogFileHelpers: Loading map 'MainMenuLevel' took 0.299
[2017.10.28-12.40.33:594][410]LogTemp: Repeating last play command: New Editor Window (PIE)
[2017.10.28-12.40.33:807][410]LogBlueprintUserMessages: Early PlayInEditor Detection: Level '/Game/Maps/MainMenuLevel.MainMenuLevel:PersistentLevel' has LevelScriptBlueprint '/Game/Maps/MainMenuLevel.MainMenuLevel:PersistentLevel.MainMenuLevel' with GeneratedClass '/Game/Maps/MainMenuLevel.MainMenuLevel_C' with ClassGeneratedBy '/Game/Maps/MainMenuLevel.MainMenuLevel:PersistentLevel.MainMenuLevel'
[2017.10.28-12.40.33:807][410]LogPlayLevel: PlayLevel: No blueprints needed recompiling
[2017.10.28-12.40.33:807][410]LogOnline: Display: OSS: FOnlineSubsystemNull::Shutdown()
[2017.10.28-12.40.33:808][410]LogOnline: Display: OSS: FOnlineAsyncTaskManager::Stop() ActiveTask:0000000000000000 Tasks[0/0]
[2017.10.28-12.40.33:808][410]LogOnline: Display: OSS: FOnlineAsyncTaskManager::Exit() started
[2017.10.28-12.40.33:808][410]LogOnline: Display: OSS: FOnlineAsyncTaskManager::Exit() finished
[2017.10.28-12.40.33:808][410]LogModuleManager: Warning: No filename provided for module OnlineSubsystemLAN
[2017.10.28-12.40.33:809][410]LogModuleManager: Warning: ModuleManager: Unable to load module 'OnlineSubsystemLAN' because the file 'C:/Program Files/Epic Games/UE_4.17/Engine/Binaries/Win64/' was not found.
[2017.10.28-12.40.33:821][410]PIE: New page: PIE session: MainMenuLevel (28 Oct 2017 18:40:33)
[2017.10.28-12.40.33:821][410]LogPlayLevel: Creating play world package: /Game/Maps/UEDPIE_0_MainMenuLevel
[2017.10.28-12.40.33:823][410]LogPlayLevel: PIE: StaticDuplicateObject took: (0.001822s)
[2017.10.28-12.40.33:823][410]LogAIModule: Creating AISystem for world MainMenuLevel
[2017.10.28-12.40.33:823][410]LogPlayLevel: PIE: World Init took: (0.000767s)
[2017.10.28-12.40.33:824][410]LogPlayLevel: PIE: Created PIE world by copying editor world from /Game/Maps/MainMenuLevel.MainMenuLevel to /Game/Maps/UEDPIE_0_MainMenuLevel.MainMenuLevel (0.002908s)
[2017.10.28-12.40.33:853][410]LogInit: XAudio2 using 'Luidsprekers (Logitech G633 Gaming Headset)' : 6 channels at 44.1 kHz using 16 bits per sample (channel mask 0x3f)
[2017.10.28-12.40.33:887][410]LogInit: FAudioDevice initialized.
[2017.10.28-12.40.34:005][410]LogLoad: Game class is 'FirstPersonGameMode_C'
[2017.10.28-12.40.34:008][410]LogWorld: Bringing World /Game/Maps/UEDPIE_0_MainMenuLevel.MainMenuLevel up for play (max tick rate 0) at 2017.10.28-15.40.34
[2017.10.28-12.40.34:009][410]LogWorld: Bringing up level for play took: 0.002489
[2017.10.28-12.40.34:141][410]LogContentBrowser: Native class hierarchy updated for 'MovieSceneCapture' in 0.0010 seconds. Added 11 classes and 0 folders.
[2017.10.28-12.40.34:163][410]PIE: Play in editor start time for /Game/Maps/UEDPIE_0_MainMenuLevel -0.007
[2017.10.28-12.40.34:164][410]LogBlueprintUserMessages: Late PlayInEditor Detection: Level '/Game/Maps/MainMenuLevel.MainMenuLevel:PersistentLevel' has LevelScriptBlueprint '/Game/Maps/MainMenuLevel.MainMenuLevel:PersistentLevel.MainMenuLevel' with GeneratedClass '/Game/Maps/MainMenuLevel.MainMenuLevel_C' with ClassGeneratedBy '/Game/Maps/MainMenuLevel.MainMenuLevel:PersistentLevel.MainMenuLevel'
[2017.10.28-12.40.34:219][410]LogRenderer: Reallocating scene render targets to support 1292x756 Format 10 NumSamples 1 (Frame:1).
[2017.10.28-12.40.43:485][975]LogNetVersion: HatTrick 0.0.0.1, NetCL: 3573198, EngineNetVer: 2, GameNetVer: 0 (Checksum: 3540992105)
[2017.10.28-12.40.43:485][975]LogInit: WinSock: I am VerhelstJoris (85.29.97.188:0)
[2017.10.28-12.40.43:494][975]LogNet: Browse: /Game/FirstPersonBP/Maps/FirstPersonExampleMap?listen
[2017.10.28-12.40.43:495][975]LogLoad: LoadMap: /Game/FirstPersonBP/Maps/FirstPersonExampleMap?listen
[2017.10.28-12.40.43:516][975]Cmd: MEM
[2017.10.28-12.40.43:532][975]LogMemory: Platform Memory Stats for Windows
[2017.10.28-12.40.43:532][975]LogMemory: Process Physical Memory: 1138.02 MB used, 1194.75 MB peak
[2017.10.28-12.40.43:532][975]LogMemory: Process Virtual Memory: 1624.40 MB used, 1797.21 MB peak
[2017.10.28-12.40.43:532][975]LogMemory: Physical Memory: 9237.82 MB used,  7058.45 MB free, 16296.27 MB total
[2017.10.28-12.40.43:532][975]LogMemory: Virtual Memory: 2570.30 MB used,  7058.45 MB free, 134217728.00 MB total
[2017.10.28-12.40.43:532][975]LogMemory: 
[2017.10.28-12.40.43:532][975]Allocator Stats for TBB: (not implemented)
[2017.10.28-12.40.43:653][975]LogLinker: Warning: Can't find file '/Game/FirstPersonBP/Maps/FirstPersonExampleMap_BuiltData'
[2017.10.28-12.40.43:653][975]LogLinker: Warning: Can't find file for asset '/Game/FirstPersonBP/Maps/FirstPersonExampleMap_BuiltData' while loading ../../../../../../Users/megaj_000/Desktop/Group Projects/SpaghettiArms/HatTrick/Content/FirstPersonBP/Maps/FirstPersonExampleMap.umap.
[2017.10.28-12.40.43:653][975]LoadErrors: Error: /Game/FirstPersonBP/Maps/FirstPersonExampleMap : Can't find file for asset. /Game/FirstPersonBP/Maps/FirstPersonExampleMap_BuiltData
[2017.10.28-12.40.43:667][975]LogLinker: Warning: Can't find file '/Game/FirstPersonBP/Maps/FirstPersonExampleMap_BuiltData'
[2017.10.28-12.40.43:667][975]LogLinker: Warning: Can't find file for asset '/Game/FirstPersonBP/Maps/FirstPersonExampleMap_BuiltData' while loading ../../../../../../Users/megaj_000/Desktop/Group Projects/SpaghettiArms/HatTrick/Content/FirstPersonBP/Maps/FirstPersonExampleMap.umap.
[2017.10.28-12.40.43:678][975]LogLinker: Warning: Can't find file '/Game/FirstPersonBP/Maps/FirstPersonExampleMap_BuiltData'
[2017.10.28-12.40.43:678][975]LogLinker: Warning: Can't find file for asset '/Game/FirstPersonBP/Maps/FirstPersonExampleMap_BuiltData' while loading NULL.
[2017.10.28-12.40.43:678][975]LogLinker: Warning: Can't find file '/Game/FirstPersonBP/Maps/FirstPersonExampleMap_BuiltData'
[2017.10.28-12.40.43:678][975]LogLinker: Warning: Can't find file for asset '/Game/FirstPersonBP/Maps/FirstPersonExampleMap_BuiltData' while loading NULL.
[2017.10.28-12.40.43:686][975]LogLinker: Warning: Can't find file '/Game/FirstPersonBP/Maps/FirstPersonExampleMap_BuiltData'
[2017.10.28-12.40.43:686][975]LoadErrors: Failed to load /Game/FirstPersonBP/Maps/FirstPersonExampleMap_BuiltData.FirstPersonExampleMap_BuiltData Referenced by PersistentLevel
[2017.10.28-12.40.43:686][975]LogLinker: Warning: Can't find file for asset '/Game/FirstPersonBP/Maps/FirstPersonExampleMap_BuiltData' while loading NULL.
[2017.10.28-12.40.44:834][975]LogAIModule: Creating AISystem for world FirstPersonExampleMap
[2017.10.28-12.40.44:834][975]LogLoad: Game class is 'FirstPersonGameMode_C'
[2017.10.28-12.40.44:835][975]LogTemp: Display: ParseSettings for GameNetDriver
[2017.10.28-12.40.44:837][975]LogTemp: Display: ParseSettings for IpNetDriver_0
[2017.10.28-12.40.44:837][975]LogTemp: Display: ParseSettings for GameNetDriver
[2017.10.28-12.40.44:838][975]LogInit: WinSock: Socket queue 131072 / 131072
[2017.10.28-12.40.44:839][975]PacketHandlerLog: Loaded PacketHandler component: Engine.EngineHandlerComponentFactory (StatelessConnectHandlerComponent)
[2017.10.28-12.40.44:840][975]LogNet: GameNetDriver IpNetDriver_0 IpNetDriver listening on port 7777
[2017.10.28-12.40.44:863][975]LogWorld: Bringing World /Game/FirstPersonBP/Maps/UEDPIE_0_FirstPersonExampleMap.FirstPersonExampleMap up for play (max tick rate 0) at 2017.10.28-15.40.44
[2017.10.28-12.40.44:865][975]LogWorld: Bringing up level for play took: 0.023021
[2017.10.28-12.40.44:869][975]LogLoad: Took 1.373523 seconds to LoadMap(/Game/FirstPersonBP/Maps/FirstPersonExampleMap)
[2017.10.28-12.41.03:833][165]LogBlueprintUserMessages: Early EndPlayMap Detection: Level '/Game/Maps/MainMenuLevel.MainMenuLevel:PersistentLevel' has LevelScriptBlueprint '/Game/Maps/MainMenuLevel.MainMenuLevel:PersistentLevel.MainMenuLevel' with GeneratedClass '/Game/Maps/MainMenuLevel.MainMenuLevel_C' with ClassGeneratedBy '/Game/Maps/MainMenuLevel.MainMenuLevel:PersistentLevel.MainMenuLevel'
[2017.10.28-12.41.03:905][165]LogOnline: Display: OSS: FOnlineSubsystemNull::Shutdown()
[2017.10.28-12.41.03:905][165]LogOnline: Display: OSS: FOnlineAsyncTaskManager::Stop() ActiveTask:0000000000000000 Tasks[0/0]
[2017.10.28-12.41.03:907][165]LogOnline: Display: OSS: FOnlineAsyncTaskManager::Exit() started
[2017.10.28-12.41.03:907][165]LogOnline: Display: OSS: FOnlineAsyncTaskManager::Exit() finished
[2017.10.28-12.41.03:907][165]LogPlayLevel: Display: Shutting down PIE online subsystems
[2017.10.28-12.41.03:907][165]LogBlueprintUserMessages: Late EndPlayMap Detection: Level '/Game/Maps/MainMenuLevel.MainMenuLevel:PersistentLevel' has LevelScriptBlueprint '/Game/Maps/MainMenuLevel.MainMenuLevel:PersistentLevel.MainMenuLevel' with GeneratedClass '/Game/Maps/MainMenuLevel.MainMenuLevel_C' with ClassGeneratedBy '/Game/Maps/MainMenuLevel.MainMenuLevel:PersistentLevel.MainMenuLevel'
[2017.10.28-12.41.03:925][165]LogExit: GameNetDriver None shut down
[2017.10.28-12.41.04:008][166]LogPlayLevel: Display: Destroying online subsystem :Context_3
[2017.10.28-12.41.04:008][166]LogOnline: Display: OSS: FOnlineSubsystemNull::Shutdown()
[2017.10.28-12.41.08:270][531]LogTemp: Repeating last play command: New Editor Window (PIE)
[2017.10.28-12.41.08:306][531]LogBlueprintUserMessages: Early PlayInEditor Detection: Level '/Game/Maps/MainMenuLevel.MainMenuLevel:PersistentLevel' has LevelScriptBlueprint '/Game/Maps/MainMenuLevel.MainMenuLevel:PersistentLevel.MainMenuLevel' with GeneratedClass '/Game/Maps/MainMenuLevel.MainMenuLevel_C' with ClassGeneratedBy '/Game/Maps/MainMenuLevel.MainMenuLevel:PersistentLevel.MainMenuLevel'
[2017.10.28-12.41.08:306][531]LogPlayLevel: PlayLevel: No blueprints needed recompiling
[2017.10.28-12.41.08:317][531]PIE: New page: PIE session: MainMenuLevel (28 Oct 2017 18:41:08)
[2017.10.28-12.41.08:317][531]LogPlayLevel: Creating play world package: /Game/Maps/UEDPIE_1_MainMenuLevel
[2017.10.28-12.41.08:320][531]LogPlayLevel: PIE: StaticDuplicateObject took: (0.002317s)
[2017.10.28-12.41.08:321][531]LogAIModule: Creating AISystem for world MainMenuLevel
[2017.10.28-12.41.08:321][531]LogPlayLevel: PIE: World Init took: (0.001003s)
[2017.10.28-12.41.08:321][531]LogPlayLevel: PIE: Created PIE world by copying editor world from /Game/Maps/MainMenuLevel.MainMenuLevel to /Game/Maps/UEDPIE_1_MainMenuLevel.MainMenuLevel (0.003710s)
[2017.10.28-12.41.08:349][531]LogInit: XAudio2 using 'Luidsprekers (Logitech G633 Gaming Headset)' : 6 channels at 44.1 kHz using 16 bits per sample (channel mask 0x3f)
[2017.10.28-12.41.08:372][531]LogInit: FAudioDevice initialized.
[2017.10.28-12.41.08:453][531]LogLoad: Game class is 'FirstPersonGameMode_C'
[2017.10.28-12.41.08:454][531]LogWorld: Bringing World /Game/Maps/UEDPIE_1_MainMenuLevel.MainMenuLevel up for play (max tick rate 0) at 2017.10.28-15.41.08
[2017.10.28-12.41.08:455][531]LogWorld: Bringing up level for play took: 0.001135
[2017.10.28-12.41.08:476][531]PIE: Play in editor start time for /Game/Maps/UEDPIE_1_MainMenuLevel 0.307
[2017.10.28-12.41.08:487][531]PIE: New page: PIE session: MainMenuLevel (28 Oct 2017 18:41:08)
[2017.10.28-12.41.08:487][531]LogPlayLevel: Creating play world package: /Game/Maps/UEDPIE_2_MainMenuLevel
[2017.10.28-12.41.08:488][531]LogPlayLevel: PIE: StaticDuplicateObject took: (0.001288s)
[2017.10.28-12.41.08:489][531]LogAIModule: Creating AISystem for world MainMenuLevel
[2017.10.28-12.41.08:489][531]LogPlayLevel: PIE: World Init took: (0.000801s)
[2017.10.28-12.41.08:490][531]LogPlayLevel: PIE: Created PIE world by copying editor world from /Game/Maps/MainMenuLevel.MainMenuLevel to /Game/Maps/UEDPIE_2_MainMenuLevel.MainMenuLevel (0.002388s)
[2017.10.28-12.41.08:640][531]LogLoad: Game class is 'FirstPersonGameMode_C'
[2017.10.28-12.41.08:642][531]LogWorld: Bringing World /Game/Maps/UEDPIE_2_MainMenuLevel.MainMenuLevel up for play (max tick rate 0) at 2017.10.28-15.41.08
[2017.10.28-12.41.08:642][531]LogWorld: Bringing up level for play took: 0.001345
[2017.10.28-12.41.08:664][531]PIE: Play in editor start time for /Game/Maps/UEDPIE_2_MainMenuLevel 0.495
[2017.10.28-12.41.08:684][531]LogBlueprintUserMessages: Late PlayInEditor Detection: Level '/Game/Maps/MainMenuLevel.MainMenuLevel:PersistentLevel' has LevelScriptBlueprint '/Game/Maps/MainMenuLevel.MainMenuLevel:PersistentLevel.MainMenuLevel' with GeneratedClass '/Game/Maps/MainMenuLevel.MainMenuLevel_C' with ClassGeneratedBy '/Game/Maps/MainMenuLevel.MainMenuLevel:PersistentLevel.MainMenuLevel'
[2017.10.28-12.41.13:872][772]LogBlueprintUserMessages: Early EndPlayMap Detection: Level '/Game/Maps/MainMenuLevel.MainMenuLevel:PersistentLevel' has LevelScriptBlueprint '/Game/Maps/MainMenuLevel.MainMenuLevel:PersistentLevel.MainMenuLevel' with GeneratedClass '/Game/Maps/MainMenuLevel.MainMenuLevel_C' with ClassGeneratedBy '/Game/Maps/MainMenuLevel.MainMenuLevel:PersistentLevel.MainMenuLevel'
[2017.10.28-12.41.13:932][772]LogOnline: Display: OSS: FOnlineSubsystemNull::Shutdown()
[2017.10.28-12.41.13:932][772]LogOnline: Display: OSS: FOnlineAsyncTaskManager::Stop() ActiveTask:0000000000000000 Tasks[0/0]
[2017.10.28-12.41.13:955][772]LogOnline: Display: OSS: FOnlineAsyncTaskManager::Exit() started
[2017.10.28-12.41.13:955][772]LogOnline: Display: OSS: FOnlineAsyncTaskManager::Exit() finished
[2017.10.28-12.41.13:984][772]LogOnline: Display: OSS: FOnlineSubsystemNull::Shutdown()
[2017.10.28-12.41.13:984][772]LogOnline: Display: OSS: FOnlineAsyncTaskManager::Stop() ActiveTask:0000000000000000 Tasks[0/0]
[2017.10.28-12.41.13:986][772]LogOnline: Display: OSS: FOnlineAsyncTaskManager::Exit() started
[2017.10.28-12.41.13:987][772]LogOnline: Display: OSS: FOnlineAsyncTaskManager::Exit() finished
[2017.10.28-12.41.13:987][772]LogPlayLevel: Display: Shutting down PIE online subsystems
[2017.10.28-12.41.13:987][772]LogBlueprintUserMessages: Late EndPlayMap Detection: Level '/Game/Maps/MainMenuLevel.MainMenuLevel:PersistentLevel' has LevelScriptBlueprint '/Game/Maps/MainMenuLevel.MainMenuLevel:PersistentLevel.MainMenuLevel' with GeneratedClass '/Game/Maps/MainMenuLevel.MainMenuLevel_C' with ClassGeneratedBy '/Game/Maps/MainMenuLevel.MainMenuLevel:PersistentLevel.MainMenuLevel'
[2017.10.28-12.41.14:124][773]LogPlayLevel: Display: Destroying online subsystem :Context_6
[2017.10.28-12.41.14:124][773]LogOnline: Display: OSS: FOnlineSubsystemNull::Shutdown()
[2017.10.28-12.41.14:124][773]LogPlayLevel: Display: Destroying online subsystem :Context_5
[2017.10.28-12.41.14:124][773]LogOnline: Display: OSS: FOnlineSubsystemNull::Shutdown()
[2017.10.28-12.41.15:599][905]LogTemp: Repeating last play command: New Editor Window (PIE)
[2017.10.28-12.41.15:631][905]LogBlueprintUserMessages: Early PlayInEditor Detection: Level '/Game/Maps/MainMenuLevel.MainMenuLevel:PersistentLevel' has LevelScriptBlueprint '/Game/Maps/MainMenuLevel.MainMenuLevel:PersistentLevel.MainMenuLevel' with GeneratedClass '/Game/Maps/MainMenuLevel.MainMenuLevel_C' with ClassGeneratedBy '/Game/Maps/MainMenuLevel.MainMenuLevel:PersistentLevel.MainMenuLevel'
[2017.10.28-12.41.15:631][905]LogPlayLevel: PlayLevel: No blueprints needed recompiling
[2017.10.28-12.41.15:640][905]PIE: New page: PIE session: MainMenuLevel (28 Oct 2017 18:41:15)
[2017.10.28-12.41.15:641][905]LogPlayLevel: Creating play world package: /Game/Maps/UEDPIE_1_MainMenuLevel
[2017.10.28-12.41.15:642][905]LogPlayLevel: PIE: StaticDuplicateObject took: (0.001109s)
[2017.10.28-12.41.15:642][905]LogAIModule: Creating AISystem for world MainMenuLevel
[2017.10.28-12.41.15:642][905]LogPlayLevel: PIE: World Init took: (0.000703s)
[2017.10.28-12.41.15:643][905]LogPlayLevel: PIE: Created PIE world by copying editor world from /Game/Maps/MainMenuLevel.MainMenuLevel to /Game/Maps/UEDPIE_1_MainMenuLevel.MainMenuLevel (0.002072s)
[2017.10.28-12.41.15:668][905]LogInit: XAudio2 using 'Luidsprekers (Logitech G633 Gaming Headset)' : 6 channels at 44.1 kHz using 16 bits per sample (channel mask 0x3f)
[2017.10.28-12.41.15:700][905]LogInit: FAudioDevice initialized.
[2017.10.28-12.41.15:784][905]LogLoad: Game class is 'FirstPersonGameMode_C'
[2017.10.28-12.41.15:786][905]LogWorld: Bringing World /Game/Maps/UEDPIE_1_MainMenuLevel.MainMenuLevel up for play (max tick rate 0) at 2017.10.28-15.41.15
[2017.10.28-12.41.15:786][905]LogWorld: Bringing up level for play took: 0.001232
[2017.10.28-12.41.15:807][905]PIE: Play in editor start time for /Game/Maps/UEDPIE_1_MainMenuLevel -0.363
[2017.10.28-12.41.15:817][905]PIE: New page: PIE session: MainMenuLevel (28 Oct 2017 18:41:15)
[2017.10.28-12.41.15:817][905]LogPlayLevel: Creating play world package: /Game/Maps/UEDPIE_2_MainMenuLevel
[2017.10.28-12.41.15:819][905]LogPlayLevel: PIE: StaticDuplicateObject took: (0.001370s)
[2017.10.28-12.41.15:819][905]LogAIModule: Creating AISystem for world MainMenuLevel
[2017.10.28-12.41.15:820][905]LogPlayLevel: PIE: World Init took: (0.000823s)
[2017.10.28-12.41.15:820][905]LogPlayLevel: PIE: Created PIE world by copying editor world from /Game/Maps/MainMenuLevel.MainMenuLevel to /Game/Maps/UEDPIE_2_MainMenuLevel.MainMenuLevel (0.002491s)
[2017.10.28-12.41.15:953][905]LogLoad: Game class is 'FirstPersonGameMode_C'
[2017.10.28-12.41.15:958][905]LogWorld: Bringing World /Game/Maps/UEDPIE_2_MainMenuLevel.MainMenuLevel up for play (max tick rate 0) at 2017.10.28-15.41.15
[2017.10.28-12.41.15:958][905]LogWorld: Bringing up level for play took: 0.002577
[2017.10.28-12.41.15:980][905]PIE: Play in editor start time for /Game/Maps/UEDPIE_2_MainMenuLevel -0.19
[2017.10.28-12.41.15:996][905]LogBlueprintUserMessages: Late PlayInEditor Detection: Level '/Game/Maps/MainMenuLevel.MainMenuLevel:PersistentLevel' has LevelScriptBlueprint '/Game/Maps/MainMenuLevel.MainMenuLevel:PersistentLevel.MainMenuLevel' with GeneratedClass '/Game/Maps/MainMenuLevel.MainMenuLevel_C' with ClassGeneratedBy '/Game/Maps/MainMenuLevel.MainMenuLevel:PersistentLevel.MainMenuLevel'
[2017.10.28-12.41.19:250][ 42]LogNet: Browse: /Game/FirstPersonBP/Maps/FirstPersonExampleMap?listen
[2017.10.28-12.41.19:266][ 42]LogLoad: LoadMap: /Game/FirstPersonBP/Maps/FirstPersonExampleMap?listen
[2017.10.28-12.41.19:288][ 42]Cmd: MEM
[2017.10.28-12.41.19:302][ 42]LogMemory: Platform Memory Stats for Windows
[2017.10.28-12.41.19:302][ 42]LogMemory: Process Physical Memory: 1483.81 MB used, 1502.55 MB peak
[2017.10.28-12.41.19:302][ 42]LogMemory: Process Virtual Memory: 2106.93 MB used, 2135.82 MB peak
[2017.10.28-12.41.19:302][ 42]LogMemory: Physical Memory: 9359.53 MB used,  6936.74 MB free, 16296.27 MB total
[2017.10.28-12.41.19:302][ 42]LogMemory: Virtual Memory: 3018.31 MB used,  6936.74 MB free, 134217728.00 MB total
[2017.10.28-12.41.19:302][ 42]LogMemory: 
[2017.10.28-12.41.19:302][ 42]Allocator Stats for TBB: (not implemented)
[2017.10.28-12.41.19:544][ 42]LogLinker: Warning: Can't find file '/Game/FirstPersonBP/Maps/FirstPersonExampleMap_BuiltData'
[2017.10.28-12.41.19:544][ 42]LogLinker: Warning: Can't find file for asset '/Game/FirstPersonBP/Maps/FirstPersonExampleMap_BuiltData' while loading ../../../../../../Users/megaj_000/Desktop/Group Projects/SpaghettiArms/HatTrick/Content/FirstPersonBP/Maps/FirstPersonExampleMap.umap.
[2017.10.28-12.41.19:564][ 42]LogLinker: Warning: Can't find file '/Game/FirstPersonBP/Maps/FirstPersonExampleMap_BuiltData'
[2017.10.28-12.41.19:565][ 42]LogLinker: Warning: Can't find file for asset '/Game/FirstPersonBP/Maps/FirstPersonExampleMap_BuiltData' while loading ../../../../../../Users/megaj_000/Desktop/Group Projects/SpaghettiArms/HatTrick/Content/FirstPersonBP/Maps/FirstPersonExampleMap.umap.
[2017.10.28-12.41.19:571][ 42]LogLinker: Warning: Can't find file '/Game/FirstPersonBP/Maps/FirstPersonExampleMap_BuiltData'
[2017.10.28-12.41.19:572][ 42]LogLinker: Warning: Can't find file for asset '/Game/FirstPersonBP/Maps/FirstPersonExampleMap_BuiltData' while loading NULL.
[2017.10.28-12.41.19:572][ 42]LogLinker: Warning: Can't find file '/Game/FirstPersonBP/Maps/FirstPersonExampleMap_BuiltData'
[2017.10.28-12.41.19:572][ 42]LogLinker: Warning: Can't find file for asset '/Game/FirstPersonBP/Maps/FirstPersonExampleMap_BuiltData' while loading NULL.
[2017.10.28-12.41.19:579][ 42]LogLinker: Warning: Can't find file '/Game/FirstPersonBP/Maps/FirstPersonExampleMap_BuiltData'
[2017.10.28-12.41.19:579][ 42]LogLinker: Warning: Can't find file for asset '/Game/FirstPersonBP/Maps/FirstPersonExampleMap_BuiltData' while loading NULL.
[2017.10.28-12.41.19:652][ 42]LogAIModule: Creating AISystem for world FirstPersonExampleMap
[2017.10.28-12.41.19:653][ 42]LogLoad: Game class is 'FirstPersonGameMode_C'
[2017.10.28-12.41.19:653][ 42]LogTemp: Display: ParseSettings for GameNetDriver
[2017.10.28-12.41.19:653][ 42]LogTemp: Display: ParseSettings for IpNetDriver_1
[2017.10.28-12.41.19:653][ 42]LogTemp: Display: ParseSettings for GameNetDriver
[2017.10.28-12.41.19:653][ 42]LogInit: WinSock: Socket queue 131072 / 131072
[2017.10.28-12.41.19:654][ 42]PacketHandlerLog: Loaded PacketHandler component: Engine.EngineHandlerComponentFactory (StatelessConnectHandlerComponent)
[2017.10.28-12.41.19:654][ 42]LogNet: GameNetDriver IpNetDriver_1 IpNetDriver listening on port 7777
[2017.10.28-12.41.19:663][ 42]LogWorld: Bringing World /Game/FirstPersonBP/Maps/UEDPIE_1_FirstPersonExampleMap.FirstPersonExampleMap up for play (max tick rate 0) at 2017.10.28-15.41.19
[2017.10.28-12.41.19:664][ 42]LogWorld: Bringing up level for play took: 0.009389
[2017.10.28-12.41.19:665][ 42]LogLoad: Took 0.399661 seconds to LoadMap(/Game/FirstPersonBP/Maps/FirstPersonExampleMap)
[2017.10.28-12.41.38:430][655]LogNet: Browse: 85.29.97.188//Game/Maps/MainMenuLevel
[2017.10.28-12.41.38:430][655]LogTemp: Display: ParseSettings for GameNetDriver
[2017.10.28-12.41.38:430][655]LogTemp: Display: ParseSettings for IpNetDriver_2
[2017.10.28-12.41.38:430][655]LogTemp: Display: ParseSettings for PendingNetDriver
[2017.10.28-12.41.38:430][655]LogInit: WinSock: Socket queue 32768 / 32768
[2017.10.28-12.41.38:431][655]PacketHandlerLog: Loaded PacketHandler component: Engine.EngineHandlerComponentFactory (StatelessConnectHandlerComponent)
[2017.10.28-12.41.38:431][655]LogNet: Game client on port 7777, rate 10000
[2017.10.28-12.41.38:443][656]LogNet: NotifyAcceptingConnection accepted from: 85.29.97.188:52333
[2017.10.28-12.41.38:445][656]LogHandshake: SendConnectChallenge. Timestamp: 19.105671, Cookie: 246171020065101013063043218038211054242014085098093035151150
[2017.10.28-12.41.38:449][656]LogHandshake: SendChallengeResponse. Timestamp: 19.105671, Cookie: 246171020065101013063043218038211054242014085098093035151150
[2017.10.28-12.41.38:457][657]LogNet: NotifyAcceptingConnection accepted from: 85.29.97.188:52333
[2017.10.28-12.41.38:457][657]LogHandshake: SendChallengeAck. InCookie: 246171020065101013063043218038211054242014085098093035151150
[2017.10.28-12.41.38:458][657]LogNet: Server accepting post-challenge connection from: 85.29.97.188:52333
[2017.10.28-12.41.38:458][657]PacketHandlerLog: Loaded PacketHandler component: Engine.EngineHandlerComponentFactory (StatelessConnectHandlerComponent)
[2017.10.28-12.41.38:458][657]LogNet: NotifyAcceptedConnection: Name: FirstPersonExampleMap, TimeStamp: 10/28/17 15:41:38, [UNetConnection] RemoteAddr: 85.29.97.188:52333, Name: IpConnection_1, Driver: GameNetDriver IpNetDriver_1, IsServer: YES, PC: NULL, Owner: NULL
[2017.10.28-12.41.38:458][657]LogNet: AddClientConnection: Added client connection: [UNetConnection] RemoteAddr: 85.29.97.188:52333, Name: IpConnection_1, Driver: GameNetDriver IpNetDriver_1, IsServer: YES, PC: NULL, Owner: NULL
[2017.10.28-12.41.38:459][657]LogNet: UPendingNetGame::SendInitialJoin: Sending hello. [UNetConnection] RemoteAddr: 85.29.97.188:7777, Name: IpConnection_0, Driver: PendingNetDriver IpNetDriver_2, IsServer: NO, PC: NULL, Owner: NULL
[2017.10.28-12.41.38:471][658]LogNet: NotifyAcceptingChannel Control 0 server World /Game/FirstPersonBP/Maps/UEDPIE_1_FirstPersonExampleMap.FirstPersonExampleMap: Accepted
[2017.10.28-12.41.38:471][658]LogNet: Remote platform little endian=1
[2017.10.28-12.41.38:471][658]LogNet: This platform little endian=1
[2017.10.28-12.41.38:485][659]LogNet: Login request: /Game/Maps/MainMenuLevel?Name=VerhelstJoris-9ED54CCC439B730B33DF83842B5B7AD5 userId: VerhelstJoris-9ED54CCC439B730B33DF83842B5B7AD5
[2017.10.28-12.41.38:490][659]LogNet: Welcomed by server (Level: /Game/FirstPersonBP/Maps/UEDPIE_1_FirstPersonExampleMap, Game: /Game/FirstPersonBP/Blueprints/FirstPersonGameMode.FirstPersonGameMode_C)
[2017.10.28-12.41.38:499][659]LogLoad: LoadMap: 85.29.97.188//Game/FirstPersonBP/Maps/UEDPIE_1_FirstPersonExampleMap?game=/Game/FirstPersonBP/Blueprints/FirstPersonGameMode.FirstPersonGameMode_C
[2017.10.28-12.41.38:520][659]Cmd: MEM
[2017.10.28-12.41.38:534][659]LogMemory: Platform Memory Stats for Windows
[2017.10.28-12.41.38:534][659]LogMemory: Process Physical Memory: 1490.46 MB used, 1569.09 MB peak
[2017.10.28-12.41.38:534][659]LogMemory: Process Virtual Memory: 2167.89 MB used, 2247.52 MB peak
[2017.10.28-12.41.38:534][659]LogMemory: Physical Memory: 9451.92 MB used,  6844.36 MB free, 16296.27 MB total
[2017.10.28-12.41.38:534][659]LogMemory: Virtual Memory: 3072.62 MB used,  6844.36 MB free, 134217728.00 MB total
[2017.10.28-12.41.38:534][659]LogMemory: 
[2017.10.28-12.41.38:534][659]Allocator Stats for TBB: (not implemented)
[2017.10.28-12.41.38:742][659]LogLinker: Warning: Can't find file '/Game/FirstPersonBP/Maps/FirstPersonExampleMap_BuiltData'
[2017.10.28-12.41.38:742][659]LogLinker: Warning: Can't find file for asset '/Game/FirstPersonBP/Maps/FirstPersonExampleMap_BuiltData' while loading ../../../../../../Users/megaj_000/Desktop/Group Projects/SpaghettiArms/HatTrick/Content/FirstPersonBP/Maps/FirstPersonExampleMap.umap.
[2017.10.28-12.41.38:755][659]LogLinker: Warning: Can't find file '/Game/FirstPersonBP/Maps/FirstPersonExampleMap_BuiltData'
[2017.10.28-12.41.38:755][659]LogLinker: Warning: Can't find file for asset '/Game/FirstPersonBP/Maps/FirstPersonExampleMap_BuiltData' while loading ../../../../../../Users/megaj_000/Desktop/Group Projects/SpaghettiArms/HatTrick/Content/FirstPersonBP/Maps/FirstPersonExampleMap.umap.
[2017.10.28-12.41.38:763][659]LogLinker: Warning: Can't find file '/Game/FirstPersonBP/Maps/FirstPersonExampleMap_BuiltData'
[2017.10.28-12.41.38:763][659]LogLinker: Warning: Can't find file for asset '/Game/FirstPersonBP/Maps/FirstPersonExampleMap_BuiltData' while loading NULL.
[2017.10.28-12.41.38:764][659]LogLinker: Warning: Can't find file '/Game/FirstPersonBP/Maps/FirstPersonExampleMap_BuiltData'
[2017.10.28-12.41.38:764][659]LogLinker: Warning: Can't find file for asset '/Game/FirstPersonBP/Maps/FirstPersonExampleMap_BuiltData' while loading NULL.
[2017.10.28-12.41.38:769][659]LogLinker: Warning: Can't find file '/Game/FirstPersonBP/Maps/FirstPersonExampleMap_BuiltData'
[2017.10.28-12.41.38:770][659]LogLinker: Warning: Can't find file for asset '/Game/FirstPersonBP/Maps/FirstPersonExampleMap_BuiltData' while loading NULL.
[2017.10.28-12.41.38:791][659]LogAIModule: Creating AISystem for world FirstPersonExampleMap
[2017.10.28-12.41.38:792][659]LogTemp: Display: ParseSettings for GameNetDriver
[2017.10.28-12.41.38:808][659]LogWorld: Bringing World /Game/FirstPersonBP/Maps/UEDPIE_2_FirstPersonExampleMap.FirstPersonExampleMap up for play (max tick rate 0) at 2017.10.28-15.41.38
[2017.10.28-12.41.38:809][659]LogWorld: Bringing up level for play took: 0.014667
[2017.10.28-12.41.38:811][659]LogLoad: Took 0.312546 seconds to LoadMap(/Game/FirstPersonBP/Maps/UEDPIE_1_FirstPersonExampleMap)
[2017.10.28-12.41.38:819][660]LogNet: Client netspeed is 10000
[2017.10.28-12.41.38:820][660]LogNet: Join request: /Game/Maps/MainMenuLevel?Name=VerhelstJoris-9ED54CCC439B730B33DF83842B5B7AD5?SplitscreenCount=1
[2017.10.28-12.41.38:827][660]LogNet: Join succeeded: VerhelstJoris-9ED54C
[2017.10.28-12.41.38:933][661]LogNetPackageMap: Warning: FNetGUIDCache::SupportsObject: StaticMeshComponent /Game/FirstPersonBP/Maps/UEDPIE_1_FirstPersonExampleMap.FirstPersonExampleMap:PersistentLevel.FirstPersonCharacter_C_1.StaticMeshComponent_1 NOT Supported.
[2017.10.28-12.41.38:933][661]LogNetPackageMap: Warning: FNetGUIDCache::SupportsObject: DrawFrustumComponent /Game/FirstPersonBP/Maps/UEDPIE_1_FirstPersonExampleMap.FirstPersonExampleMap:PersistentLevel.FirstPersonCharacter_C_1.DrawFrustumComponent_1 NOT Supported.
[2017.10.28-12.41.38:935][661]LogNetPackageMap: Warning: FNetGUIDCache::SupportsObject: StaticMeshComponent /Game/FirstPersonBP/Maps/UEDPIE_1_FirstPersonExampleMap.FirstPersonExampleMap:PersistentLevel.FirstPersonCharacter_C_11.StaticMeshComponent_4 NOT Supported.
[2017.10.28-12.41.38:935][661]LogNetPackageMap: Warning: FNetGUIDCache::SupportsObject: DrawFrustumComponent /Game/FirstPersonBP/Maps/UEDPIE_1_FirstPersonExampleMap.FirstPersonExampleMap:PersistentLevel.FirstPersonCharacter_C_11.DrawFrustumComponent_4 NOT Supported.
[2017.10.28-12.42.00:090][920]LogBlueprintUserMessages: Early EndPlayMap Detection: Level '/Game/Maps/MainMenuLevel.MainMenuLevel:PersistentLevel' has LevelScriptBlueprint '/Game/Maps/MainMenuLevel.MainMenuLevel:PersistentLevel.MainMenuLevel' with GeneratedClass '/Game/Maps/MainMenuLevel.MainMenuLevel_C' with ClassGeneratedBy '/Game/Maps/MainMenuLevel.MainMenuLevel:PersistentLevel.MainMenuLevel'
[2017.10.28-12.42.00:159][920]LogOnline: Display: OSS: FOnlineSubsystemNull::Shutdown()
[2017.10.28-12.42.00:159][920]LogOnline: Display: OSS: FOnlineAsyncTaskManager::Stop() ActiveTask:0000000000000000 Tasks[0/0]
[2017.10.28-12.42.00:187][920]LogOnline: Display: OSS: FOnlineAsyncTaskManager::Exit() started
[2017.10.28-12.42.00:187][920]LogOnline: Display: OSS: FOnlineAsyncTaskManager::Exit() finished
[2017.10.28-12.42.00:220][920]LogOnline: Display: OSS: FOnlineSubsystemNull::Shutdown()
[2017.10.28-12.42.00:220][920]LogOnline: Display: OSS: FOnlineAsyncTaskManager::Stop() ActiveTask:0000000000000000 Tasks[0/0]
[2017.10.28-12.42.00:221][920]LogOnline: Display: OSS: FOnlineAsyncTaskManager::Exit() started
[2017.10.28-12.42.00:221][920]LogOnline: Display: OSS: FOnlineAsyncTaskManager::Exit() finished
[2017.10.28-12.42.00:221][920]LogPlayLevel: Display: Shutting down PIE online subsystems
[2017.10.28-12.42.00:221][920]LogBlueprintUserMessages: Late EndPlayMap Detection: Level '/Game/Maps/MainMenuLevel.MainMenuLevel:PersistentLevel' has LevelScriptBlueprint '/Game/Maps/MainMenuLevel.MainMenuLevel:PersistentLevel.MainMenuLevel' with GeneratedClass '/Game/Maps/MainMenuLevel.MainMenuLevel_C' with ClassGeneratedBy '/Game/Maps/MainMenuLevel.MainMenuLevel:PersistentLevel.MainMenuLevel'
[2017.10.28-12.42.00:234][920]LogNet: UChannel::CleanUp: ChIndex == 0. Closing connection. [UChannel] ChIndex: 0, Closing: 0 [UNetConnection] RemoteAddr: 85.29.97.188:52333, Name: IpConnection_1, Driver: GameNetDriver IpNetDriver_1, IsServer: YES, PC: FirstPersonPlayerController_C_1, Owner: FirstPersonPlayerController_C_1
[2017.10.28-12.42.00:235][920]LogNet: UNetConnection::Close: [UNetConnection] RemoteAddr: 85.29.97.188:52333, Name: IpConnection_1, Driver: GameNetDriver IpNetDriver_1, IsServer: YES, PC: FirstPersonPlayerController_C_1, Owner: FirstPersonPlayerController_C_1, Channels: 10, Time: 2017.10.28-12.42.00
[2017.10.28-12.42.00:235][920]LogNet: UChannel::Close: Sending CloseBunch. ChIndex == 0. Name: [UChannel] ChIndex: 0, Closing: 0 [UNetConnection] RemoteAddr: 85.29.97.188:52333, Name: IpConnection_1, Driver: GameNetDriver IpNetDriver_1, IsServer: YES, PC: FirstPersonPlayerController_C_1, Owner: FirstPersonPlayerController_C_1
[2017.10.28-12.42.00:235][920]LogNet: UChannel::CleanUp: ChIndex == 0. Closing connection. [UChannel] ChIndex: 0, Closing: 0 [UNetConnection] RemoteAddr: 85.29.97.188:7777, Name: IpConnection_0, Driver: GameNetDriver IpNetDriver_2, IsServer: NO, PC: FirstPersonPlayerController_C_0, Owner: FirstPersonPlayerController_C_0
[2017.10.28-12.42.00:235][920]LogNet: UNetConnection::Close: [UNetConnection] RemoteAddr: 85.29.97.188:7777, Name: IpConnection_0, Driver: GameNetDriver IpNetDriver_2, IsServer: NO, PC: FirstPersonPlayerController_C_0, Owner: FirstPersonPlayerController_C_0, Channels: 6, Time: 2017.10.28-12.42.00
[2017.10.28-12.42.00:235][920]LogNet: UChannel::Close: Sending CloseBunch. ChIndex == 0. Name: [UChannel] ChIndex: 0, Closing: 0 [UNetConnection] RemoteAddr: 85.29.97.188:7777, Name: IpConnection_0, Driver: GameNetDriver IpNetDriver_2, IsServer: NO, PC: FirstPersonPlayerController_C_0, Owner: FirstPersonPlayerController_C_0
[2017.10.28-12.42.00:240][920]LogExit: GameNetDriver None shut down
[2017.10.28-12.42.00:241][920]LogExit: GameNetDriver None shut down
[2017.10.28-12.42.00:425][921]LogPlayLevel: Display: Destroying online subsystem :Context_8
[2017.10.28-12.42.00:425][921]LogOnline: Display: OSS: FOnlineSubsystemNull::Shutdown()
[2017.10.28-12.42.00:425][921]LogPlayLevel: Display: Destroying online subsystem :Context_7
[2017.10.28-12.42.00:425][921]LogOnline: Display: OSS: FOnlineSubsystemNull::Shutdown()
[2017.10.28-13.32.08:928][768]LogSlate: Took 0.000313 seconds to synchronously load lazily loaded font '../../../Engine/Content/Slate/Fonts/Roboto-Regular.ttf' (155K)
[2017.10.28-13.32.09:118][768]LogContentBrowser: Native class hierarchy updated for 'BlueprintGraph' in 0.0028 seconds. Added 113 classes and 0 folders.
[2017.10.28-13.32.10:683][768]LogSlate: Took 0.000297 seconds to synchronously load lazily loaded font '../../../Engine/Content/Editor/Slate/Fonts/Roboto-BoldCondensed.ttf' (158K)
[2017.10.28-13.34.20:149][429]BlueprintLog: New page: Compile MainMenu_W
[2017.10.28-13.34.21:113][448]LogSavePackage: Save=70.82ms
[2017.10.28-13.34.21:113][448]LogSavePackage: Moving '../../../../../../Users/megaj_000/Desktop/Group Projects/SpaghettiArms/HatTrick/Saved/MainMenu_WF6C34B8A4516A85070BAE2B2AEEF7027.tmp' to '../../../../../../Users/megaj_000/Desktop/Group Projects/SpaghettiArms/HatTrick/Content/Blueprints/MainMenu/MainMenu_W.uasset'
[2017.10.28-13.34.21:123][448]LogSavePackage: Display: Finished SavePackage ../../../../../../Users/megaj_000/Desktop/Group Projects/SpaghettiArms/HatTrick/Content/Blueprints/MainMenu/MainMenu_W.uasset
[2017.10.28-13.34.22:911][528]LogSlate: Took 0.000446 seconds to synchronously load lazily loaded font '../../../Engine/Content/Editor/Slate/Fonts/Roboto-Italic.ttf' (157K)
[2017.10.28-13.34.43:911][201]LogTemp: Repeating last play command: New Editor Window (PIE)
[2017.10.28-13.34.43:947][201]LogBlueprintUserMessages: Early PlayInEditor Detection: Level '/Game/Maps/MainMenuLevel.MainMenuLevel:PersistentLevel' has LevelScriptBlueprint '/Game/Maps/MainMenuLevel.MainMenuLevel:PersistentLevel.MainMenuLevel' with GeneratedClass '/Game/Maps/MainMenuLevel.MainMenuLevel_C' with ClassGeneratedBy '/Game/Maps/MainMenuLevel.MainMenuLevel:PersistentLevel.MainMenuLevel'
[2017.10.28-13.34.43:947][201]LogPlayLevel: PlayLevel: No blueprints needed recompiling
[2017.10.28-13.34.43:948][201]PIE: New page: PIE session: MainMenuLevel (28 Oct 2017 19:34:43)
[2017.10.28-13.34.43:948][201]LogPlayLevel: Creating play world package: /Game/Maps/UEDPIE_0_MainMenuLevel
[2017.10.28-13.34.43:949][201]LogPlayLevel: PIE: StaticDuplicateObject took: (0.001129s)
[2017.10.28-13.34.43:950][201]LogAIModule: Creating AISystem for world MainMenuLevel
[2017.10.28-13.34.43:950][201]LogPlayLevel: PIE: World Init took: (0.001020s)
[2017.10.28-13.34.43:950][201]LogPlayLevel: PIE: Created PIE world by copying editor world from /Game/Maps/MainMenuLevel.MainMenuLevel to /Game/Maps/UEDPIE_0_MainMenuLevel.MainMenuLevel (0.002434s)
[2017.10.28-13.34.43:987][201]LogInit: XAudio2 using 'Luidsprekers (Logitech G633 Gaming Headset)' : 6 channels at 44.1 kHz using 16 bits per sample (channel mask 0x3f)
[2017.10.28-13.34.44:015][201]LogInit: FAudioDevice initialized.
[2017.10.28-13.34.44:096][201]LogLoad: Game class is 'FirstPersonGameMode_C'
[2017.10.28-13.34.44:098][201]LogWorld: Bringing World /Game/Maps/UEDPIE_0_MainMenuLevel.MainMenuLevel up for play (max tick rate 0) at 2017.10.28-16.34.44
[2017.10.28-13.34.44:099][201]LogWorld: Bringing up level for play took: 0.001967
[2017.10.28-13.34.44:123][201]PIE: Play in editor start time for /Game/Maps/UEDPIE_0_MainMenuLevel -0.046
[2017.10.28-13.34.44:124][201]LogBlueprintUserMessages: Late PlayInEditor Detection: Level '/Game/Maps/MainMenuLevel.MainMenuLevel:PersistentLevel' has LevelScriptBlueprint '/Game/Maps/MainMenuLevel.MainMenuLevel:PersistentLevel.MainMenuLevel' with GeneratedClass '/Game/Maps/MainMenuLevel.MainMenuLevel_C' with ClassGeneratedBy '/Game/Maps/MainMenuLevel.MainMenuLevel:PersistentLevel.MainMenuLevel'
[2017.10.28-13.34.52:693][756]LogNet: Browse: /Game/FirstPersonBP/Maps/FirstPersonExampleMap?listen
[2017.10.28-13.34.52:693][756]LogLoad: LoadMap: /Game/FirstPersonBP/Maps/FirstPersonExampleMap?listen
[2017.10.28-13.34.52:726][756]Cmd: MEM
[2017.10.28-13.34.52:749][756]LogMemory: Platform Memory Stats for Windows
[2017.10.28-13.34.52:749][756]LogMemory: Process Physical Memory: 608.53 MB used, 1569.09 MB peak
[2017.10.28-13.34.52:749][756]LogMemory: Process Virtual Memory: 2312.73 MB used, 2325.80 MB peak
[2017.10.28-13.34.52:749][756]LogMemory: Physical Memory: 9596.57 MB used,  6699.70 MB free, 16296.27 MB total
[2017.10.28-13.34.52:749][756]LogMemory: Virtual Memory: 3195.65 MB used,  6699.70 MB free, 134217728.00 MB total
[2017.10.28-13.34.52:749][756]LogMemory: 
[2017.10.28-13.34.52:749][756]Allocator Stats for TBB: (not implemented)
[2017.10.28-13.34.52:759][756]LogLinker: Warning: Can't find file '/Game/FirstPersonBP/Maps/FirstPersonExampleMap_BuiltData'
[2017.10.28-13.34.52:760][756]LogLinker: Warning: Can't find file for asset '/Game/FirstPersonBP/Maps/FirstPersonExampleMap_BuiltData' while loading ../../../../../../Users/megaj_000/Desktop/Group Projects/SpaghettiArms/HatTrick/Content/FirstPersonBP/Maps/FirstPersonExampleMap.umap.
[2017.10.28-13.34.52:764][756]LogLinker: Warning: Can't find file '/Game/FirstPersonBP/Maps/FirstPersonExampleMap_BuiltData'
[2017.10.28-13.34.52:765][756]LogLinker: Warning: Can't find file for asset '/Game/FirstPersonBP/Maps/FirstPersonExampleMap_BuiltData' while loading ../../../../../../Users/megaj_000/Desktop/Group Projects/SpaghettiArms/HatTrick/Content/FirstPersonBP/Maps/FirstPersonExampleMap.umap.
[2017.10.28-13.34.52:771][756]LogLinker: Warning: Can't find file '/Game/FirstPersonBP/Maps/FirstPersonExampleMap_BuiltData'
[2017.10.28-13.34.52:771][756]LogLinker: Warning: Can't find file for asset '/Game/FirstPersonBP/Maps/FirstPersonExampleMap_BuiltData' while loading NULL.
[2017.10.28-13.34.52:771][756]LogLinker: Warning: Can't find file '/Game/FirstPersonBP/Maps/FirstPersonExampleMap_BuiltData'
[2017.10.28-13.34.52:771][756]LogLinker: Warning: Can't find file for asset '/Game/FirstPersonBP/Maps/FirstPersonExampleMap_BuiltData' while loading NULL.
[2017.10.28-13.34.52:780][756]LogLinker: Warning: Can't find file '/Game/FirstPersonBP/Maps/FirstPersonExampleMap_BuiltData'
[2017.10.28-13.34.52:780][756]LogLinker: Warning: Can't find file for asset '/Game/FirstPersonBP/Maps/FirstPersonExampleMap_BuiltData' while loading NULL.
[2017.10.28-13.34.52:857][756]LogAIModule: Creating AISystem for world FirstPersonExampleMap
[2017.10.28-13.34.52:857][756]LogLoad: Game class is 'FirstPersonGameMode_C'
[2017.10.28-13.34.52:857][756]LogTemp: Display: ParseSettings for GameNetDriver
[2017.10.28-13.34.52:857][756]LogTemp: Display: ParseSettings for IpNetDriver_3
[2017.10.28-13.34.52:857][756]LogTemp: Display: ParseSettings for GameNetDriver
[2017.10.28-13.34.52:858][756]LogInit: WinSock: Socket queue 131072 / 131072
[2017.10.28-13.34.52:858][756]PacketHandlerLog: Loaded PacketHandler component: Engine.EngineHandlerComponentFactory (StatelessConnectHandlerComponent)
[2017.10.28-13.34.52:858][756]LogNet: GameNetDriver IpNetDriver_3 IpNetDriver listening on port 7777
[2017.10.28-13.34.52:866][756]LogWorld: Bringing World /Game/FirstPersonBP/Maps/UEDPIE_0_FirstPersonExampleMap.FirstPersonExampleMap up for play (max tick rate 0) at 2017.10.28-16.34.52
[2017.10.28-13.34.52:866][756]LogWorld: Bringing up level for play took: 0.007590
[2017.10.28-13.34.52:870][756]LogLoad: Took 0.176868 seconds to LoadMap(/Game/FirstPersonBP/Maps/FirstPersonExampleMap)
[2017.10.28-13.35.13:038][ 83]LogBlueprintUserMessages: Early EndPlayMap Detection: Level '/Game/Maps/MainMenuLevel.MainMenuLevel:PersistentLevel' has LevelScriptBlueprint '/Game/Maps/MainMenuLevel.MainMenuLevel:PersistentLevel.MainMenuLevel' with GeneratedClass '/Game/Maps/MainMenuLevel.MainMenuLevel_C' with ClassGeneratedBy '/Game/Maps/MainMenuLevel.MainMenuLevel:PersistentLevel.MainMenuLevel'
[2017.10.28-13.35.13:119][ 83]LogOnline: Display: OSS: FOnlineSubsystemNull::Shutdown()
[2017.10.28-13.35.13:119][ 83]LogOnline: Display: OSS: FOnlineAsyncTaskManager::Stop() ActiveTask:0000000000000000 Tasks[0/0]
[2017.10.28-13.35.13:120][ 83]LogOnline: Display: OSS: FOnlineAsyncTaskManager::Exit() started
[2017.10.28-13.35.13:120][ 83]LogOnline: Display: OSS: FOnlineAsyncTaskManager::Exit() finished
[2017.10.28-13.35.13:120][ 83]LogPlayLevel: Display: Shutting down PIE online subsystems
[2017.10.28-13.35.13:120][ 83]LogBlueprintUserMessages: Late EndPlayMap Detection: Level '/Game/Maps/MainMenuLevel.MainMenuLevel:PersistentLevel' has LevelScriptBlueprint '/Game/Maps/MainMenuLevel.MainMenuLevel:PersistentLevel.MainMenuLevel' with GeneratedClass '/Game/Maps/MainMenuLevel.MainMenuLevel_C' with ClassGeneratedBy '/Game/Maps/MainMenuLevel.MainMenuLevel:PersistentLevel.MainMenuLevel'
[2017.10.28-13.35.13:154][ 83]LogExit: GameNetDriver None shut down
[2017.10.28-13.35.13:176][ 84]LogPlayLevel: Display: Destroying online subsystem :Context_13
[2017.10.28-13.35.13:176][ 84]LogOnline: Display: OSS: FOnlineSubsystemNull::Shutdown()
[2017.10.28-13.35.22:020][631]SourceControl: rm 'HatTrick/Content/FirstPersonBP/FirstPersonOverview.uasset'
[2017.10.28-13.35.24:570][851]LogLinker: Warning: Can't find file '/Game/FirstPersonBP/Maps/FirstPersonExampleMap_BuiltData'
[2017.10.28-13.35.24:571][851]LogLinker: Warning: Can't find file for asset '/Game/FirstPersonBP/Maps/FirstPersonExampleMap_BuiltData' while loading ../../../../../../Users/megaj_000/Desktop/Group Projects/SpaghettiArms/HatTrick/Content/FirstPersonBP/Maps/FirstPersonExampleMap.umap.
[2017.10.28-13.35.24:588][851]LogLinker: Warning: Can't find file '/Game/FirstPersonBP/Maps/FirstPersonExampleMap_BuiltData'
[2017.10.28-13.35.24:588][851]LogLinker: Warning: Can't find file for asset '/Game/FirstPersonBP/Maps/FirstPersonExampleMap_BuiltData' while loading ../../../../../../Users/megaj_000/Desktop/Group Projects/SpaghettiArms/HatTrick/Content/FirstPersonBP/Maps/FirstPersonExampleMap.umap.
[2017.10.28-13.35.24:593][851]LogLinker: Warning: Can't find file '/Game/FirstPersonBP/Maps/FirstPersonExampleMap_BuiltData'
[2017.10.28-13.35.24:593][851]LogLinker: Warning: Can't find file for asset '/Game/FirstPersonBP/Maps/FirstPersonExampleMap_BuiltData' while loading NULL.
[2017.10.28-13.35.24:593][851]LogLinker: Warning: Can't find file '/Game/FirstPersonBP/Maps/FirstPersonExampleMap_BuiltData'
[2017.10.28-13.35.24:593][851]LogLinker: Warning: Can't find file for asset '/Game/FirstPersonBP/Maps/FirstPersonExampleMap_BuiltData' while loading NULL.
[2017.10.28-13.35.24:600][851]LogLinker: Warning: Can't find file '/Game/FirstPersonBP/Maps/FirstPersonExampleMap_BuiltData'
[2017.10.28-13.35.24:600][851]LogLinker: Warning: Can't find file for asset '/Game/FirstPersonBP/Maps/FirstPersonExampleMap_BuiltData' while loading NULL.
[2017.10.28-13.35.24:623][851]LogAIModule: Creating AISystem for world FirstPersonExampleMap
[2017.10.28-13.35.24:683][851]Cmd: MAP LOAD FILE="../../../../../../Users/megaj_000/Desktop/Group Projects/SpaghettiArms/HatTrick/Content/FirstPersonBP/Maps/FirstPersonExampleMap.umap" TEMPLATE=0 SHOWPROGRESS=1 FEATURELEVEL=3
[2017.10.28-13.35.24:683][851]LightingResults: New page: Lighting Build
[2017.10.28-13.35.24:685][851]LoadErrors: New page: Loading map: FirstPersonExampleMap.umap
[2017.10.28-13.35.24:686][851]MapCheck: New page: Map Check
[2017.10.28-13.35.24:686][851]LightingResults: New page: Lighting Build
[2017.10.28-13.35.24:725][851]LogEditorServer: Finished looking for orphan Actors (0.000 secs)
[2017.10.28-13.35.24:807][851]Cmd: MAP CHECKDEP NOCLEARLOG
[2017.10.28-13.35.24:938][851]MapCheck: Map check complete: 0 Error(s), 0 Warning(s), took 130.462ms to complete.
[2017.10.28-13.35.24:939][851]LogFileHelpers: Loading map 'FirstPersonExampleMap' took 0.260
[2017.10.28-13.35.27:011][ 25]LogBlueprintUserMessages: Early PlayInEditor Detection: Level '/Game/FirstPersonBP/Maps/FirstPersonExampleMap.FirstPersonExampleMap:PersistentLevel' has LevelScriptBlueprint '/Game/FirstPersonBP/Maps/FirstPersonExampleMap.FirstPersonExampleMap:PersistentLevel.FirstPersonExampleMap' with GeneratedClass '/Game/FirstPersonBP/Maps/FirstPersonExampleMap.FirstPersonExampleMap_C' with ClassGeneratedBy '/Game/FirstPersonBP/Maps/FirstPersonExampleMap.FirstPersonExampleMap:PersistentLevel.FirstPersonExampleMap'
[2017.10.28-13.35.27:011][ 25]LogPlayLevel: PlayLevel: No blueprints needed recompiling
[2017.10.28-13.35.27:011][ 25]PIE: New page: PIE session: FirstPersonExampleMap (28 Oct 2017 19:35:27)
[2017.10.28-13.35.27:011][ 25]LogPlayLevel: Creating play world package: /Game/FirstPersonBP/Maps/UEDPIE_0_FirstPersonExampleMap
[2017.10.28-13.35.27:038][ 25]LogPlayLevel: PIE: StaticDuplicateObject took: (0.026314s)
[2017.10.28-13.35.27:039][ 25]LogAIModule: Creating AISystem for world FirstPersonExampleMap
[2017.10.28-13.35.27:040][ 25]LogPlayLevel: PIE: World Init took: (0.002401s)
[2017.10.28-13.35.27:041][ 25]LogPlayLevel: PIE: Created PIE world by copying editor world from /Game/FirstPersonBP/Maps/FirstPersonExampleMap.FirstPersonExampleMap to /Game/FirstPersonBP/Maps/UEDPIE_0_FirstPersonExampleMap.FirstPersonExampleMap (0.029217s)
[2017.10.28-13.35.27:079][ 25]LogInit: XAudio2 using 'Luidsprekers (Logitech G633 Gaming Headset)' : 6 channels at 44.1 kHz using 16 bits per sample (channel mask 0x3f)
[2017.10.28-13.35.27:101][ 25]LogInit: FAudioDevice initialized.
[2017.10.28-13.35.27:139][ 25]LogLoad: Game class is 'FirstPersonGameMode_C'
[2017.10.28-13.35.27:144][ 25]LogWorld: Bringing World /Game/FirstPersonBP/Maps/UEDPIE_0_FirstPersonExampleMap.FirstPersonExampleMap up for play (max tick rate 0) at 2017.10.28-16.35.27
[2017.10.28-13.35.27:145][ 25]LogWorld: Bringing up level for play took: 0.004848
[2017.10.28-13.35.27:157][ 25]PIE: Play in editor start time for /Game/FirstPersonBP/Maps/UEDPIE_0_FirstPersonExampleMap 0.988
[2017.10.28-13.35.27:158][ 25]LogBlueprintUserMessages: Late PlayInEditor Detection: Level '/Game/FirstPersonBP/Maps/FirstPersonExampleMap.FirstPersonExampleMap:PersistentLevel' has LevelScriptBlueprint '/Game/FirstPersonBP/Maps/FirstPersonExampleMap.FirstPersonExampleMap:PersistentLevel.FirstPersonExampleMap' with GeneratedClass '/Game/FirstPersonBP/Maps/FirstPersonExampleMap.FirstPersonExampleMap_C' with ClassGeneratedBy '/Game/FirstPersonBP/Maps/FirstPersonExampleMap.FirstPersonExampleMap:PersistentLevel.FirstPersonExampleMap'
[2017.10.28-13.35.28:815][158]LogBlueprintUserMessages: Early EndPlayMap Detection: Level '/Game/FirstPersonBP/Maps/FirstPersonExampleMap.FirstPersonExampleMap:PersistentLevel' has LevelScriptBlueprint '/Game/FirstPersonBP/Maps/FirstPersonExampleMap.FirstPersonExampleMap:PersistentLevel.FirstPersonExampleMap' with GeneratedClass '/Game/FirstPersonBP/Maps/FirstPersonExampleMap.FirstPersonExampleMap_C' with ClassGeneratedBy '/Game/FirstPersonBP/Maps/FirstPersonExampleMap.FirstPersonExampleMap:PersistentLevel.FirstPersonExampleMap'
[2017.10.28-13.35.28:855][158]LogOnline: Display: OSS: FOnlineSubsystemNull::Shutdown()
[2017.10.28-13.35.28:856][158]LogOnline: Display: OSS: FOnlineAsyncTaskManager::Stop() ActiveTask:0000000000000000 Tasks[0/0]
[2017.10.28-13.35.28:856][158]LogOnline: Display: OSS: FOnlineAsyncTaskManager::Exit() started
[2017.10.28-13.35.28:856][158]LogOnline: Display: OSS: FOnlineAsyncTaskManager::Exit() finished
[2017.10.28-13.35.28:856][158]LogPlayLevel: Display: Shutting down PIE online subsystems
[2017.10.28-13.35.28:857][158]LogBlueprintUserMessages: Late EndPlayMap Detection: Level '/Game/FirstPersonBP/Maps/FirstPersonExampleMap.FirstPersonExampleMap:PersistentLevel' has LevelScriptBlueprint '/Game/FirstPersonBP/Maps/FirstPersonExampleMap.FirstPersonExampleMap:PersistentLevel.FirstPersonExampleMap' with GeneratedClass '/Game/FirstPersonBP/Maps/FirstPersonExampleMap.FirstPersonExampleMap_C' with ClassGeneratedBy '/Game/FirstPersonBP/Maps/FirstPersonExampleMap.FirstPersonExampleMap:PersistentLevel.FirstPersonExampleMap'
[2017.10.28-13.35.28:919][159]LogPlayLevel: Display: Destroying online subsystem :Context_14
[2017.10.28-13.35.28:920][159]LogOnline: Display: OSS: FOnlineSubsystemNull::Shutdown()
[2017.10.28-14.20.16:287][244]LogTemp: Executing iPhonePackager certificates Engine -bundlename com.YourCompany.HatTrick
[2017.10.28-14.20.16:287][244]LogTemp: CWD: C:\Program Files\Epic Games\UE_4.17\Engine\Binaries\DotNET\IOS
[2017.10.28-14.20.16:287][244]LogTemp: Initial Dir: C:\Program Files\Epic Games\UE_4.17
[2017.10.28-14.20.16:287][244]LogTemp: Env CWD: C:\Program Files\Epic Games\UE_4.17\Engine\Binaries\DotNET\IOS
[2017.10.28-14.20.16:287][244]LogTemp: BranchPath = VERHELSTJORIS/C/Program Files/Epic Games/UE_4.17/Engine/Binaries --- GameBranchPath = VERHELSTJORIS/C/Program Files/Epic Games/UE_4.17/Engine/Binaries
[2017.10.28-14.20.16:332][245]LogTemp: IPP ERROR: Could not find provision directory 'C:\Users\megaj_000\AppData\Local/Apple Computer/MobileDevice/Provisioning Profiles/'.
[2017.10.28-14.39.49:892][ 80]BlueprintLog: New page: Compile FirstPersonCharacter
[2017.10.28-14.39.49:970][ 80]LogBlueprint: Warning: [Compiler FirstPersonCharacter] InputAction Event references unknown Action 'ResetVR' for  InputAction ResetVR
[2017.10.28-14.39.49:974][ 80]LogBlueprint: Error: [Compiler FirstPersonCharacter] This blueprint (self) is not a SceneComponent, therefore ' Target ' must have a connection.
[2017.10.28-14.39.50:519][ 80]LogBlueprint: Warning: [Compiler FirstPersonCharacter] [7245.57] Compile of FirstPersonCharacter failed. 1 Fatal Issue(s) 1 Warning(s) [in 627 ms] (/Game/FirstPersonBP/Blueprints/FirstPersonCharacter.FirstPersonCharacter)
[2017.10.28-14.39.51:442][104]LogSavePackage: Save=173.41ms
[2017.10.28-14.39.51:442][104]LogSavePackage: Moving '../../../../../../Users/megaj_000/Desktop/Group Projects/SpaghettiArms/HatTrick/Saved/FirstPersonCharacterBF2EF069441D94925885678945C88626.tmp' to '../../../../../../Users/megaj_000/Desktop/Group Projects/SpaghettiArms/HatTrick/Content/FirstPersonBP/Blueprints/FirstPersonCharacter.uasset'
[2017.10.28-14.39.51:453][104]LogSavePackage: Display: Finished SavePackage ../../../../../../Users/megaj_000/Desktop/Group Projects/SpaghettiArms/HatTrick/Content/FirstPersonBP/Blueprints/FirstPersonCharacter.uasset
[2017.10.28-14.40.19:806][625]BlueprintLog: New page: Compile FirstPersonCharacter
[2017.10.28-14.40.21:223][649]LogSavePackage: Save=166.39ms
[2017.10.28-14.40.21:224][649]LogSavePackage: Moving '../../../../../../Users/megaj_000/Desktop/Group Projects/SpaghettiArms/HatTrick/Saved/FirstPersonCharacterDF819E1C472D8BC8FD810BA668C4CCC0.tmp' to '../../../../../../Users/megaj_000/Desktop/Group Projects/SpaghettiArms/HatTrick/Content/FirstPersonBP/Blueprints/FirstPersonCharacter.uasset'
[2017.10.28-14.40.21:232][649]LogSavePackage: Display: Finished SavePackage ../../../../../../Users/megaj_000/Desktop/Group Projects/SpaghettiArms/HatTrick/Content/FirstPersonBP/Blueprints/FirstPersonCharacter.uasset
[2017.10.28-14.40.52:804][550]BlueprintLog: New page: Compile FirstPersonCharacter
[2017.10.28-14.40.54:162][570]LogSavePackage: Save=157.03ms
[2017.10.28-14.40.54:162][570]LogSavePackage: Moving '../../../../../../Users/megaj_000/Desktop/Group Projects/SpaghettiArms/HatTrick/Saved/FirstPersonCharacter93A2642C47543C986478129099731985.tmp' to '../../../../../../Users/megaj_000/Desktop/Group Projects/SpaghettiArms/HatTrick/Content/FirstPersonBP/Blueprints/FirstPersonCharacter.uasset'
[2017.10.28-14.40.54:168][570]LogSavePackage: Display: Finished SavePackage ../../../../../../Users/megaj_000/Desktop/Group Projects/SpaghettiArms/HatTrick/Content/FirstPersonBP/Blueprints/FirstPersonCharacter.uasset
[2017.10.28-14.40.58:630][816]BlueprintLog: New page: Compile FirstPersonCharacter
[2017.10.28-14.40.59:814][824]LogSavePackage: Save=160.75ms
[2017.10.28-14.40.59:814][824]LogSavePackage: Moving '../../../../../../Users/megaj_000/Desktop/Group Projects/SpaghettiArms/HatTrick/Saved/FirstPersonCharacterAE7332614F250D5D810D6FAFA9F6CD6A.tmp' to '../../../../../../Users/megaj_000/Desktop/Group Projects/SpaghettiArms/HatTrick/Content/FirstPersonBP/Blueprints/FirstPersonCharacter.uasset'
[2017.10.28-14.40.59:817][824]LogSavePackage: Display: Finished SavePackage ../../../../../../Users/megaj_000/Desktop/Group Projects/SpaghettiArms/HatTrick/Content/FirstPersonBP/Blueprints/FirstPersonCharacter.uasset
[2017.10.28-14.41.08:597][524]LogBlueprintUserMessages: Early PlayInEditor Detection: Level '/Game/FirstPersonBP/Maps/FirstPersonExampleMap.FirstPersonExampleMap:PersistentLevel' has LevelScriptBlueprint '/Game/FirstPersonBP/Maps/FirstPersonExampleMap.FirstPersonExampleMap:PersistentLevel.FirstPersonExampleMap' with GeneratedClass '/Game/FirstPersonBP/Maps/FirstPersonExampleMap.FirstPersonExampleMap_C' with ClassGeneratedBy '/Game/FirstPersonBP/Maps/FirstPersonExampleMap.FirstPersonExampleMap:PersistentLevel.FirstPersonExampleMap'
[2017.10.28-14.41.08:597][524]LogPlayLevel: PlayLevel: No blueprints needed recompiling
[2017.10.28-14.41.08:608][524]PIE: New page: PIE session: FirstPersonExampleMap (28 Oct 2017 20:41:08)
[2017.10.28-14.41.08:608][524]LogPlayLevel: Creating play world package: /Game/FirstPersonBP/Maps/UEDPIE_1_FirstPersonExampleMap
[2017.10.28-14.41.08:646][524]LogPlayLevel: PIE: StaticDuplicateObject took: (0.037615s)
[2017.10.28-14.41.08:647][524]LogAIModule: Creating AISystem for world FirstPersonExampleMap
[2017.10.28-14.41.08:648][524]LogPlayLevel: PIE: World Init took: (0.001776s)
[2017.10.28-14.41.08:648][524]LogPlayLevel: PIE: Created PIE world by copying editor world from /Game/FirstPersonBP/Maps/FirstPersonExampleMap.FirstPersonExampleMap to /Game/FirstPersonBP/Maps/UEDPIE_1_FirstPersonExampleMap.FirstPersonExampleMap (0.039896s)
[2017.10.28-14.41.08:688][524]LogInit: XAudio2 using 'Luidsprekers (Logitech G633 Gaming Headset)' : 6 channels at 44.1 kHz using 16 bits per sample (channel mask 0x3f)
[2017.10.28-14.41.08:709][524]LogInit: FAudioDevice initialized.
[2017.10.28-14.41.08:788][524]LogLoad: Game class is 'FirstPersonGameMode_C'
[2017.10.28-14.41.08:795][524]LogWorld: Bringing World /Game/FirstPersonBP/Maps/UEDPIE_1_FirstPersonExampleMap.FirstPersonExampleMap up for play (max tick rate 0) at 2017.10.28-17.41.08
[2017.10.28-14.41.08:795][524]LogWorld: Bringing up level for play took: 0.005583
[2017.10.28-14.41.08:815][524]PIE: Play in editor start time for /Game/FirstPersonBP/Maps/UEDPIE_1_FirstPersonExampleMap 0.645
[2017.10.28-14.41.08:825][524]PIE: New page: PIE session: FirstPersonExampleMap (28 Oct 2017 20:41:08)
[2017.10.28-14.41.08:825][524]LogPlayLevel: Creating play world package: /Game/FirstPersonBP/Maps/UEDPIE_2_FirstPersonExampleMap
[2017.10.28-14.41.08:860][524]LogPlayLevel: PIE: StaticDuplicateObject took: (0.034886s)
[2017.10.28-14.41.08:861][524]LogAIModule: Creating AISystem for world FirstPersonExampleMap
[2017.10.28-14.41.08:861][524]LogPlayLevel: PIE: World Init took: (0.001065s)
[2017.10.28-14.41.08:861][524]LogPlayLevel: PIE: Created PIE world by copying editor world from /Game/FirstPersonBP/Maps/FirstPersonExampleMap.FirstPersonExampleMap to /Game/FirstPersonBP/Maps/UEDPIE_2_FirstPersonExampleMap.FirstPersonExampleMap (0.036323s)
[2017.10.28-14.41.08:963][524]LogLoad: Game class is 'FirstPersonGameMode_C'
[2017.10.28-14.41.08:969][524]LogWorld: Bringing World /Game/FirstPersonBP/Maps/UEDPIE_2_FirstPersonExampleMap.FirstPersonExampleMap up for play (max tick rate 0) at 2017.10.28-17.41.08
[2017.10.28-14.41.08:970][524]LogWorld: Bringing up level for play took: 0.005482
[2017.10.28-14.41.08:993][524]PIE: Play in editor start time for /Game/FirstPersonBP/Maps/UEDPIE_2_FirstPersonExampleMap 0.824
[2017.10.28-14.41.09:019][524]LogBlueprintUserMessages: Late PlayInEditor Detection: Level '/Game/FirstPersonBP/Maps/FirstPersonExampleMap.FirstPersonExampleMap:PersistentLevel' has LevelScriptBlueprint '/Game/FirstPersonBP/Maps/FirstPersonExampleMap.FirstPersonExampleMap:PersistentLevel.FirstPersonExampleMap' with GeneratedClass '/Game/FirstPersonBP/Maps/FirstPersonExampleMap.FirstPersonExampleMap_C' with ClassGeneratedBy '/Game/FirstPersonBP/Maps/FirstPersonExampleMap.FirstPersonExampleMap:PersistentLevel.FirstPersonExampleMap'
[2017.10.28-14.41.15:365][809]LogBlueprintUserMessages: Early EndPlayMap Detection: Level '/Game/FirstPersonBP/Maps/FirstPersonExampleMap.FirstPersonExampleMap:PersistentLevel' has LevelScriptBlueprint '/Game/FirstPersonBP/Maps/FirstPersonExampleMap.FirstPersonExampleMap:PersistentLevel.FirstPersonExampleMap' with GeneratedClass '/Game/FirstPersonBP/Maps/FirstPersonExampleMap.FirstPersonExampleMap_C' with ClassGeneratedBy '/Game/FirstPersonBP/Maps/FirstPersonExampleMap.FirstPersonExampleMap:PersistentLevel.FirstPersonExampleMap'
[2017.10.28-14.41.15:419][809]LogOnline: Display: OSS: FOnlineSubsystemNull::Shutdown()
[2017.10.28-14.41.15:419][809]LogOnline: Display: OSS: FOnlineAsyncTaskManager::Stop() ActiveTask:0000000000000000 Tasks[0/0]
[2017.10.28-14.41.15:443][809]LogOnline: Display: OSS: FOnlineAsyncTaskManager::Exit() started
[2017.10.28-14.41.15:443][809]LogOnline: Display: OSS: FOnlineAsyncTaskManager::Exit() finished
[2017.10.28-14.41.15:476][809]LogOnline: Display: OSS: FOnlineSubsystemNull::Shutdown()
[2017.10.28-14.41.15:476][809]LogOnline: Display: OSS: FOnlineAsyncTaskManager::Stop() ActiveTask:0000000000000000 Tasks[0/0]
[2017.10.28-14.41.15:478][809]LogOnline: Display: OSS: FOnlineAsyncTaskManager::Exit() started
[2017.10.28-14.41.15:478][809]LogOnline: Display: OSS: FOnlineAsyncTaskManager::Exit() finished
[2017.10.28-14.41.15:478][809]LogPlayLevel: Display: Shutting down PIE online subsystems
[2017.10.28-14.41.15:478][809]LogBlueprintUserMessages: Late EndPlayMap Detection: Level '/Game/FirstPersonBP/Maps/FirstPersonExampleMap.FirstPersonExampleMap:PersistentLevel' has LevelScriptBlueprint '/Game/FirstPersonBP/Maps/FirstPersonExampleMap.FirstPersonExampleMap:PersistentLevel.FirstPersonExampleMap' with GeneratedClass '/Game/FirstPersonBP/Maps/FirstPersonExampleMap.FirstPersonExampleMap_C' with ClassGeneratedBy '/Game/FirstPersonBP/Maps/FirstPersonExampleMap.FirstPersonExampleMap:PersistentLevel.FirstPersonExampleMap'
[2017.10.28-14.41.15:540][810]LogPlayLevel: Display: Destroying online subsystem :Context_20
[2017.10.28-14.41.15:540][810]LogOnline: Display: OSS: FOnlineSubsystemNull::Shutdown()
[2017.10.28-14.41.15:540][810]LogPlayLevel: Display: Destroying online subsystem :Context_19
[2017.10.28-14.41.15:540][810]LogOnline: Display: OSS: FOnlineSubsystemNull::Shutdown()
[2017.10.28-14.41.19:091][110]LogSavePackage: Save=118.69ms
[2017.10.28-14.41.19:091][110]LogSavePackage: Moving '../../../../../../Users/megaj_000/Desktop/Group Projects/SpaghettiArms/HatTrick/Saved/FirstPersonExampleMap3D8510E94CEE7B4D228659A1030587C6.tmp' to '../../../../../../Users/megaj_000/Desktop/Group Projects/SpaghettiArms/HatTrick/Content/FirstPersonBP/Maps/FirstPersonExampleMap.umap'
[2017.10.28-14.41.19:098][110]LogSavePackage: Display: Finished SavePackage ../../../../../../Users/megaj_000/Desktop/Group Projects/SpaghettiArms/HatTrick/Content/FirstPersonBP/Maps/FirstPersonExampleMap.umap
